/usr/local/lib/python3.11/dist-packages/torch/cuda/__init__.py:61: FutureWarning: The pynvml package is deprecated. Please install nvidia-ml-py instead. If you did not install pynvml directly, please report this to the maintainers of the package that installed pynvml for you.
  import pynvml  # type: ignore[import]
Gym has been unmaintained since 2022 and does not support NumPy 2.0 amongst other critical functionality.
Please upgrade to Gymnasium, the maintained drop-in replacement of Gym, or contact the authors of your software and request that they upgrade.
See the migration guide at https://gymnasium.farama.org/introduction/migration_guide/ for additional information.
2026-05-22 08:07:39.030889: I tensorflow/core/util/port.cc:153] oneDNN custom operations are on. You may see slightly different numerical results due to floating-point round-off errors from different computation orders. To turn them off, set the environment variable `TF_ENABLE_ONEDNN_OPTS=0`.
2026-05-22 08:07:39.038378: E external/local_xla/xla/stream_executor/cuda/cuda_fft.cc:467] Unable to register cuFFT factory: Attempting to register factory for plugin cuFFT when one has already been registered
WARNING: All log messages before absl::InitializeLog() is called are written to STDERR
E0000 00:00:1779437259.046932     169 cuda_dnn.cc:8579] Unable to register cuDNN factory: Attempting to register factory for plugin cuDNN when one has already been registered
E0000 00:00:1779437259.049469     169 cuda_blas.cc:1407] Unable to register cuBLAS factory: Attempting to register factory for plugin cuBLAS when one has already been registered
W0000 00:00:1779437259.056915     169 computation_placer.cc:177] computation placer already registered. Please check linkage and avoid linking the same target more than once.
W0000 00:00:1779437259.056927     169 computation_placer.cc:177] computation placer already registered. Please check linkage and avoid linking the same target more than once.
W0000 00:00:1779437259.056929     169 computation_placer.cc:177] computation placer already registered. Please check linkage and avoid linking the same target more than once.
W0000 00:00:1779437259.056931     169 computation_placer.cc:177] computation placer already registered. Please check linkage and avoid linking the same target more than once.
2026-05-22 08:07:39.059070: I tensorflow/core/platform/cpu_feature_guard.cc:210] This TensorFlow binary is optimized to use available CPU instructions in performance-critical operations.
To enable the following instructions: AVX2 AVX512F AVX512_VNNI AVX512_BF16 FMA, in other operations, rebuild TensorFlow with the appropriate compiler flags.
M5b faithful run: iters=1500 scenes=5000 worlds=24 α=0.0 β=0.01 (exact per-agent KL, differentiable)
Initialization finished
  [inject] scene injection ON: 24/24 worlds refreshed every 1 iter(s); pool=5000 scenes (/data_new/training/group_0)
  [β=0.01 W=24] it00: r_task=-0.367 r_h=-2.717 KL=3.235 H=7.625 pg=-0.078 vL=3.304 loss=+0.945 |g|=4.92
  [β=0.01 W=24] it01: r_task=-0.344 r_h=-2.372 KL=2.978 H=7.594 pg=-0.085 vL=4.003 loss=+1.145 |g|=10.82
  [β=0.01 W=24] it02: r_task=-0.370 r_h=-2.603 KL=3.279 H=7.570 pg=-0.091 vL=3.723 loss=+1.058 |g|=11.95
  [β=0.01 W=24] it03: r_task=-0.367 r_h=-2.764 KL=3.193 H=7.546 pg=-0.087 vL=3.715 loss=+1.059 |g|=16.86
  [β=0.01 W=24] it04: r_task=-0.410 r_h=-2.279 KL=3.194 H=7.512 pg=-0.085 vL=4.060 loss=+1.164 |g|=5.15
  [β=0.01 W=24] it05: r_task=-0.363 r_h=-2.300 KL=3.103 H=7.483 pg=-0.082 vL=4.127 loss=+1.187 |g|=16.83
  [β=0.01 W=24] it06: r_task=-0.376 r_h=-1.918 KL=3.304 H=7.468 pg=-0.090 vL=4.066 loss=+1.162 |g|=48.08
  [β=0.01 W=24] it07: r_task=-0.364 r_h=-2.012 KL=3.277 H=7.445 pg=-0.080 vL=3.897 loss=+1.122 |g|=17.52
  [β=0.01 W=24] it08: r_task=-0.341 r_h=-2.420 KL=3.320 H=7.411 pg=-0.067 vL=3.822 loss=+1.112 |g|=113.40
  [β=0.01 W=24] it09: r_task=-0.406 r_h=-2.519 KL=3.614 H=7.399 pg=-0.066 vL=3.911 loss=+1.143 |g|=66.65
  [β=0.01 W=24] it10: r_task=-0.355 r_h=-2.332 KL=3.349 H=7.375 pg=-0.068 vL=4.274 loss=+1.247 |g|=17.81
  [β=0.01 W=24] it11: r_task=-0.313 r_h=-2.697 KL=3.244 H=7.350 pg=-0.059 vL=3.706 loss=+1.084 |g|=57.26
  [β=0.01 W=24] it12: r_task=-0.368 r_h=-2.263 KL=3.265 H=7.327 pg=-0.070 vL=3.701 loss=+1.072 |g|=29.84
  [β=0.01 W=24] it13: r_task=-0.324 r_h=-2.539 KL=3.142 H=7.304 pg=-0.064 vL=4.083 loss=+1.192 |g|=23.58
  [β=0.01 W=24] it14: r_task=-0.361 r_h=-2.731 KL=3.405 H=7.301 pg=-0.078 vL=3.920 loss=+1.131 |g|=31.00
  [β=0.01 W=24] it15: r_task=-0.337 r_h=-2.273 KL=3.108 H=7.256 pg=-0.057 vL=4.267 loss=+1.254 |g|=15.51
  [β=0.01 W=24] it16: r_task=-0.307 r_h=-3.059 KL=3.350 H=7.232 pg=-0.061 vL=3.552 loss=+1.037 |g|=53.30
  [β=0.01 W=24] it17: r_task=-0.326 r_h=-2.707 KL=3.168 H=7.241 pg=-0.064 vL=3.918 loss=+1.143 |g|=96.80
  [β=0.01 W=24] it18: r_task=-0.339 r_h=-2.415 KL=3.540 H=7.201 pg=-0.062 vL=3.590 loss=+1.050 |g|=195.64
  [β=0.01 W=24] it19: r_task=-0.354 r_h=-2.893 KL=3.246 H=7.176 pg=-0.061 vL=3.852 loss=+1.126 |g|=107.48
  [β=0.01 W=24] it20: r_task=-0.347 r_h=-2.579 KL=3.303 H=7.161 pg=-0.064 vL=4.237 loss=+1.240 |g|=93.37
  [β=0.01 W=24] it21: r_task=-0.339 r_h=-2.431 KL=3.264 H=7.138 pg=-0.065 vL=3.967 loss=+1.157 |g|=84.80
  [β=0.01 W=24] it22: r_task=-0.369 r_h=-2.278 KL=3.242 H=7.091 pg=-0.059 vL=4.104 loss=+1.204 |g|=14.28
  [β=0.01 W=24] it23: r_task=-0.331 r_h=-1.726 KL=3.576 H=7.114 pg=-0.066 vL=3.579 loss=+1.043 |g|=22.14
  [β=0.01 W=24] it24: r_task=-0.351 r_h=-2.414 KL=3.497 H=7.049 pg=-0.067 vL=3.827 loss=+1.115 |g|=280.67
  [β=0.01 W=24] it25: r_task=-0.383 r_h=-2.538 KL=3.617 H=7.043 pg=-0.069 vL=3.917 loss=+1.141 |g|=38.84
  [β=0.01 W=24] it26: r_task=-0.292 r_h=-3.037 KL=3.363 H=6.955 pg=-0.058 vL=3.900 loss=+1.145 |g|=20.35
  [β=0.01 W=24] it27: r_task=-0.312 r_h=-2.405 KL=3.158 H=6.918 pg=-0.052 vL=3.665 loss=+1.078 |g|=65.48
  [β=0.01 W=24] it28: r_task=-0.336 r_h=-2.256 KL=3.402 H=6.977 pg=-0.072 vL=3.772 loss=+1.093 |g|=59.72
  [β=0.01 W=24] it29: r_task=-0.325 r_h=-2.801 KL=3.392 H=6.956 pg=-0.064 vL=3.396 loss=+0.988 |g|=32.24
  [β=0.01 W=24] it30: r_task=-0.314 r_h=-2.926 KL=3.340 H=6.849 pg=-0.061 vL=3.794 loss=+1.110 |g|=22.15
  [β=0.01 W=24] it31: r_task=-0.307 r_h=-2.683 KL=3.070 H=6.801 pg=-0.058 vL=3.833 loss=+1.122 |g|=23.85
  [β=0.01 W=24] it32: r_task=-0.310 r_h=-2.509 KL=3.594 H=6.840 pg=-0.051 vL=4.094 loss=+1.212 |g|=37.48
  [β=0.01 W=24] it33: r_task=-0.309 r_h=-2.925 KL=3.437 H=6.763 pg=-0.046 vL=3.547 loss=+1.052 |g|=44.93
  [β=0.01 W=24] it34: r_task=-0.262 r_h=-2.789 KL=3.188 H=6.644 pg=-0.050 vL=3.242 loss=+0.954 |g|=61.68
  [β=0.01 W=24] it35: r_task=-0.305 r_h=-2.901 KL=3.346 H=6.670 pg=-0.050 vL=4.027 loss=+1.191 |g|=45.48
  [β=0.01 W=24] it36: r_task=-0.260 r_h=-3.728 KL=3.305 H=6.590 pg=-0.045 vL=3.374 loss=+1.000 |g|=31.28
  [β=0.01 W=24] it37: r_task=-0.296 r_h=-2.064 KL=3.426 H=6.662 pg=-0.054 vL=3.824 loss=+1.126 |g|=203.51
  [β=0.01 W=24] it38: r_task=-0.297 r_h=-2.853 KL=3.191 H=6.657 pg=-0.057 vL=3.437 loss=+1.005 |g|=155.66
  [β=0.01 W=24] it39: r_task=-0.235 r_h=-3.390 KL=2.988 H=6.530 pg=-0.052 vL=3.017 loss=+0.883 |g|=30.63
  [β=0.01 W=24] it40: r_task=-0.316 r_h=-2.241 KL=3.303 H=6.689 pg=-0.050 vL=3.478 loss=+1.025 |g|=43.80
  [β=0.01 W=24] it41: r_task=-0.246 r_h=-2.744 KL=3.455 H=6.659 pg=-0.059 vL=3.211 loss=+0.938 |g|=25.50
  [β=0.01 W=24] it42: r_task=-0.297 r_h=-2.892 KL=3.408 H=6.651 pg=-0.050 vL=3.404 loss=+1.004 |g|=89.52
  [β=0.01 W=24] it43: r_task=-0.264 r_h=-2.738 KL=3.250 H=6.705 pg=-0.054 vL=3.246 loss=+0.952 |g|=59.06
  [β=0.01 W=24] it44: r_task=-0.248 r_h=-3.393 KL=3.166 H=6.669 pg=-0.049 vL=3.365 loss=+0.991 |g|=39.37
  [β=0.01 W=24] it45: r_task=-0.243 r_h=-3.245 KL=3.106 H=6.632 pg=-0.057 vL=3.223 loss=+0.940 |g|=83.47
  [β=0.01 W=24] it46: r_task=-0.352 r_h=-2.426 KL=3.402 H=6.734 pg=-0.067 vL=3.879 loss=+1.131 |g|=69.69
  [β=0.01 W=24] it47: r_task=-0.254 r_h=-2.800 KL=3.407 H=6.592 pg=-0.053 vL=3.244 loss=+0.954 |g|=97.72
  [β=0.01 W=24] it48: r_task=-0.276 r_h=-2.390 KL=3.332 H=6.539 pg=-0.043 vL=3.873 loss=+1.152 |g|=4.10
  [β=0.01 W=24] it49: r_task=-0.299 r_h=-2.413 KL=3.285 H=6.521 pg=-0.062 vL=4.074 loss=+1.193 |g|=107.22
  [β=0.01 W=24] it50: r_task=-0.258 r_h=-2.654 KL=3.355 H=6.432 pg=-0.037 vL=3.695 loss=+1.105 |g|=22.10
  [β=0.01 W=24] it51: r_task=-0.234 r_h=-2.815 KL=3.282 H=6.474 pg=-0.059 vL=3.199 loss=+0.933 |g|=19.51
  [β=0.01 W=24] it52: r_task=-0.309 r_h=-2.387 KL=3.595 H=6.568 pg=-0.050 vL=3.468 loss=+1.025 |g|=80.74
  [β=0.01 W=24] it53: r_task=-0.282 r_h=-2.696 KL=3.431 H=6.566 pg=-0.054 vL=3.916 loss=+1.155 |g|=27.03
  [β=0.01 W=24] it54: r_task=-0.304 r_h=-2.498 KL=3.289 H=6.427 pg=-0.049 vL=3.711 loss=+1.096 |g|=44.60
  [β=0.01 W=24] it55: r_task=-0.227 r_h=-2.680 KL=3.127 H=6.330 pg=-0.040 vL=3.170 loss=+0.942 |g|=29.42
  [β=0.01 W=24] it56: r_task=-0.228 r_h=-2.591 KL=3.177 H=6.331 pg=-0.055 vL=2.907 loss=+0.848 |g|=11.33
  [β=0.01 W=24] it57: r_task=-0.241 r_h=-2.764 KL=3.257 H=6.217 pg=-0.038 vL=2.988 loss=+0.890 |g|=82.03
  [β=0.01 W=24] it58: r_task=-0.287 r_h=-2.745 KL=3.412 H=6.366 pg=-0.052 vL=3.629 loss=+1.070 |g|=60.50
  [β=0.01 W=24] it59: r_task=-0.261 r_h=-2.367 KL=3.234 H=6.381 pg=-0.047 vL=3.327 loss=+0.982 |g|=19.70
  [β=0.01 W=24] it60: r_task=-0.271 r_h=-2.875 KL=3.274 H=6.378 pg=-0.035 vL=3.503 loss=+1.048 |g|=30.12
  [β=0.01 W=24] it61: r_task=-0.229 r_h=-2.935 KL=3.282 H=6.261 pg=-0.038 vL=3.382 loss=+1.009 |g|=89.22
  [β=0.01 W=24] it62: r_task=-0.241 r_h=-2.766 KL=3.296 H=6.269 pg=-0.052 vL=3.393 loss=+0.998 |g|=28.15
  [β=0.01 W=24] it63: r_task=-0.240 r_h=-2.646 KL=3.240 H=6.273 pg=-0.054 vL=3.354 loss=+0.985 |g|=239.56
  [β=0.01 W=24] it64: r_task=-0.256 r_h=-2.495 KL=3.231 H=6.321 pg=-0.055 vL=3.308 loss=+0.969 |g|=14.24
  [β=0.01 W=24] it65: r_task=-0.210 r_h=-2.592 KL=3.516 H=6.298 pg=-0.055 vL=2.885 loss=+0.846 |g|=59.16
  [β=0.01 W=24] it66: r_task=-0.244 r_h=-2.608 KL=3.196 H=6.131 pg=-0.045 vL=3.566 loss=+1.056 |g|=96.40
  [β=0.01 W=24] it67: r_task=-0.149 r_h=-3.414 KL=2.942 H=6.058 pg=-0.036 vL=2.259 loss=+0.670 |g|=62.21
  [β=0.01 W=24] it68: r_task=-0.246 r_h=-2.158 KL=3.491 H=6.471 pg=-0.054 vL=3.123 loss=+0.917 |g|=30.09
  [β=0.01 W=24] it69: r_task=-0.223 r_h=-3.461 KL=3.174 H=6.329 pg=-0.050 vL=2.911 loss=+0.855 |g|=21.77
  [β=0.01 W=24] it70: r_task=-0.264 r_h=-3.100 KL=3.252 H=6.321 pg=-0.043 vL=3.401 loss=+1.009 |g|=17.54
  [β=0.01 W=24] it71: r_task=-0.254 r_h=-2.769 KL=3.439 H=6.383 pg=-0.043 vL=3.017 loss=+0.896 |g|=13.10
  [β=0.01 W=24] it72: r_task=-0.251 r_h=-2.119 KL=3.222 H=6.439 pg=-0.048 vL=3.387 loss=+0.999 |g|=68.36
  [β=0.01 W=24] it73: r_task=-0.176 r_h=-3.816 KL=3.137 H=6.232 pg=-0.042 vL=2.521 loss=+0.745 |g|=9.64
  [β=0.01 W=24] it74: r_task=-0.217 r_h=-3.477 KL=3.066 H=6.111 pg=-0.040 vL=2.925 loss=+0.868 |g|=13.46
  [β=0.01 W=24] it75: r_task=-0.204 r_h=-2.573 KL=3.296 H=6.060 pg=-0.034 vL=3.182 loss=+0.953 |g|=361.26
  [β=0.01 W=24] it76: r_task=-0.223 r_h=-3.347 KL=3.308 H=6.065 pg=-0.043 vL=3.410 loss=+1.013 |g|=50.50
  [β=0.01 W=24] it77: r_task=-0.225 r_h=-3.106 KL=3.227 H=6.045 pg=-0.041 vL=3.001 loss=+0.891 |g|=10.05
  [β=0.01 W=24] it78: r_task=-0.158 r_h=-3.302 KL=2.857 H=6.035 pg=-0.041 vL=2.424 loss=+0.714 |g|=75.86
  [β=0.01 W=24] it79: r_task=-0.223 r_h=-3.639 KL=3.020 H=6.123 pg=-0.037 vL=2.949 loss=+0.877 |g|=91.77
  [β=0.01 W=24] it80: r_task=-0.260 r_h=-2.788 KL=3.250 H=6.193 pg=-0.049 vL=3.075 loss=+0.904 |g|=57.23
  [β=0.01 W=24] it81: r_task=-0.251 r_h=-2.896 KL=3.152 H=6.201 pg=-0.045 vL=3.311 loss=+0.979 |g|=29.44
  [β=0.01 W=24] it82: r_task=-0.213 r_h=-2.703 KL=3.015 H=6.238 pg=-0.040 vL=3.102 loss=+0.920 |g|=83.66
  [β=0.01 W=24] it83: r_task=-0.266 r_h=-2.279 KL=3.248 H=6.307 pg=-0.051 vL=3.141 loss=+0.923 |g|=59.02
  [β=0.01 W=24] it84: r_task=-0.279 r_h=-2.650 KL=3.229 H=6.218 pg=-0.044 vL=3.770 loss=+1.119 |g|=6.91
  [β=0.01 W=24] it85: r_task=-0.152 r_h=-2.681 KL=2.945 H=6.158 pg=-0.044 vL=2.199 loss=+0.644 |g|=30.43
  [β=0.01 W=24] it86: r_task=-0.232 r_h=-2.421 KL=3.071 H=6.116 pg=-0.037 vL=3.327 loss=+0.991 |g|=32.18
  [β=0.01 W=24] it87: r_task=-0.250 r_h=-3.254 KL=3.101 H=6.219 pg=-0.051 vL=3.504 loss=+1.030 |g|=16.82
  [β=0.01 W=24] it88: r_task=-0.176 r_h=-2.846 KL=3.092 H=6.232 pg=-0.044 vL=2.554 loss=+0.753 |g|=13.56
  [β=0.01 W=24] it89: r_task=-0.238 r_h=-2.944 KL=3.267 H=6.238 pg=-0.041 vL=3.394 loss=+1.010 |g|=20.31
  [β=0.01 W=24] it90: r_task=-0.216 r_h=-3.020 KL=3.160 H=6.344 pg=-0.047 vL=2.810 loss=+0.828 |g|=17.09
  [β=0.01 W=24] it91: r_task=-0.168 r_h=-2.987 KL=2.868 H=6.222 pg=-0.047 vL=2.443 loss=+0.714 |g|=26.70
  [β=0.01 W=24] it92: r_task=-0.208 r_h=-2.250 KL=2.911 H=6.172 pg=-0.046 vL=2.797 loss=+0.822 |g|=54.02
  [β=0.01 W=24] it93: r_task=-0.169 r_h=-2.494 KL=3.050 H=6.111 pg=-0.031 vL=2.337 loss=+0.700 |g|=8.84
  [β=0.01 W=24] it94: r_task=-0.201 r_h=-2.988 KL=3.017 H=6.083 pg=-0.047 vL=2.886 loss=+0.849 |g|=52.68
  [β=0.01 W=24] it95: r_task=-0.193 r_h=-2.858 KL=3.052 H=6.168 pg=-0.047 vL=3.154 loss=+0.928 |g|=77.54
  [β=0.01 W=24] it96: r_task=-0.200 r_h=-3.132 KL=3.124 H=6.164 pg=-0.047 vL=2.753 loss=+0.810 |g|=49.18
  [β=0.01 W=24] it97: r_task=-0.192 r_h=-2.852 KL=2.902 H=6.110 pg=-0.042 vL=2.849 loss=+0.841 |g|=71.24
  [β=0.01 W=24] it98: r_task=-0.241 r_h=-2.717 KL=3.254 H=6.206 pg=-0.052 vL=3.307 loss=+0.972 |g|=90.91
  [β=0.01 W=24] it99: r_task=-0.203 r_h=-2.790 KL=2.839 H=6.036 pg=-0.031 vL=2.943 loss=+0.880 |g|=26.58
  [β=0.01 W=24] it100: r_task=-0.194 r_h=-2.848 KL=3.031 H=6.046 pg=-0.041 vL=2.583 loss=+0.764 |g|=43.19
  [β=0.01 W=24] it101: r_task=-0.188 r_h=-2.399 KL=3.010 H=6.116 pg=-0.044 vL=3.025 loss=+0.893 |g|=12.49
  [β=0.01 W=24] it102: r_task=-0.162 r_h=-2.653 KL=2.997 H=6.105 pg=-0.047 vL=2.628 loss=+0.770 |g|=40.11
  [β=0.01 W=24] it103: r_task=-0.206 r_h=-3.633 KL=2.927 H=6.144 pg=-0.041 vL=2.888 loss=+0.855 |g|=30.24
  [β=0.01 W=24] it104: r_task=-0.194 r_h=-2.106 KL=3.173 H=6.141 pg=-0.042 vL=2.824 loss=+0.836 |g|=9.42
  [β=0.01 W=24] it105: r_task=-0.185 r_h=-2.707 KL=3.149 H=6.117 pg=-0.045 vL=2.638 loss=+0.777 |g|=36.13
  [β=0.01 W=24] it106: r_task=-0.213 r_h=-2.497 KL=3.186 H=6.140 pg=-0.044 vL=2.892 loss=+0.855 |g|=3.77
  [β=0.01 W=24] it107: r_task=-0.212 r_h=-2.865 KL=3.014 H=6.189 pg=-0.048 vL=3.301 loss=+0.972 |g|=27.95
  [β=0.01 W=24] it108: r_task=-0.178 r_h=-3.010 KL=2.769 H=6.158 pg=-0.043 vL=2.559 loss=+0.752 |g|=11.81
  [β=0.01 W=24] it109: r_task=-0.167 r_h=-3.149 KL=2.851 H=6.129 pg=-0.046 vL=2.499 loss=+0.732 |g|=30.75
  [β=0.01 W=24] it110: r_task=-0.144 r_h=-2.740 KL=2.614 H=6.080 pg=-0.047 vL=2.373 loss=+0.690 |g|=18.71
  [β=0.01 W=24] it111: r_task=-0.244 r_h=-2.581 KL=2.940 H=6.234 pg=-0.044 vL=3.465 loss=+1.024 |g|=23.95
  [β=0.01 W=24] it112: r_task=-0.191 r_h=-3.206 KL=2.881 H=6.236 pg=-0.045 vL=2.785 loss=+0.819 |g|=26.31
  [β=0.01 W=24] it113: r_task=-0.223 r_h=-2.943 KL=2.822 H=6.216 pg=-0.044 vL=3.034 loss=+0.894 |g|=29.55
  [β=0.01 W=24] it114: r_task=-0.189 r_h=-2.920 KL=2.908 H=6.052 pg=-0.046 vL=2.838 loss=+0.834 |g|=21.45
  [β=0.01 W=24] it115: r_task=-0.167 r_h=-2.830 KL=2.898 H=5.998 pg=-0.039 vL=2.663 loss=+0.789 |g|=48.70
  [β=0.01 W=24] it116: r_task=-0.178 r_h=-2.478 KL=2.990 H=6.015 pg=-0.047 vL=2.693 loss=+0.791 |g|=48.61
  [β=0.01 W=24] it117: r_task=-0.134 r_h=-3.149 KL=2.625 H=5.866 pg=-0.043 vL=2.092 loss=+0.610 |g|=43.68
  [β=0.01 W=24] it118: r_task=-0.196 r_h=-2.903 KL=2.978 H=6.065 pg=-0.054 vL=2.762 loss=+0.804 |g|=11.88
  [β=0.01 W=24] it119: r_task=-0.185 r_h=-2.923 KL=3.029 H=6.180 pg=-0.044 vL=2.747 loss=+0.809 |g|=31.10
  [β=0.01 W=24] it120: r_task=-0.134 r_h=-3.589 KL=2.647 H=5.958 pg=-0.031 vL=2.163 loss=+0.644 |g|=13.80
  [β=0.01 W=24] it121: r_task=-0.160 r_h=-2.784 KL=2.650 H=5.988 pg=-0.050 vL=2.315 loss=+0.670 |g|=33.07
  [β=0.01 W=24] it122: r_task=-0.161 r_h=-2.606 KL=3.019 H=5.971 pg=-0.043 vL=2.472 loss=+0.728 |g|=42.37
  [β=0.01 W=24] it123: r_task=-0.209 r_h=-2.989 KL=2.898 H=5.970 pg=-0.044 vL=3.338 loss=+0.986 |g|=36.40
  [β=0.01 W=24] it124: r_task=-0.160 r_h=-2.525 KL=2.874 H=5.989 pg=-0.039 vL=2.528 loss=+0.748 |g|=9.12
  [β=0.01 W=24] it125: r_task=-0.132 r_h=-2.816 KL=2.753 H=5.835 pg=-0.040 vL=1.990 loss=+0.584 |g|=48.15
  [β=0.01 W=24] it126: r_task=-0.160 r_h=-2.803 KL=2.803 H=5.804 pg=-0.035 vL=2.221 loss=+0.659 |g|=18.51
  [β=0.01 W=24] it127: r_task=-0.152 r_h=-2.495 KL=2.814 H=5.709 pg=-0.039 vL=2.367 loss=+0.699 |g|=84.03
  [β=0.01 W=24] it128: r_task=-0.179 r_h=-2.250 KL=2.921 H=5.990 pg=-0.041 vL=2.812 loss=+0.831 |g|=40.76
  [β=0.01 W=24] it129: r_task=-0.145 r_h=-3.095 KL=2.556 H=5.823 pg=-0.039 vL=2.175 loss=+0.639 |g|=22.57
  [β=0.01 W=24] it130: r_task=-0.205 r_h=-2.527 KL=2.795 H=5.887 pg=-0.037 vL=2.770 loss=+0.821 |g|=20.96
  [β=0.01 W=24] it131: r_task=-0.132 r_h=-2.834 KL=2.752 H=5.780 pg=-0.040 vL=2.380 loss=+0.701 |g|=15.70
  [β=0.01 W=24] it132: r_task=-0.104 r_h=-3.144 KL=2.571 H=5.563 pg=-0.038 vL=1.790 loss=+0.524 |g|=25.65
  [β=0.01 W=24] it133: r_task=-0.204 r_h=-2.517 KL=3.156 H=5.975 pg=-0.044 vL=2.800 loss=+0.826 |g|=34.41
  [β=0.01 W=24] it134: r_task=-0.128 r_h=-3.120 KL=2.690 H=5.596 pg=-0.037 vL=2.265 loss=+0.668 |g|=78.65
  [β=0.01 W=24] it135: r_task=-0.134 r_h=-2.620 KL=2.714 H=5.823 pg=-0.044 vL=2.151 loss=+0.628 |g|=78.05
  [β=0.01 W=24] it136: r_task=-0.162 r_h=-2.674 KL=2.792 H=5.704 pg=-0.035 vL=2.408 loss=+0.714 |g|=147.26
  [β=0.01 W=24] it137: r_task=-0.101 r_h=-3.076 KL=2.616 H=5.627 pg=-0.033 vL=1.637 loss=+0.483 |g|=20.97
  [β=0.01 W=24] it138: r_task=-0.096 r_h=-3.461 KL=2.613 H=5.647 pg=-0.040 vL=1.752 loss=+0.511 |g|=8.17
  [β=0.01 W=24] it139: r_task=-0.136 r_h=-2.110 KL=2.782 H=5.885 pg=-0.039 vL=2.336 loss=+0.689 |g|=29.10
  [β=0.01 W=24] it140: r_task=-0.143 r_h=-2.357 KL=2.638 H=5.803 pg=-0.036 vL=2.335 loss=+0.691 |g|=21.31
  [β=0.01 W=24] it141: r_task=-0.124 r_h=-3.291 KL=2.458 H=5.759 pg=-0.033 vL=1.811 loss=+0.534 |g|=9.49
  [β=0.01 W=24] it142: r_task=-0.119 r_h=-3.542 KL=2.636 H=5.665 pg=-0.033 vL=2.145 loss=+0.637 |g|=32.73
  [β=0.01 W=24] it143: r_task=-0.145 r_h=-3.175 KL=2.656 H=5.625 pg=-0.030 vL=2.442 loss=+0.729 |g|=12.35
  [β=0.01 W=24] it144: r_task=-0.159 r_h=-2.649 KL=2.763 H=5.718 pg=-0.038 vL=2.191 loss=+0.646 |g|=3.75
  [β=0.01 W=24] it145: r_task=-0.077 r_h=-2.954 KL=2.312 H=5.467 pg=-0.033 vL=1.326 loss=+0.388 |g|=14.64
  [β=0.01 W=24] it146: r_task=-0.117 r_h=-2.879 KL=2.516 H=5.534 pg=-0.032 vL=1.806 loss=+0.534 |g|=26.31
  [β=0.01 W=24] it147: r_task=-0.109 r_h=-3.407 KL=2.416 H=5.467 pg=-0.033 vL=1.649 loss=+0.485 |g|=11.12
  [β=0.01 W=24] it148: r_task=-0.130 r_h=-3.043 KL=2.500 H=5.528 pg=-0.030 vL=2.156 loss=+0.642 |g|=25.53
  [β=0.01 W=24] it149: r_task=-0.084 r_h=-2.513 KL=2.462 H=5.426 pg=-0.035 vL=1.363 loss=+0.398 |g|=21.04
  [β=0.01 W=24] it150: r_task=-0.082 r_h=-3.352 KL=2.482 H=5.358 pg=-0.033 vL=1.539 loss=+0.453 |g|=33.63
  [β=0.01 W=24] it151: r_task=-0.091 r_h=-2.119 KL=2.559 H=5.399 pg=-0.032 vL=1.684 loss=+0.499 |g|=20.78
  [β=0.01 W=24] it152: r_task=-0.102 r_h=-3.728 KL=2.412 H=5.390 pg=-0.033 vL=1.768 loss=+0.521 |g|=7.95
  [β=0.01 W=24] it153: r_task=-0.090 r_h=-2.100 KL=2.490 H=5.394 pg=-0.027 vL=1.562 loss=+0.465 |g|=39.31
  [β=0.01 W=24] it154: r_task=-0.110 r_h=-2.778 KL=2.549 H=5.428 pg=-0.034 vL=1.823 loss=+0.538 |g|=9.73
  [β=0.01 W=24] it155: r_task=-0.114 r_h=-2.921 KL=2.587 H=5.516 pg=-0.030 vL=1.648 loss=+0.490 |g|=8.92
  [β=0.01 W=24] it156: r_task=-0.092 r_h=-3.561 KL=2.323 H=5.452 pg=-0.025 vL=1.482 loss=+0.442 |g|=8.47
  [β=0.01 W=24] it157: r_task=-0.089 r_h=-3.196 KL=2.272 H=5.500 pg=-0.031 vL=1.593 loss=+0.469 |g|=15.38
  [β=0.01 W=24] it158: r_task=-0.162 r_h=-2.275 KL=2.612 H=5.657 pg=-0.034 vL=2.143 loss=+0.635 |g|=8.72
  [β=0.01 W=24] it159: r_task=-0.121 r_h=-2.875 KL=2.596 H=5.663 pg=-0.040 vL=1.906 loss=+0.558 |g|=11.89
  [β=0.01 W=24] it160: r_task=-0.069 r_h=-2.795 KL=2.339 H=5.439 pg=-0.032 vL=1.164 loss=+0.341 |g|=5.46
  [β=0.01 W=24] it161: r_task=-0.104 r_h=-2.661 KL=2.525 H=5.397 pg=-0.038 vL=1.819 loss=+0.533 |g|=51.69
  [β=0.01 W=24] it162: r_task=-0.065 r_h=-3.385 KL=2.239 H=5.275 pg=-0.031 vL=1.077 loss=+0.314 |g|=9.30
  [β=0.01 W=24] it163: r_task=-0.099 r_h=-3.249 KL=2.519 H=5.382 pg=-0.035 vL=1.555 loss=+0.457 |g|=27.72
  [β=0.01 W=24] it164: r_task=-0.099 r_h=-2.438 KL=2.518 H=5.413 pg=-0.030 vL=1.462 loss=+0.433 |g|=26.49
  [β=0.01 W=24] it165: r_task=-0.055 r_h=-2.991 KL=2.248 H=5.293 pg=-0.024 vL=1.036 loss=+0.309 |g|=18.32
  [β=0.01 W=24] it166: r_task=-0.054 r_h=-3.149 KL=2.219 H=5.065 pg=-0.028 vL=0.881 loss=+0.258 |g|=9.04
  [β=0.01 W=24] it167: r_task=-0.064 r_h=-3.567 KL=2.177 H=5.179 pg=-0.023 vL=1.045 loss=+0.312 |g|=7.12
  [β=0.01 W=24] it168: r_task=-0.111 r_h=-2.591 KL=2.481 H=5.263 pg=-0.034 vL=1.742 loss=+0.513 |g|=2.21
  [β=0.01 W=24] it169: r_task=-0.085 r_h=-2.700 KL=2.473 H=5.073 pg=-0.034 vL=1.438 loss=+0.421 |g|=7.56
  [β=0.01 W=24] it170: r_task=-0.075 r_h=-3.452 KL=2.324 H=5.077 pg=-0.026 vL=1.334 loss=+0.397 |g|=7.68
  [β=0.01 W=24] it171: r_task=-0.054 r_h=-2.833 KL=2.087 H=5.072 pg=-0.025 vL=0.907 loss=+0.268 |g|=9.68
  [β=0.01 W=24] it172: r_task=-0.111 r_h=-3.181 KL=2.438 H=5.213 pg=-0.028 vL=1.872 loss=+0.557 |g|=24.69
  [β=0.01 W=24] it173: r_task=-0.082 r_h=-2.932 KL=2.201 H=5.259 pg=-0.023 vL=1.532 loss=+0.458 |g|=23.55
  [β=0.01 W=24] it174: r_task=-0.076 r_h=-3.238 KL=2.336 H=5.223 pg=-0.027 vL=1.350 loss=+0.401 |g|=14.09
  [β=0.01 W=24] it175: r_task=-0.050 r_h=-3.799 KL=2.122 H=5.257 pg=-0.030 vL=0.825 loss=+0.238 |g|=14.91
  [β=0.01 W=24] it176: r_task=-0.110 r_h=-3.428 KL=2.325 H=5.380 pg=-0.029 vL=1.731 loss=+0.513 |g|=13.97
  [β=0.01 W=24] it177: r_task=-0.060 r_h=-3.048 KL=2.049 H=5.283 pg=-0.034 vL=1.025 loss=+0.294 |g|=4.98
  [β=0.01 W=24] it178: r_task=-0.085 r_h=-1.833 KL=2.327 H=5.387 pg=-0.041 vL=1.205 loss=+0.344 |g|=16.59
  [β=0.01 W=24] it179: r_task=-0.064 r_h=-3.393 KL=2.026 H=5.226 pg=-0.028 vL=1.095 loss=+0.320 |g|=5.33
  [β=0.01 W=24] it180: r_task=-0.089 r_h=-2.566 KL=2.160 H=5.360 pg=-0.029 vL=1.564 loss=+0.461 |g|=5.30
  [β=0.01 W=24] it181: r_task=-0.074 r_h=-2.652 KL=2.183 H=5.276 pg=-0.034 vL=1.159 loss=+0.335 |g|=6.59
  [β=0.01 W=24] it182: r_task=-0.043 r_h=-3.160 KL=2.019 H=5.201 pg=-0.025 vL=0.786 loss=+0.231 |g|=12.56
  [β=0.01 W=24] it183: r_task=-0.075 r_h=-3.113 KL=2.195 H=5.164 pg=-0.026 vL=1.408 loss=+0.418 |g|=8.94
  [β=0.01 W=24] it184: r_task=-0.068 r_h=-2.805 KL=2.080 H=5.151 pg=-0.026 vL=1.227 loss=+0.362 |g|=10.71
  [β=0.01 W=24] it185: r_task=-0.105 r_h=-2.567 KL=2.410 H=5.252 pg=-0.034 vL=1.717 loss=+0.504 |g|=6.22
  [β=0.01 W=24] it186: r_task=-0.065 r_h=-3.168 KL=2.069 H=5.260 pg=-0.033 vL=1.126 loss=+0.325 |g|=8.76
  [β=0.01 W=24] it187: r_task=-0.108 r_h=-2.673 KL=2.271 H=5.426 pg=-0.031 vL=1.627 loss=+0.479 |g|=2.82
  [β=0.01 W=24] it188: r_task=-0.064 r_h=-2.835 KL=2.030 H=5.300 pg=-0.030 vL=1.168 loss=+0.341 |g|=16.20
  [β=0.01 W=24] it189: r_task=-0.075 r_h=-3.129 KL=2.266 H=5.345 pg=-0.029 vL=1.318 loss=+0.388 |g|=3.37
  [β=0.01 W=24] it190: r_task=-0.059 r_h=-3.634 KL=2.041 H=5.347 pg=-0.029 vL=1.102 loss=+0.322 |g|=9.17
  [β=0.01 W=24] it191: r_task=-0.085 r_h=-3.334 KL=2.223 H=5.407 pg=-0.028 vL=1.362 loss=+0.402 |g|=6.80
  [β=0.01 W=24] it192: r_task=-0.087 r_h=-3.294 KL=2.184 H=5.487 pg=-0.033 vL=1.441 loss=+0.421 |g|=4.17
  [β=0.01 W=24] it193: r_task=-0.128 r_h=-2.711 KL=2.424 H=5.484 pg=-0.033 vL=2.152 loss=+0.636 |g|=11.18
  [β=0.01 W=24] it194: r_task=-0.124 r_h=-2.933 KL=2.491 H=5.510 pg=-0.030 vL=1.993 loss=+0.593 |g|=54.43
  [β=0.01 W=24] it195: r_task=-0.106 r_h=-3.432 KL=2.445 H=5.482 pg=-0.034 vL=1.740 loss=+0.512 |g|=17.54
  [β=0.01 W=24] it196: r_task=-0.086 r_h=-2.853 KL=2.188 H=5.381 pg=-0.029 vL=1.520 loss=+0.448 |g|=10.23
  [β=0.01 W=24] it197: r_task=-0.072 r_h=-3.362 KL=2.170 H=5.405 pg=-0.026 vL=1.237 loss=+0.367 |g|=12.58
  [β=0.01 W=24] it198: r_task=-0.094 r_h=-2.311 KL=2.094 H=5.382 pg=-0.035 vL=1.736 loss=+0.506 |g|=10.95
  [β=0.01 W=24] it199: r_task=-0.070 r_h=-2.706 KL=2.034 H=5.397 pg=-0.022 vL=1.314 loss=+0.392 |g|=18.47
  [β=0.01 W=24] it200: r_task=-0.117 r_h=-3.432 KL=2.415 H=5.498 pg=-0.028 vL=2.001 loss=+0.596 |g|=46.83
  [β=0.01 W=24] it201: r_task=-0.068 r_h=-3.877 KL=2.116 H=5.420 pg=-0.026 vL=1.196 loss=+0.353 |g|=1.22
  [β=0.01 W=24] it202: r_task=-0.082 r_h=-2.803 KL=2.183 H=5.430 pg=-0.032 vL=1.426 loss=+0.417 |g|=7.46
  [β=0.01 W=24] it203: r_task=-0.080 r_h=-2.864 KL=2.233 H=5.450 pg=-0.030 vL=1.324 loss=+0.389 |g|=11.02
  [β=0.01 W=24] it204: r_task=-0.120 r_h=-3.025 KL=2.423 H=5.439 pg=-0.036 vL=1.802 loss=+0.528 |g|=12.40
  [β=0.01 W=24] it205: r_task=-0.096 r_h=-3.123 KL=2.224 H=5.368 pg=-0.027 vL=1.513 loss=+0.449 |g|=9.25
  [β=0.01 W=24] it206: r_task=-0.084 r_h=-2.607 KL=2.183 H=5.348 pg=-0.029 vL=1.416 loss=+0.417 |g|=15.12
  [β=0.01 W=24] it207: r_task=-0.104 r_h=-2.672 KL=2.312 H=5.349 pg=-0.035 vL=1.526 loss=+0.445 |g|=10.33
  [β=0.01 W=24] it208: r_task=-0.044 r_h=-2.824 KL=1.986 H=5.298 pg=-0.028 vL=0.784 loss=+0.227 |g|=7.37
  [β=0.01 W=24] it209: r_task=-0.066 r_h=-2.680 KL=2.054 H=5.243 pg=-0.028 vL=1.083 loss=+0.317 |g|=7.30
  [β=0.01 W=24] it210: r_task=-0.070 r_h=-3.627 KL=1.964 H=5.289 pg=-0.028 vL=1.318 loss=+0.387 |g|=11.65
  [β=0.01 W=24] it211: r_task=-0.062 r_h=-3.177 KL=2.013 H=5.317 pg=-0.030 vL=1.058 loss=+0.307 |g|=9.52
  [β=0.01 W=24] it212: r_task=-0.080 r_h=-3.064 KL=2.009 H=5.255 pg=-0.029 vL=1.272 loss=+0.373 |g|=6.64
  [β=0.01 W=24] it213: r_task=-0.066 r_h=-3.827 KL=2.158 H=5.174 pg=-0.029 vL=1.212 loss=+0.356 |g|=7.09
  [β=0.01 W=24] it214: r_task=-0.042 r_h=-3.286 KL=1.962 H=5.290 pg=-0.028 vL=0.805 loss=+0.233 |g|=6.25
  [β=0.01 W=24] it215: r_task=-0.052 r_h=-2.516 KL=2.003 H=5.385 pg=-0.031 vL=0.832 loss=+0.239 |g|=3.06
  [β=0.01 W=24] it216: r_task=-0.075 r_h=-2.918 KL=2.239 H=5.390 pg=-0.022 vL=1.181 loss=+0.354 |g|=7.76
  [β=0.01 W=24] it217: r_task=-0.075 r_h=-3.294 KL=2.132 H=5.414 pg=-0.030 vL=1.071 loss=+0.312 |g|=6.73
  [β=0.01 W=24] it218: r_task=-0.079 r_h=-2.834 KL=2.083 H=5.350 pg=-0.032 vL=1.364 loss=+0.397 |g|=15.13
  [β=0.01 W=24] it219: r_task=-0.093 r_h=-3.352 KL=2.318 H=5.321 pg=-0.028 vL=1.575 loss=+0.468 |g|=4.64
  [β=0.01 W=24] it220: r_task=-0.081 r_h=-2.255 KL=2.315 H=5.390 pg=-0.029 vL=1.438 loss=+0.424 |g|=17.50
  [β=0.01 W=24] it221: r_task=-0.080 r_h=-2.435 KL=2.173 H=5.413 pg=-0.032 vL=1.448 loss=+0.424 |g|=6.04
  [β=0.01 W=24] it222: r_task=-0.066 r_h=-3.114 KL=1.999 H=5.461 pg=-0.029 vL=1.038 loss=+0.302 |g|=6.17
  [β=0.01 W=24] it223: r_task=-0.098 r_h=-2.744 KL=2.241 H=5.482 pg=-0.026 vL=1.542 loss=+0.458 |g|=5.00
  [β=0.01 W=24] it224: r_task=-0.067 r_h=-2.653 KL=2.104 H=5.447 pg=-0.031 vL=1.153 loss=+0.335 |g|=2.60
  [β=0.01 W=24] it225: r_task=-0.113 r_h=-3.049 KL=2.375 H=5.385 pg=-0.022 vL=1.835 loss=+0.552 |g|=7.41
  [β=0.01 W=24] it226: r_task=-0.065 r_h=-2.971 KL=2.106 H=5.347 pg=-0.035 vL=1.011 loss=+0.288 |g|=13.17
  [β=0.01 W=24] it227: r_task=-0.071 r_h=-3.364 KL=2.153 H=5.369 pg=-0.027 vL=1.180 loss=+0.349 |g|=9.49
  [β=0.01 W=24] it228: r_task=-0.083 r_h=-3.126 KL=2.152 H=5.489 pg=-0.033 vL=1.304 loss=+0.379 |g|=9.61
  [β=0.01 W=24] it229: r_task=-0.087 r_h=-2.451 KL=2.143 H=5.434 pg=-0.034 vL=1.532 loss=+0.446 |g|=3.90
  [β=0.01 W=24] it230: r_task=-0.057 r_h=-2.497 KL=1.997 H=5.452 pg=-0.030 vL=1.022 loss=+0.296 |g|=7.80
  [β=0.01 W=24] it231: r_task=-0.079 r_h=-3.578 KL=2.207 H=5.415 pg=-0.033 vL=1.287 loss=+0.375 |g|=5.24
  [β=0.01 W=24] it232: r_task=-0.077 r_h=-3.129 KL=1.989 H=5.519 pg=-0.035 vL=1.120 loss=+0.321 |g|=15.44
  [β=0.01 W=24] it233: r_task=-0.075 r_h=-2.866 KL=1.981 H=5.465 pg=-0.028 vL=1.185 loss=+0.347 |g|=18.31
  [β=0.01 W=24] it234: r_task=-0.062 r_h=-2.307 KL=2.083 H=5.492 pg=-0.037 vL=0.895 loss=+0.252 |g|=9.14
  [β=0.01 W=24] it235: r_task=-0.085 r_h=-3.077 KL=2.261 H=5.338 pg=-0.027 vL=1.499 loss=+0.445 |g|=14.74
  [β=0.01 W=24] it236: r_task=-0.081 r_h=-2.784 KL=2.164 H=5.378 pg=-0.031 vL=1.404 loss=+0.411 |g|=16.19
  [β=0.01 W=24] it237: r_task=-0.091 r_h=-3.431 KL=2.111 H=5.339 pg=-0.023 vL=1.450 loss=+0.433 |g|=4.81
  [β=0.01 W=24] it238: r_task=-0.066 r_h=-3.571 KL=1.911 H=5.237 pg=-0.031 vL=1.205 loss=+0.349 |g|=5.58
  [β=0.01 W=24] it239: r_task=-0.047 r_h=-3.842 KL=1.832 H=5.352 pg=-0.032 vL=0.800 loss=+0.226 |g|=19.94
  [β=0.01 W=24] it240: r_task=-0.084 r_h=-3.394 KL=2.049 H=5.272 pg=-0.031 vL=1.345 loss=+0.393 |g|=1.57
  [β=0.01 W=24] it241: r_task=-0.050 r_h=-3.712 KL=1.839 H=5.292 pg=-0.028 vL=0.777 loss=+0.222 |g|=11.81
  [β=0.01 W=24] it242: r_task=-0.088 r_h=-2.506 KL=2.318 H=5.382 pg=-0.027 vL=1.428 loss=+0.424 |g|=8.78
  [β=0.01 W=24] it243: r_task=-0.067 r_h=-2.666 KL=2.171 H=5.331 pg=-0.031 vL=1.177 loss=+0.343 |g|=2.45
  [β=0.01 W=24] it244: r_task=-0.090 r_h=-1.870 KL=2.212 H=5.374 pg=-0.030 vL=1.593 loss=+0.470 |g|=4.08
  [β=0.01 W=24] it245: r_task=-0.066 r_h=-3.611 KL=2.022 H=5.350 pg=-0.034 vL=1.226 loss=+0.354 |g|=20.36
  [β=0.01 W=24] it246: r_task=-0.087 r_h=-2.955 KL=2.114 H=5.375 pg=-0.030 vL=1.551 loss=+0.456 |g|=6.46
  [β=0.01 W=24] it247: r_task=-0.067 r_h=-2.821 KL=2.159 H=5.488 pg=-0.039 vL=1.164 loss=+0.332 |g|=13.78
  [β=0.01 W=24] it248: r_task=-0.050 r_h=-3.171 KL=1.833 H=5.402 pg=-0.031 vL=0.823 loss=+0.234 |g|=7.30
  [β=0.01 W=24] it249: r_task=-0.072 r_h=-3.085 KL=1.967 H=5.372 pg=-0.030 vL=1.146 loss=+0.333 |g|=10.21
  [ckpt] saved /spacer/checkpoints/bsweep_b0.01/ckpt_b0.01_W24_it000250.pt
  [β=0.01 W=24] it250: r_task=-0.094 r_h=-3.642 KL=2.008 H=5.454 pg=-0.025 vL=1.556 loss=+0.461 |g|=13.79
  [β=0.01 W=24] it251: r_task=-0.070 r_h=-3.181 KL=2.080 H=5.436 pg=-0.029 vL=1.225 loss=+0.359 |g|=6.02
  [β=0.01 W=24] it252: r_task=-0.073 r_h=-3.037 KL=2.089 H=5.354 pg=-0.037 vL=1.229 loss=+0.353 |g|=14.46
  [β=0.01 W=24] it253: r_task=-0.080 r_h=-2.270 KL=2.015 H=5.353 pg=-0.026 vL=1.255 loss=+0.371 |g|=10.75
  [β=0.01 W=24] it254: r_task=-0.054 r_h=-2.939 KL=1.848 H=5.365 pg=-0.028 vL=0.893 loss=+0.258 |g|=4.60
  [β=0.01 W=24] it255: r_task=-0.053 r_h=-3.612 KL=1.824 H=5.348 pg=-0.027 vL=0.956 loss=+0.278 |g|=7.05
  [β=0.01 W=24] it256: r_task=-0.062 r_h=-2.614 KL=1.946 H=5.403 pg=-0.032 vL=0.942 loss=+0.270 |g|=4.79
  [β=0.01 W=24] it257: r_task=-0.090 r_h=-2.336 KL=2.318 H=5.353 pg=-0.025 vL=1.748 loss=+0.522 |g|=2.24
  [β=0.01 W=24] it258: r_task=-0.082 r_h=-3.230 KL=2.154 H=5.324 pg=-0.032 vL=1.351 loss=+0.394 |g|=8.35
  [β=0.01 W=24] it259: r_task=-0.057 r_h=-3.256 KL=2.124 H=5.342 pg=-0.031 vL=1.020 loss=+0.296 |g|=9.42
  [β=0.01 W=24] it260: r_task=-0.071 r_h=-3.736 KL=1.968 H=5.385 pg=-0.027 vL=1.092 loss=+0.320 |g|=9.68
  [β=0.01 W=24] it261: r_task=-0.086 r_h=-2.788 KL=2.109 H=5.342 pg=-0.027 vL=1.556 loss=+0.460 |g|=8.05
  [β=0.01 W=24] it262: r_task=-0.046 r_h=-3.364 KL=1.995 H=5.331 pg=-0.031 vL=0.788 loss=+0.224 |g|=8.04
  [β=0.01 W=24] it263: r_task=-0.060 r_h=-3.055 KL=2.054 H=5.302 pg=-0.016 vL=1.029 loss=+0.313 |g|=19.13
  [β=0.01 W=24] it264: r_task=-0.071 r_h=-2.344 KL=2.162 H=5.212 pg=-0.039 vL=1.112 loss=+0.316 |g|=6.49
  [β=0.01 W=24] it265: r_task=-0.073 r_h=-2.793 KL=2.223 H=5.358 pg=-0.031 vL=1.238 loss=+0.363 |g|=5.13
  [β=0.01 W=24] it266: r_task=-0.076 r_h=-3.492 KL=1.973 H=5.273 pg=-0.026 vL=1.578 loss=+0.467 |g|=12.81
  [β=0.01 W=24] it267: r_task=-0.062 r_h=-3.386 KL=2.008 H=5.275 pg=-0.029 vL=1.021 loss=+0.297 |g|=20.99
  [β=0.01 W=24] it268: r_task=-0.043 r_h=-2.697 KL=1.948 H=5.237 pg=-0.027 vL=0.861 loss=+0.250 |g|=23.76
  [β=0.01 W=24] it269: r_task=-0.086 r_h=-2.525 KL=2.023 H=5.284 pg=-0.028 vL=1.398 loss=+0.411 |g|=15.47
  [β=0.01 W=24] it270: r_task=-0.068 r_h=-2.625 KL=2.052 H=5.269 pg=-0.030 vL=1.097 loss=+0.320 |g|=5.20
  [β=0.01 W=24] it271: r_task=-0.035 r_h=-2.604 KL=1.807 H=5.278 pg=-0.029 vL=0.680 loss=+0.192 |g|=23.27
  [β=0.01 W=24] it272: r_task=-0.030 r_h=-3.765 KL=1.714 H=5.282 pg=-0.031 vL=0.496 loss=+0.135 |g|=3.41
  [β=0.01 W=24] it273: r_task=-0.068 r_h=-3.627 KL=2.085 H=5.270 pg=-0.024 vL=1.045 loss=+0.310 |g|=6.45
  [β=0.01 W=24] it274: r_task=-0.064 r_h=-4.032 KL=1.861 H=5.273 pg=-0.027 vL=1.118 loss=+0.327 |g|=10.20
  [β=0.01 W=24] it275: r_task=-0.053 r_h=-3.465 KL=1.827 H=5.312 pg=-0.030 vL=0.968 loss=+0.278 |g|=2.98
  [β=0.01 W=24] it276: r_task=-0.039 r_h=-3.986 KL=1.927 H=5.334 pg=-0.021 vL=0.686 loss=+0.203 |g|=10.15
  [β=0.01 W=24] it277: r_task=-0.104 r_h=-3.113 KL=2.197 H=5.353 pg=-0.030 vL=1.439 loss=+0.422 |g|=10.00
  [β=0.01 W=24] it278: r_task=-0.067 r_h=-3.479 KL=1.895 H=5.334 pg=-0.028 vL=1.269 loss=+0.371 |g|=22.62
  [β=0.01 W=24] it279: r_task=-0.042 r_h=-3.308 KL=1.896 H=5.285 pg=-0.026 vL=0.725 loss=+0.210 |g|=4.57
  [β=0.01 W=24] it280: r_task=-0.041 r_h=-2.248 KL=1.832 H=5.342 pg=-0.035 vL=0.686 loss=+0.188 |g|=8.22
  [β=0.01 W=24] it281: r_task=-0.043 r_h=-2.995 KL=1.900 H=5.248 pg=-0.029 vL=0.757 loss=+0.217 |g|=7.00
  [β=0.01 W=24] it282: r_task=-0.035 r_h=-2.557 KL=1.789 H=5.267 pg=-0.028 vL=0.626 loss=+0.178 |g|=6.25
  [β=0.01 W=24] it283: r_task=-0.042 r_h=-2.647 KL=1.805 H=5.222 pg=-0.028 vL=0.665 loss=+0.189 |g|=12.65
  [β=0.01 W=24] it284: r_task=-0.051 r_h=-3.027 KL=2.221 H=5.190 pg=-0.028 vL=0.823 loss=+0.241 |g|=5.70
  [β=0.01 W=24] it285: r_task=-0.039 r_h=-3.359 KL=1.881 H=5.120 pg=-0.028 vL=0.713 loss=+0.204 |g|=7.93
  [β=0.01 W=24] it286: r_task=-0.056 r_h=-3.362 KL=1.928 H=5.072 pg=-0.027 vL=0.928 loss=+0.270 |g|=12.06
  [β=0.01 W=24] it287: r_task=-0.037 r_h=-2.689 KL=1.796 H=5.068 pg=-0.027 vL=0.666 loss=+0.190 |g|=9.16
  [β=0.01 W=24] it288: r_task=-0.056 r_h=-2.914 KL=1.924 H=5.058 pg=-0.020 vL=1.000 loss=+0.298 |g|=8.39
  [β=0.01 W=24] it289: r_task=-0.044 r_h=-2.691 KL=1.869 H=5.120 pg=-0.026 vL=0.775 loss=+0.225 |g|=5.08
  [β=0.01 W=24] it290: r_task=-0.030 r_h=-3.059 KL=1.818 H=5.143 pg=-0.022 vL=0.509 loss=+0.148 |g|=16.03
  [β=0.01 W=24] it291: r_task=-0.065 r_h=-3.259 KL=2.033 H=5.130 pg=-0.029 vL=1.034 loss=+0.301 |g|=10.26
  [β=0.01 W=24] it292: r_task=-0.072 r_h=-3.308 KL=2.181 H=5.041 pg=-0.025 vL=1.185 loss=+0.352 |g|=5.55
  [β=0.01 W=24] it293: r_task=-0.060 r_h=-2.685 KL=2.028 H=5.116 pg=-0.032 vL=1.097 loss=+0.316 |g|=4.73
  [β=0.01 W=24] it294: r_task=-0.056 r_h=-3.357 KL=1.942 H=5.136 pg=-0.022 vL=1.001 loss=+0.297 |g|=15.07
  [β=0.01 W=24] it295: r_task=-0.051 r_h=-2.455 KL=1.874 H=5.071 pg=-0.028 vL=0.948 loss=+0.275 |g|=19.40
  [β=0.01 W=24] it296: r_task=-0.030 r_h=-3.068 KL=1.653 H=5.112 pg=-0.027 vL=0.467 loss=+0.130 |g|=8.25
  [β=0.01 W=24] it297: r_task=-0.039 r_h=-2.514 KL=1.687 H=5.109 pg=-0.030 vL=0.647 loss=+0.181 |g|=1.65
  [β=0.01 W=24] it298: r_task=-0.041 r_h=-2.592 KL=1.809 H=5.090 pg=-0.025 vL=0.667 loss=+0.192 |g|=8.36
  [β=0.01 W=24] it299: r_task=-0.046 r_h=-3.242 KL=1.799 H=5.089 pg=-0.033 vL=0.825 loss=+0.232 |g|=4.59
  [β=0.01 W=24] it300: r_task=-0.044 r_h=-3.318 KL=1.826 H=5.146 pg=-0.025 vL=0.770 loss=+0.224 |g|=7.48
  [β=0.01 W=24] it301: r_task=-0.020 r_h=-3.304 KL=1.617 H=5.112 pg=-0.023 vL=0.399 loss=+0.112 |g|=3.64
  [β=0.01 W=24] it302: r_task=-0.057 r_h=-3.152 KL=1.752 H=5.033 pg=-0.026 vL=1.078 loss=+0.314 |g|=11.51
  [β=0.01 W=24] it303: r_task=-0.040 r_h=-3.472 KL=1.581 H=5.091 pg=-0.022 vL=0.656 loss=+0.190 |g|=5.10
  [β=0.01 W=24] it304: r_task=-0.015 r_h=-3.356 KL=1.646 H=5.114 pg=-0.033 vL=0.271 loss=+0.065 |g|=10.10
  [β=0.01 W=24] it305: r_task=-0.051 r_h=-3.631 KL=1.838 H=5.090 pg=-0.022 vL=0.837 loss=+0.247 |g|=7.20
  [β=0.01 W=24] it306: r_task=-0.027 r_h=-3.315 KL=1.594 H=5.024 pg=-0.022 vL=0.490 loss=+0.140 |g|=5.89
  [β=0.01 W=24] it307: r_task=-0.046 r_h=-2.925 KL=1.648 H=5.079 pg=-0.027 vL=0.890 loss=+0.256 |g|=11.47
  [β=0.01 W=24] it308: r_task=-0.037 r_h=-3.136 KL=1.697 H=5.024 pg=-0.023 vL=0.671 loss=+0.195 |g|=3.68
  [β=0.01 W=24] it309: r_task=-0.047 r_h=-2.245 KL=1.833 H=4.957 pg=-0.027 vL=0.813 loss=+0.235 |g|=9.99
  [β=0.01 W=24] it310: r_task=-0.035 r_h=-2.983 KL=1.677 H=4.973 pg=-0.021 vL=0.705 loss=+0.206 |g|=2.82
  [β=0.01 W=24] it311: r_task=-0.038 r_h=-2.304 KL=1.614 H=4.979 pg=-0.020 vL=0.674 loss=+0.198 |g|=13.45
  [β=0.01 W=24] it312: r_task=-0.046 r_h=-2.052 KL=1.785 H=4.952 pg=-0.025 vL=1.006 loss=+0.294 |g|=2.69
  [β=0.01 W=24] it313: r_task=-0.024 r_h=-2.642 KL=1.645 H=4.922 pg=-0.021 vL=0.469 loss=+0.135 |g|=14.26
  [β=0.01 W=24] it314: r_task=-0.023 r_h=-2.546 KL=1.635 H=4.951 pg=-0.026 vL=0.391 loss=+0.107 |g|=10.04
  [β=0.01 W=24] it315: r_task=-0.038 r_h=-2.749 KL=1.635 H=4.872 pg=-0.021 vL=0.585 loss=+0.171 |g|=9.11
  [β=0.01 W=24] it316: r_task=-0.022 r_h=-3.227 KL=1.489 H=4.919 pg=-0.021 vL=0.407 loss=+0.115 |g|=1.26
  [β=0.01 W=24] it317: r_task=-0.033 r_h=-2.647 KL=1.597 H=4.862 pg=-0.025 vL=0.456 loss=+0.127 |g|=8.14
  [β=0.01 W=24] it318: r_task=-0.023 r_h=-2.563 KL=1.539 H=4.864 pg=-0.019 vL=0.409 loss=+0.119 |g|=10.79
  [β=0.01 W=24] it319: r_task=-0.042 r_h=-2.985 KL=1.769 H=4.848 pg=-0.022 vL=0.789 loss=+0.233 |g|=1.15
  [β=0.01 W=24] it320: r_task=-0.060 r_h=-3.016 KL=1.825 H=4.896 pg=-0.023 vL=0.910 loss=+0.268 |g|=3.57
  [β=0.01 W=24] it321: r_task=-0.063 r_h=-3.985 KL=1.987 H=4.836 pg=-0.018 vL=1.111 loss=+0.335 |g|=0.94
  [β=0.01 W=24] it322: r_task=-0.041 r_h=-2.723 KL=1.797 H=4.886 pg=-0.018 vL=0.697 loss=+0.208 |g|=5.35
  [β=0.01 W=24] it323: r_task=-0.025 r_h=-3.313 KL=1.534 H=5.002 pg=-0.018 vL=0.419 loss=+0.122 |g|=6.77
  [β=0.01 W=24] it324: r_task=-0.060 r_h=-3.263 KL=1.832 H=4.991 pg=-0.026 vL=1.169 loss=+0.343 |g|=11.10
  [β=0.01 W=24] it325: r_task=-0.057 r_h=-2.783 KL=1.815 H=4.933 pg=-0.026 vL=0.915 loss=+0.266 |g|=10.72
  [β=0.01 W=24] it326: r_task=-0.042 r_h=-2.725 KL=1.623 H=4.936 pg=-0.034 vL=0.717 loss=+0.197 |g|=2.42
  [β=0.01 W=24] it327: r_task=-0.070 r_h=-3.002 KL=1.886 H=4.970 pg=-0.024 vL=0.948 loss=+0.279 |g|=7.25
  [β=0.01 W=24] it328: r_task=-0.024 r_h=-3.161 KL=1.535 H=4.947 pg=-0.017 vL=0.413 loss=+0.121 |g|=7.88
  [β=0.01 W=24] it329: r_task=-0.034 r_h=-3.070 KL=1.587 H=4.983 pg=-0.030 vL=0.534 loss=+0.145 |g|=16.05
  [β=0.01 W=24] it330: r_task=-0.040 r_h=-2.930 KL=1.580 H=4.908 pg=-0.026 vL=0.667 loss=+0.190 |g|=2.38
  [β=0.01 W=24] it331: r_task=-0.035 r_h=-2.645 KL=1.651 H=4.948 pg=-0.023 vL=0.632 loss=+0.183 |g|=4.84
  [β=0.01 W=24] it332: r_task=-0.047 r_h=-3.162 KL=1.631 H=4.975 pg=-0.016 vL=0.769 loss=+0.231 |g|=5.28
  [β=0.01 W=24] it333: r_task=-0.050 r_h=-2.435 KL=1.918 H=4.862 pg=-0.021 vL=0.794 loss=+0.235 |g|=14.26
  [β=0.01 W=24] it334: r_task=-0.044 r_h=-2.716 KL=1.849 H=4.914 pg=-0.025 vL=0.771 loss=+0.225 |g|=4.36
  [β=0.01 W=24] it335: r_task=-0.036 r_h=-2.989 KL=1.754 H=4.913 pg=-0.021 vL=0.585 loss=+0.171 |g|=10.71
  [β=0.01 W=24] it336: r_task=-0.023 r_h=-3.488 KL=1.518 H=5.007 pg=-0.015 vL=0.490 loss=+0.146 |g|=7.72
  [β=0.01 W=24] it337: r_task=-0.051 r_h=-3.260 KL=1.902 H=4.913 pg=-0.016 vL=0.886 loss=+0.268 |g|=7.36
  [β=0.01 W=24] it338: r_task=-0.056 r_h=-3.433 KL=1.963 H=4.881 pg=-0.018 vL=0.996 loss=+0.300 |g|=4.98
  [β=0.01 W=24] it339: r_task=-0.039 r_h=-2.964 KL=1.581 H=5.011 pg=-0.024 vL=0.707 loss=+0.203 |g|=1.23
  [β=0.01 W=24] it340: r_task=-0.018 r_h=-2.502 KL=1.546 H=5.009 pg=-0.025 vL=0.330 loss=+0.089 |g|=11.56
  [β=0.01 W=24] it341: r_task=-0.065 r_h=-2.916 KL=1.889 H=4.929 pg=-0.020 vL=0.980 loss=+0.293 |g|=8.64
  [β=0.01 W=24] it342: r_task=-0.036 r_h=-3.109 KL=1.821 H=4.832 pg=-0.024 vL=0.707 loss=+0.206 |g|=6.14
  [β=0.01 W=24] it343: r_task=-0.046 r_h=-3.157 KL=1.775 H=4.926 pg=-0.021 vL=0.698 loss=+0.206 |g|=2.33
  [β=0.01 W=24] it344: r_task=-0.041 r_h=-2.931 KL=1.889 H=4.998 pg=-0.021 vL=0.681 loss=+0.202 |g|=9.43
  [β=0.01 W=24] it345: r_task=-0.023 r_h=-3.025 KL=1.638 H=4.994 pg=-0.025 vL=0.421 loss=+0.118 |g|=12.88
  [β=0.01 W=24] it346: r_task=-0.041 r_h=-2.610 KL=1.912 H=4.929 pg=-0.022 vL=0.699 loss=+0.207 |g|=1.39
  [β=0.01 W=24] it347: r_task=-0.057 r_h=-3.285 KL=1.785 H=4.967 pg=-0.025 vL=0.984 loss=+0.287 |g|=15.05
  [β=0.01 W=24] it348: r_task=-0.028 r_h=-3.628 KL=1.638 H=5.076 pg=-0.029 vL=0.488 loss=+0.134 |g|=1.62
  [β=0.01 W=24] it349: r_task=-0.036 r_h=-2.578 KL=1.673 H=4.978 pg=-0.022 vL=0.674 loss=+0.197 |g|=14.02
  [β=0.01 W=24] it350: r_task=-0.019 r_h=-2.961 KL=1.531 H=5.038 pg=-0.024 vL=0.393 loss=+0.109 |g|=11.71
  [β=0.01 W=24] it351: r_task=-0.062 r_h=-2.618 KL=1.941 H=4.878 pg=-0.024 vL=0.907 loss=+0.267 |g|=9.70
  [β=0.01 W=24] it352: r_task=-0.050 r_h=-2.580 KL=1.949 H=4.816 pg=-0.023 vL=0.887 loss=+0.263 |g|=17.53
  [β=0.01 W=24] it353: r_task=-0.026 r_h=-3.420 KL=1.530 H=4.964 pg=-0.018 vL=0.463 loss=+0.136 |g|=6.55
  [β=0.01 W=24] it354: r_task=-0.053 r_h=-3.111 KL=1.808 H=4.978 pg=-0.019 vL=0.824 loss=+0.245 |g|=14.43
  [β=0.01 W=24] it355: r_task=-0.034 r_h=-2.994 KL=1.562 H=5.028 pg=-0.023 vL=0.626 loss=+0.180 |g|=5.15
  [β=0.01 W=24] it356: r_task=-0.051 r_h=-2.966 KL=1.783 H=4.992 pg=-0.024 vL=0.862 loss=+0.252 |g|=10.38
  [β=0.01 W=24] it357: r_task=-0.024 r_h=-3.796 KL=1.521 H=5.053 pg=-0.024 vL=0.361 loss=+0.099 |g|=6.57
  [β=0.01 W=24] it358: r_task=-0.043 r_h=-3.308 KL=1.643 H=4.936 pg=-0.023 vL=0.734 loss=+0.213 |g|=1.38
  [β=0.01 W=24] it359: r_task=-0.053 r_h=-2.762 KL=1.663 H=4.956 pg=-0.028 vL=0.767 loss=+0.218 |g|=4.87
  [β=0.01 W=24] it360: r_task=-0.024 r_h=-2.499 KL=1.546 H=4.998 pg=-0.024 vL=0.387 loss=+0.108 |g|=3.76
  [β=0.01 W=24] it361: r_task=-0.022 r_h=-2.448 KL=1.552 H=4.959 pg=-0.027 vL=0.430 loss=+0.118 |g|=6.54
  [β=0.01 W=24] it362: r_task=-0.040 r_h=-3.279 KL=1.908 H=4.824 pg=-0.018 vL=0.697 loss=+0.210 |g|=10.59
  [β=0.01 W=24] it363: r_task=-0.030 r_h=-2.921 KL=1.755 H=4.950 pg=-0.018 vL=0.452 loss=+0.135 |g|=4.19
  [β=0.01 W=24] it364: r_task=-0.041 r_h=-2.705 KL=1.782 H=4.905 pg=-0.018 vL=0.721 loss=+0.216 |g|=12.50
  [β=0.01 W=24] it365: r_task=-0.058 r_h=-2.358 KL=1.857 H=4.750 pg=-0.025 vL=0.997 loss=+0.292 |g|=7.91
  [β=0.01 W=24] it366: r_task=-0.036 r_h=-2.662 KL=1.919 H=4.776 pg=-0.020 vL=0.763 loss=+0.227 |g|=3.56
  [β=0.01 W=24] it367: r_task=-0.075 r_h=-2.397 KL=1.824 H=4.842 pg=-0.027 vL=1.244 loss=+0.364 |g|=1.73
  [β=0.01 W=24] it368: r_task=-0.057 r_h=-2.276 KL=1.841 H=4.924 pg=-0.028 vL=1.087 loss=+0.316 |g|=7.66
  [β=0.01 W=24] it369: r_task=-0.049 r_h=-3.515 KL=1.815 H=4.862 pg=-0.019 vL=0.973 loss=+0.291 |g|=12.75
  [β=0.01 W=24] it370: r_task=-0.039 r_h=-3.456 KL=1.634 H=4.992 pg=-0.023 vL=0.692 loss=+0.201 |g|=2.42
  [β=0.01 W=24] it371: r_task=-0.034 r_h=-3.068 KL=1.696 H=4.876 pg=-0.020 vL=0.617 loss=+0.182 |g|=7.15
  [β=0.01 W=24] it372: r_task=-0.029 r_h=-3.260 KL=1.557 H=4.983 pg=-0.022 vL=0.560 loss=+0.161 |g|=8.74
  [β=0.01 W=24] it373: r_task=-0.039 r_h=-3.060 KL=1.626 H=4.988 pg=-0.019 vL=0.659 loss=+0.194 |g|=6.11
  [β=0.01 W=24] it374: r_task=-0.030 r_h=-2.573 KL=1.633 H=4.949 pg=-0.017 vL=0.496 loss=+0.148 |g|=6.83
  [β=0.01 W=24] it375: r_task=-0.020 r_h=-3.073 KL=1.550 H=4.927 pg=-0.018 vL=0.353 loss=+0.104 |g|=3.78
  [β=0.01 W=24] it376: r_task=-0.018 r_h=-2.669 KL=1.532 H=4.947 pg=-0.014 vL=0.387 loss=+0.116 |g|=12.46
  [β=0.01 W=24] it377: r_task=-0.045 r_h=-3.182 KL=1.639 H=4.869 pg=-0.022 vL=0.854 loss=+0.250 |g|=7.11
  [β=0.01 W=24] it378: r_task=-0.038 r_h=-3.238 KL=1.654 H=4.926 pg=-0.017 vL=0.819 loss=+0.245 |g|=21.32
  [β=0.01 W=24] it379: r_task=-0.034 r_h=-3.543 KL=1.681 H=4.964 pg=-0.024 vL=0.548 loss=+0.156 |g|=7.71
  [β=0.01 W=24] it380: r_task=-0.035 r_h=-2.920 KL=1.738 H=4.889 pg=-0.019 vL=0.655 loss=+0.194 |g|=10.44
  [β=0.01 W=24] it381: r_task=-0.033 r_h=-2.897 KL=1.486 H=4.983 pg=-0.024 vL=0.775 loss=+0.223 |g|=4.39
  [β=0.01 W=24] it382: r_task=-0.019 r_h=-3.263 KL=1.476 H=5.002 pg=-0.026 vL=0.375 loss=+0.102 |g|=4.47
  [β=0.01 W=24] it383: r_task=-0.023 r_h=-3.250 KL=1.480 H=5.005 pg=-0.022 vL=0.364 loss=+0.101 |g|=8.42
  [β=0.01 W=24] it384: r_task=-0.043 r_h=-3.682 KL=1.881 H=4.806 pg=-0.017 vL=0.658 loss=+0.199 |g|=9.53
  [β=0.01 W=24] it385: r_task=-0.011 r_h=-3.071 KL=1.492 H=4.981 pg=-0.027 vL=0.181 loss=+0.042 |g|=3.80
  [β=0.01 W=24] it386: r_task=-0.037 r_h=-3.006 KL=1.649 H=4.924 pg=-0.015 vL=0.626 loss=+0.188 |g|=15.66
  [β=0.01 W=24] it387: r_task=-0.032 r_h=-2.099 KL=1.719 H=4.922 pg=-0.019 vL=0.536 loss=+0.158 |g|=7.62
  [β=0.01 W=24] it388: r_task=-0.033 r_h=-3.279 KL=1.499 H=4.882 pg=-0.024 vL=0.539 loss=+0.152 |g|=14.64
  [β=0.01 W=24] it389: r_task=-0.022 r_h=-2.306 KL=1.508 H=4.935 pg=-0.027 vL=0.354 loss=+0.094 |g|=7.61
  [β=0.01 W=24] it390: r_task=-0.029 r_h=-2.641 KL=1.626 H=4.944 pg=-0.019 vL=0.516 loss=+0.152 |g|=7.26
  [β=0.01 W=24] it391: r_task=-0.045 r_h=-1.495 KL=1.817 H=4.835 pg=-0.027 vL=0.772 loss=+0.222 |g|=4.66
  [β=0.01 W=24] it392: r_task=-0.053 r_h=-3.388 KL=1.863 H=4.901 pg=-0.018 vL=0.887 loss=+0.267 |g|=1.59
  [β=0.01 W=24] it393: r_task=-0.032 r_h=-2.963 KL=1.660 H=4.913 pg=-0.019 vL=0.551 loss=+0.162 |g|=2.33
  [β=0.01 W=24] it394: r_task=-0.043 r_h=-3.156 KL=1.828 H=4.898 pg=-0.022 vL=0.817 loss=+0.240 |g|=11.09
  [β=0.01 W=24] it395: r_task=-0.040 r_h=-3.048 KL=1.659 H=4.900 pg=-0.020 vL=0.770 loss=+0.227 |g|=20.59
  [β=0.01 W=24] it396: r_task=-0.059 r_h=-3.593 KL=1.847 H=4.668 pg=-0.018 vL=1.064 loss=+0.319 |g|=4.36
  [β=0.01 W=24] it397: r_task=-0.057 r_h=-2.616 KL=1.942 H=4.816 pg=-0.025 vL=0.817 loss=+0.239 |g|=9.28
  [β=0.01 W=24] it398: r_task=-0.038 r_h=-2.415 KL=1.650 H=4.921 pg=-0.024 vL=0.712 loss=+0.205 |g|=9.39
  [β=0.01 W=24] it399: r_task=-0.027 r_h=-3.512 KL=1.485 H=4.866 pg=-0.015 vL=0.580 loss=+0.173 |g|=19.07
  [β=0.01 W=24] it400: r_task=-0.037 r_h=-2.914 KL=1.691 H=4.825 pg=-0.018 vL=0.618 loss=+0.184 |g|=7.45
  [β=0.01 W=24] it401: r_task=-0.043 r_h=-2.465 KL=1.602 H=4.921 pg=-0.020 vL=0.837 loss=+0.247 |g|=6.84
  [β=0.01 W=24] it402: r_task=-0.023 r_h=-2.396 KL=1.667 H=4.797 pg=-0.019 vL=0.406 loss=+0.119 |g|=6.16
  [β=0.01 W=24] it403: r_task=-0.061 r_h=-2.698 KL=1.807 H=4.910 pg=-0.014 vL=0.953 loss=+0.289 |g|=7.36
  [β=0.01 W=24] it404: r_task=-0.037 r_h=-2.802 KL=1.588 H=4.896 pg=-0.025 vL=0.627 loss=+0.179 |g|=7.64
  [β=0.01 W=24] it405: r_task=-0.015 r_h=-2.650 KL=1.371 H=5.004 pg=-0.020 vL=0.276 loss=+0.076 |g|=1.36
  [β=0.01 W=24] it406: r_task=-0.042 r_h=-3.214 KL=1.832 H=4.886 pg=-0.023 vL=0.725 loss=+0.212 |g|=6.89
  [β=0.01 W=24] it407: r_task=-0.042 r_h=-2.862 KL=1.604 H=4.867 pg=-0.017 vL=0.714 loss=+0.212 |g|=10.40
  [β=0.01 W=24] it408: r_task=-0.021 r_h=-2.674 KL=1.399 H=4.984 pg=-0.012 vL=0.344 loss=+0.104 |g|=10.12
  [β=0.01 W=24] it409: r_task=-0.014 r_h=-2.177 KL=1.517 H=5.029 pg=-0.016 vL=0.325 loss=+0.096 |g|=10.20
  [β=0.01 W=24] it410: r_task=-0.039 r_h=-2.849 KL=1.482 H=4.968 pg=-0.020 vL=0.640 loss=+0.186 |g|=15.63
  [β=0.01 W=24] it411: r_task=-0.034 r_h=-2.743 KL=1.567 H=4.992 pg=-0.021 vL=0.681 loss=+0.198 |g|=1.76
  [β=0.01 W=24] it412: r_task=-0.062 r_h=-3.089 KL=1.974 H=4.788 pg=-0.026 vL=1.066 loss=+0.314 |g|=6.38
  [β=0.01 W=24] it413: r_task=-0.030 r_h=-2.901 KL=1.435 H=4.961 pg=-0.019 vL=0.532 loss=+0.155 |g|=16.48
  [β=0.01 W=24] it414: r_task=-0.066 r_h=-3.096 KL=1.831 H=4.687 pg=-0.018 vL=1.177 loss=+0.352 |g|=19.65
  [β=0.01 W=24] it415: r_task=-0.019 r_h=-3.728 KL=1.477 H=4.945 pg=-0.017 vL=0.366 loss=+0.107 |g|=7.65
  [β=0.01 W=24] it416: r_task=-0.017 r_h=-3.649 KL=1.499 H=4.970 pg=-0.022 vL=0.292 loss=+0.081 |g|=6.66
  [β=0.01 W=24] it417: r_task=-0.017 r_h=-3.500 KL=1.486 H=4.952 pg=-0.019 vL=0.298 loss=+0.085 |g|=5.51
  [β=0.01 W=24] it418: r_task=-0.062 r_h=-2.641 KL=1.944 H=4.832 pg=-0.027 vL=0.926 loss=+0.270 |g|=1.91
  [β=0.01 W=24] it419: r_task=-0.030 r_h=-3.356 KL=1.537 H=4.875 pg=-0.022 vL=0.558 loss=+0.161 |g|=6.44
  [β=0.01 W=24] it420: r_task=-0.017 r_h=-3.116 KL=1.428 H=4.962 pg=-0.018 vL=0.311 loss=+0.089 |g|=6.15
  [β=0.01 W=24] it421: r_task=-0.035 r_h=-2.877 KL=1.665 H=4.888 pg=-0.020 vL=0.651 loss=+0.192 |g|=9.21
  [β=0.01 W=24] it422: r_task=-0.057 r_h=-2.934 KL=1.832 H=4.820 pg=-0.023 vL=1.041 loss=+0.307 |g|=8.53
  [β=0.01 W=24] it423: r_task=-0.043 r_h=-3.019 KL=1.683 H=4.921 pg=-0.026 vL=0.731 loss=+0.210 |g|=5.23
  [β=0.01 W=24] it424: r_task=-0.047 r_h=-2.810 KL=1.665 H=4.796 pg=-0.014 vL=0.871 loss=+0.264 |g|=5.47
  [β=0.01 W=24] it425: r_task=-0.066 r_h=-3.096 KL=1.796 H=4.755 pg=-0.012 vL=1.160 loss=+0.353 |g|=19.31
  [β=0.01 W=24] it426: r_task=-0.048 r_h=-2.622 KL=1.720 H=4.861 pg=-0.015 vL=0.948 loss=+0.286 |g|=27.23
  [β=0.01 W=24] it427: r_task=-0.026 r_h=-2.782 KL=1.572 H=4.963 pg=-0.024 vL=0.428 loss=+0.120 |g|=2.00
  [β=0.01 W=24] it428: r_task=-0.044 r_h=-2.244 KL=1.708 H=4.893 pg=-0.022 vL=0.644 loss=+0.188 |g|=8.96
  [β=0.01 W=24] it429: r_task=-0.044 r_h=-2.983 KL=1.792 H=4.874 pg=-0.020 vL=0.751 loss=+0.222 |g|=1.18
  [β=0.01 W=24] it430: r_task=-0.024 r_h=-3.035 KL=1.577 H=4.871 pg=-0.018 vL=0.461 loss=+0.135 |g|=2.62
  [β=0.01 W=24] it431: r_task=-0.022 r_h=-2.332 KL=1.481 H=4.921 pg=-0.019 vL=0.439 loss=+0.128 |g|=12.22
  [β=0.01 W=24] it432: r_task=-0.064 r_h=-2.733 KL=1.872 H=4.816 pg=-0.020 vL=1.173 loss=+0.350 |g|=13.12
  [β=0.01 W=24] it433: r_task=-0.050 r_h=-2.727 KL=1.747 H=4.860 pg=-0.022 vL=0.881 loss=+0.260 |g|=12.30
  [β=0.01 W=24] it434: r_task=-0.053 r_h=-3.408 KL=1.807 H=4.765 pg=-0.013 vL=0.902 loss=+0.275 |g|=4.53
  [β=0.01 W=24] it435: r_task=-0.040 r_h=-3.110 KL=1.650 H=4.943 pg=-0.021 vL=0.662 loss=+0.194 |g|=16.48
  [β=0.01 W=24] it436: r_task=-0.052 r_h=-2.549 KL=1.840 H=4.927 pg=-0.022 vL=0.859 loss=+0.253 |g|=10.24
  [β=0.01 W=24] it437: r_task=-0.037 r_h=-2.486 KL=1.691 H=5.072 pg=-0.027 vL=0.677 loss=+0.192 |g|=3.71
  [β=0.01 W=24] it438: r_task=-0.060 r_h=-3.023 KL=1.740 H=5.101 pg=-0.014 vL=1.005 loss=+0.304 |g|=18.85
  [β=0.01 W=24] it439: r_task=-0.031 r_h=-3.320 KL=1.518 H=5.117 pg=-0.018 vL=0.552 loss=+0.162 |g|=5.83
  [β=0.01 W=24] it440: r_task=-0.039 r_h=-2.650 KL=1.644 H=5.140 pg=-0.023 vL=0.778 loss=+0.227 |g|=3.94
  [β=0.01 W=24] it441: r_task=-0.052 r_h=-3.335 KL=1.748 H=5.005 pg=-0.018 vL=0.991 loss=+0.296 |g|=11.85
  [β=0.01 W=24] it442: r_task=-0.035 r_h=-2.700 KL=1.683 H=5.036 pg=-0.022 vL=0.578 loss=+0.168 |g|=5.21
  [β=0.01 W=24] it443: r_task=-0.090 r_h=-2.907 KL=1.988 H=5.026 pg=-0.022 vL=1.377 loss=+0.411 |g|=8.94
  [β=0.01 W=24] it444: r_task=-0.067 r_h=-3.242 KL=1.648 H=5.137 pg=-0.026 vL=1.265 loss=+0.369 |g|=8.29
  [β=0.01 W=24] it445: r_task=-0.034 r_h=-3.045 KL=1.529 H=5.129 pg=-0.020 vL=0.594 loss=+0.173 |g|=12.95
  [β=0.01 W=24] it446: r_task=-0.023 r_h=-3.633 KL=1.537 H=5.101 pg=-0.023 vL=0.444 loss=+0.125 |g|=18.28
  [β=0.01 W=24] it447: r_task=-0.052 r_h=-2.582 KL=1.748 H=5.132 pg=-0.018 vL=0.930 loss=+0.278 |g|=6.86
  [β=0.01 W=24] it448: r_task=-0.058 r_h=-3.036 KL=1.906 H=5.197 pg=-0.017 vL=0.944 loss=+0.286 |g|=19.27
  [β=0.01 W=24] it449: r_task=-0.055 r_h=-4.316 KL=1.827 H=5.032 pg=-0.020 vL=0.893 loss=+0.266 |g|=4.15
  [β=0.01 W=24] it450: r_task=-0.061 r_h=-3.229 KL=1.744 H=5.169 pg=-0.025 vL=1.168 loss=+0.342 |g|=5.63
  [β=0.01 W=24] it451: r_task=-0.042 r_h=-3.701 KL=1.662 H=5.039 pg=-0.023 vL=0.774 loss=+0.225 |g|=6.29
  [β=0.01 W=24] it452: r_task=-0.014 r_h=-2.171 KL=1.354 H=4.987 pg=-0.025 vL=0.204 loss=+0.049 |g|=2.17
  [β=0.01 W=24] it453: r_task=-0.051 r_h=-3.058 KL=1.665 H=4.987 pg=-0.020 vL=0.783 loss=+0.231 |g|=10.19
  [β=0.01 W=24] it454: r_task=-0.045 r_h=-3.262 KL=1.674 H=4.838 pg=-0.017 vL=0.706 loss=+0.211 |g|=25.08
  [β=0.01 W=24] it455: r_task=-0.056 r_h=-2.473 KL=1.750 H=4.891 pg=-0.020 vL=0.997 loss=+0.296 |g|=7.53
  [β=0.01 W=24] it456: r_task=-0.032 r_h=-3.395 KL=1.533 H=5.015 pg=-0.023 vL=0.666 loss=+0.191 |g|=6.56
  [β=0.01 W=24] it457: r_task=-0.042 r_h=-2.224 KL=1.708 H=4.945 pg=-0.023 vL=0.650 loss=+0.188 |g|=15.59
  [β=0.01 W=24] it458: r_task=-0.044 r_h=-2.552 KL=1.534 H=4.968 pg=-0.021 vL=0.723 loss=+0.211 |g|=3.00
  [β=0.01 W=24] it459: r_task=-0.058 r_h=-3.328 KL=1.709 H=4.823 pg=-0.019 vL=0.935 loss=+0.279 |g|=4.28
  [β=0.01 W=24] it460: r_task=-0.016 r_h=-2.275 KL=1.407 H=4.982 pg=-0.024 vL=0.317 loss=+0.085 |g|=9.00
  [β=0.01 W=24] it461: r_task=-0.051 r_h=-3.278 KL=1.670 H=4.903 pg=-0.020 vL=0.853 loss=+0.252 |g|=3.90
  [β=0.01 W=24] it462: r_task=-0.040 r_h=-2.935 KL=1.764 H=4.878 pg=-0.018 vL=0.667 loss=+0.199 |g|=10.18
  [β=0.01 W=24] it463: r_task=-0.069 r_h=-2.539 KL=1.738 H=4.915 pg=-0.023 vL=1.084 loss=+0.319 |g|=1.71
  [β=0.01 W=24] it464: r_task=-0.037 r_h=-2.840 KL=1.630 H=4.951 pg=-0.022 vL=0.803 loss=+0.235 |g|=19.14
  [β=0.01 W=24] it465: r_task=-0.038 r_h=-2.485 KL=1.502 H=4.948 pg=-0.024 vL=0.633 loss=+0.181 |g|=14.46
  [β=0.01 W=24] it466: r_task=-0.032 r_h=-2.965 KL=1.467 H=4.990 pg=-0.024 vL=0.595 loss=+0.168 |g|=0.95
  [β=0.01 W=24] it467: r_task=-0.057 r_h=-2.893 KL=1.681 H=4.996 pg=-0.027 vL=0.946 loss=+0.273 |g|=6.11
  [β=0.01 W=24] it468: r_task=-0.025 r_h=-3.060 KL=1.299 H=5.089 pg=-0.019 vL=0.476 loss=+0.136 |g|=9.67
  [β=0.01 W=24] it469: r_task=-0.031 r_h=-2.902 KL=1.432 H=4.954 pg=-0.016 vL=0.540 loss=+0.160 |g|=6.86
  [β=0.01 W=24] it470: r_task=-0.056 r_h=-2.380 KL=1.612 H=5.024 pg=-0.025 vL=1.002 loss=+0.292 |g|=6.67
  [β=0.01 W=24] it471: r_task=-0.048 r_h=-2.967 KL=1.554 H=4.872 pg=-0.024 vL=0.930 loss=+0.270 |g|=28.41
  [β=0.01 W=24] it472: r_task=-0.023 r_h=-3.965 KL=1.345 H=4.981 pg=-0.020 vL=0.467 loss=+0.133 |g|=10.66
  [β=0.01 W=24] it473: r_task=-0.054 r_h=-2.574 KL=1.538 H=4.921 pg=-0.013 vL=0.912 loss=+0.275 |g|=17.43
  [β=0.01 W=24] it474: r_task=-0.031 r_h=-2.996 KL=1.393 H=4.931 pg=-0.016 vL=0.549 loss=+0.162 |g|=6.00
  [β=0.01 W=24] it475: r_task=-0.029 r_h=-3.520 KL=1.543 H=4.962 pg=-0.023 vL=0.506 loss=+0.144 |g|=6.69
  [β=0.01 W=24] it476: r_task=-0.031 r_h=-2.483 KL=1.426 H=4.968 pg=-0.024 vL=0.574 loss=+0.162 |g|=2.56
  [β=0.01 W=24] it477: r_task=-0.045 r_h=-2.902 KL=1.616 H=4.880 pg=-0.021 vL=0.738 loss=+0.216 |g|=10.74
  [β=0.01 W=24] it478: r_task=-0.047 r_h=-3.241 KL=1.580 H=4.983 pg=-0.021 vL=0.808 loss=+0.237 |g|=10.36
  [β=0.01 W=24] it479: r_task=-0.037 r_h=-3.277 KL=1.428 H=4.951 pg=-0.017 vL=0.582 loss=+0.171 |g|=7.21
  [β=0.01 W=24] it480: r_task=-0.028 r_h=-2.649 KL=1.392 H=4.901 pg=-0.015 vL=0.513 loss=+0.152 |g|=7.72
  [β=0.01 W=24] it481: r_task=-0.041 r_h=-3.413 KL=1.527 H=4.968 pg=-0.023 vL=0.739 loss=+0.214 |g|=5.19
  [β=0.01 W=24] it482: r_task=-0.038 r_h=-3.009 KL=1.512 H=4.941 pg=-0.022 vL=0.732 loss=+0.212 |g|=8.05
  [β=0.01 W=24] it483: r_task=-0.032 r_h=-3.498 KL=1.446 H=4.999 pg=-0.018 vL=0.608 loss=+0.178 |g|=8.12
  [β=0.01 W=24] it484: r_task=-0.031 r_h=-3.052 KL=1.395 H=5.046 pg=-0.020 vL=0.548 loss=+0.158 |g|=8.64
  [β=0.01 W=24] it485: r_task=-0.017 r_h=-2.615 KL=1.320 H=5.072 pg=-0.023 vL=0.322 loss=+0.087 |g|=8.96
  [β=0.01 W=24] it486: r_task=-0.039 r_h=-2.807 KL=1.370 H=5.037 pg=-0.023 vL=0.659 loss=+0.189 |g|=5.93
  [β=0.01 W=24] it487: r_task=-0.037 r_h=-2.416 KL=1.437 H=4.939 pg=-0.027 vL=0.690 loss=+0.194 |g|=3.79
  [β=0.01 W=24] it488: r_task=-0.026 r_h=-2.545 KL=1.533 H=4.941 pg=-0.021 vL=0.452 loss=+0.130 |g|=14.93
  [β=0.01 W=24] it489: r_task=-0.022 r_h=-2.589 KL=1.316 H=4.995 pg=-0.020 vL=0.497 loss=+0.142 |g|=34.23
  [β=0.01 W=24] it490: r_task=-0.024 r_h=-3.231 KL=1.421 H=4.991 pg=-0.018 vL=0.393 loss=+0.114 |g|=3.83
  [β=0.01 W=24] it491: r_task=-0.047 r_h=-3.048 KL=1.714 H=5.026 pg=-0.019 vL=0.831 loss=+0.247 |g|=11.78
  [β=0.01 W=24] it492: r_task=-0.027 r_h=-2.891 KL=1.459 H=5.127 pg=-0.021 vL=0.557 loss=+0.161 |g|=18.38
  [β=0.01 W=24] it493: r_task=-0.069 r_h=-2.817 KL=1.936 H=5.110 pg=-0.015 vL=1.129 loss=+0.343 |g|=4.89
  [β=0.01 W=24] it494: r_task=-0.043 r_h=-2.256 KL=1.657 H=5.156 pg=-0.024 vL=0.763 loss=+0.220 |g|=4.77
  [β=0.01 W=24] it495: r_task=-0.055 r_h=-3.095 KL=1.626 H=5.026 pg=-0.024 vL=0.915 loss=+0.266 |g|=11.94
  [β=0.01 W=24] it496: r_task=-0.046 r_h=-2.375 KL=1.490 H=5.100 pg=-0.027 vL=0.728 loss=+0.206 |g|=7.76
  [β=0.01 W=24] it497: r_task=-0.062 r_h=-3.598 KL=1.706 H=4.959 pg=-0.024 vL=1.028 loss=+0.302 |g|=1.59
  [β=0.01 W=24] it498: r_task=-0.042 r_h=-3.568 KL=1.550 H=5.049 pg=-0.018 vL=0.836 loss=+0.248 |g|=24.50
  [β=0.01 W=24] it499: r_task=-0.040 r_h=-3.102 KL=1.608 H=5.035 pg=-0.022 vL=0.790 loss=+0.231 |g|=8.68
  [ckpt] saved /spacer/checkpoints/bsweep_b0.01/ckpt_b0.01_W24_it000500.pt
  [β=0.01 W=24] it500: r_task=-0.029 r_h=-3.220 KL=1.456 H=5.053 pg=-0.016 vL=0.539 loss=+0.159 |g|=15.60
  [β=0.01 W=24] it501: r_task=-0.034 r_h=-2.701 KL=1.505 H=5.048 pg=-0.024 vL=0.622 loss=+0.177 |g|=8.22
  [β=0.01 W=24] it502: r_task=-0.046 r_h=-2.829 KL=1.597 H=5.087 pg=-0.023 vL=0.821 loss=+0.238 |g|=8.34
  [β=0.01 W=24] it503: r_task=-0.042 r_h=-2.711 KL=1.512 H=5.053 pg=-0.024 vL=0.718 loss=+0.206 |g|=9.42
  [β=0.01 W=24] it504: r_task=-0.038 r_h=-3.616 KL=1.532 H=5.041 pg=-0.023 vL=0.953 loss=+0.278 |g|=47.42
  [β=0.01 W=24] it505: r_task=-0.035 r_h=-2.329 KL=1.491 H=5.166 pg=-0.022 vL=0.621 loss=+0.178 |g|=3.99
  [β=0.01 W=24] it506: r_task=-0.060 r_h=-3.102 KL=1.671 H=5.087 pg=-0.020 vL=1.087 loss=+0.322 |g|=7.14
  [β=0.01 W=24] it507: r_task=-0.044 r_h=-2.441 KL=1.643 H=5.024 pg=-0.021 vL=0.824 loss=+0.242 |g|=9.47
  [β=0.01 W=24] it508: r_task=-0.032 r_h=-3.130 KL=1.392 H=5.074 pg=-0.024 vL=0.604 loss=+0.171 |g|=17.32
  [β=0.01 W=24] it509: r_task=-0.066 r_h=-2.860 KL=1.790 H=4.809 pg=-0.019 vL=1.207 loss=+0.361 |g|=10.02
  [β=0.01 W=24] it510: r_task=-0.019 r_h=-2.296 KL=1.431 H=5.020 pg=-0.022 vL=0.293 loss=+0.079 |g|=8.05
  [β=0.01 W=24] it511: r_task=-0.027 r_h=-3.515 KL=1.454 H=5.028 pg=-0.020 vL=0.425 loss=+0.122 |g|=3.68
  [β=0.01 W=24] it512: r_task=-0.039 r_h=-3.647 KL=1.567 H=4.805 pg=-0.020 vL=0.790 loss=+0.232 |g|=10.90
  [β=0.01 W=24] it513: r_task=-0.053 r_h=-2.973 KL=1.622 H=4.859 pg=-0.021 vL=0.939 loss=+0.276 |g|=14.32
  [β=0.01 W=24] it514: r_task=-0.022 r_h=-2.890 KL=1.410 H=4.844 pg=-0.024 vL=0.426 loss=+0.117 |g|=3.54
  [β=0.01 W=24] it515: r_task=-0.049 r_h=-3.081 KL=1.615 H=4.908 pg=-0.020 vL=0.801 loss=+0.236 |g|=13.51
  [β=0.01 W=24] it516: r_task=-0.017 r_h=-2.718 KL=1.437 H=4.848 pg=-0.021 vL=0.323 loss=+0.091 |g|=10.16
  [β=0.01 W=24] it517: r_task=-0.023 r_h=-3.483 KL=1.461 H=4.877 pg=-0.017 vL=0.412 loss=+0.120 |g|=1.17
  [β=0.01 W=24] it518: r_task=-0.040 r_h=-3.282 KL=1.550 H=4.990 pg=-0.016 vL=0.648 loss=+0.193 |g|=8.57
  [β=0.01 W=24] it519: r_task=-0.039 r_h=-2.848 KL=1.440 H=4.976 pg=-0.023 vL=0.648 loss=+0.186 |g|=6.10
  [β=0.01 W=24] it520: r_task=-0.029 r_h=-2.589 KL=1.469 H=4.987 pg=-0.020 vL=0.538 loss=+0.155 |g|=8.55
  [β=0.01 W=24] it521: r_task=-0.028 r_h=-3.393 KL=1.432 H=4.973 pg=-0.017 vL=0.460 loss=+0.135 |g|=5.99
  [β=0.01 W=24] it522: r_task=-0.024 r_h=-2.449 KL=1.471 H=4.926 pg=-0.020 vL=0.464 loss=+0.133 |g|=11.70
  [β=0.01 W=24] it523: r_task=-0.018 r_h=-3.511 KL=1.283 H=5.009 pg=-0.020 vL=0.318 loss=+0.088 |g|=4.79
  [β=0.01 W=24] it524: r_task=-0.036 r_h=-2.684 KL=1.533 H=5.032 pg=-0.022 vL=0.546 loss=+0.156 |g|=6.79
  [β=0.01 W=24] it525: r_task=-0.027 r_h=-2.855 KL=1.453 H=5.047 pg=-0.017 vL=0.532 loss=+0.157 |g|=12.77
  [β=0.01 W=24] it526: r_task=-0.041 r_h=-2.502 KL=1.513 H=5.089 pg=-0.026 vL=0.600 loss=+0.169 |g|=4.52
  [β=0.01 W=24] it527: r_task=-0.069 r_h=-2.898 KL=1.830 H=5.090 pg=-0.014 vL=1.095 loss=+0.333 |g|=19.32
  [β=0.01 W=24] it528: r_task=-0.050 r_h=-4.607 KL=1.715 H=5.110 pg=-0.019 vL=0.902 loss=+0.268 |g|=9.57
  [β=0.01 W=24] it529: r_task=-0.044 r_h=-3.717 KL=1.605 H=5.129 pg=-0.018 vL=0.844 loss=+0.251 |g|=14.42
  [β=0.01 W=24] it530: r_task=-0.049 r_h=-2.911 KL=1.600 H=5.139 pg=-0.022 vL=0.785 loss=+0.229 |g|=2.01
  [β=0.01 W=24] it531: r_task=-0.035 r_h=-2.665 KL=1.569 H=5.118 pg=-0.018 vL=0.712 loss=+0.211 |g|=9.08
  [β=0.01 W=24] it532: r_task=-0.044 r_h=-2.855 KL=1.513 H=5.182 pg=-0.025 vL=0.822 loss=+0.236 |g|=12.06
  [β=0.01 W=24] it533: r_task=-0.053 r_h=-3.699 KL=1.656 H=5.152 pg=-0.021 vL=0.909 loss=+0.269 |g|=6.22
  [β=0.01 W=24] it534: r_task=-0.029 r_h=-2.018 KL=1.423 H=5.209 pg=-0.022 vL=0.525 loss=+0.150 |g|=11.16
  [β=0.01 W=24] it535: r_task=-0.038 r_h=-3.092 KL=1.482 H=5.142 pg=-0.024 vL=0.689 loss=+0.197 |g|=1.48
  [β=0.01 W=24] it536: r_task=-0.044 r_h=-3.101 KL=1.684 H=5.125 pg=-0.019 vL=0.724 loss=+0.214 |g|=1.84
  [β=0.01 W=24] it537: r_task=-0.053 r_h=-2.667 KL=1.740 H=5.224 pg=-0.023 vL=0.897 loss=+0.263 |g|=7.04
  [β=0.01 W=24] it538: r_task=-0.064 r_h=-2.745 KL=1.650 H=5.152 pg=-0.021 vL=1.208 loss=+0.358 |g|=5.46
  [β=0.01 W=24] it539: r_task=-0.038 r_h=-3.141 KL=1.583 H=5.124 pg=-0.018 vL=0.715 loss=+0.212 |g|=7.94
  [β=0.01 W=24] it540: r_task=-0.040 r_h=-2.573 KL=1.444 H=5.167 pg=-0.023 vL=0.721 loss=+0.207 |g|=5.97
  [β=0.01 W=24] it541: r_task=-0.015 r_h=-2.536 KL=1.311 H=5.135 pg=-0.025 vL=0.258 loss=+0.065 |g|=6.02
  [β=0.01 W=24] it542: r_task=-0.041 r_h=-2.546 KL=1.552 H=5.133 pg=-0.022 vL=0.898 loss=+0.262 |g|=26.35
  [β=0.01 W=24] it543: r_task=-0.049 r_h=-3.063 KL=1.648 H=5.026 pg=-0.018 vL=0.858 loss=+0.256 |g|=9.81
  [β=0.01 W=24] it544: r_task=-0.031 r_h=-2.637 KL=1.607 H=5.092 pg=-0.015 vL=0.609 loss=+0.184 |g|=7.14
  [β=0.01 W=24] it545: r_task=-0.031 r_h=-2.318 KL=1.452 H=5.092 pg=-0.024 vL=0.593 loss=+0.168 |g|=8.54
  [β=0.01 W=24] it546: r_task=-0.023 r_h=-2.398 KL=1.394 H=5.111 pg=-0.019 vL=0.381 loss=+0.108 |g|=2.53
  [β=0.01 W=24] it547: r_task=-0.055 r_h=-2.229 KL=1.835 H=4.998 pg=-0.022 vL=0.897 loss=+0.264 |g|=8.03
  [β=0.01 W=24] it548: r_task=-0.031 r_h=-3.308 KL=1.474 H=5.147 pg=-0.023 vL=0.570 loss=+0.163 |g|=7.78
  [β=0.01 W=24] it549: r_task=-0.040 r_h=-2.432 KL=1.613 H=4.921 pg=-0.017 vL=0.807 loss=+0.241 |g|=10.13
  [β=0.01 W=24] it550: r_task=-0.041 r_h=-2.862 KL=1.956 H=4.893 pg=-0.025 vL=0.722 loss=+0.211 |g|=11.14
  [β=0.01 W=24] it551: r_task=-0.021 r_h=-3.716 KL=1.408 H=5.080 pg=-0.019 vL=0.384 loss=+0.110 |g|=4.46
  [β=0.01 W=24] it552: r_task=-0.025 r_h=-2.276 KL=1.540 H=5.068 pg=-0.019 vL=0.464 loss=+0.135 |g|=1.47
  [β=0.01 W=24] it553: r_task=-0.044 r_h=-3.206 KL=1.592 H=4.980 pg=-0.022 vL=0.821 loss=+0.239 |g|=14.12
  [β=0.01 W=24] it554: r_task=-0.065 r_h=-2.783 KL=1.827 H=5.036 pg=-0.015 vL=1.176 loss=+0.356 |g|=8.78
  [β=0.01 W=24] it555: r_task=-0.024 r_h=-2.858 KL=1.463 H=5.116 pg=-0.019 vL=0.423 loss=+0.122 |g|=12.14
  [β=0.01 W=24] it556: r_task=-0.016 r_h=-2.899 KL=1.341 H=5.090 pg=-0.019 vL=0.280 loss=+0.078 |g|=2.54
  [β=0.01 W=24] it557: r_task=-0.043 r_h=-2.896 KL=1.762 H=5.060 pg=-0.020 vL=0.729 loss=+0.216 |g|=19.35
  [β=0.01 W=24] it558: r_task=-0.059 r_h=-2.754 KL=1.903 H=4.925 pg=-0.015 vL=1.111 loss=+0.338 |g|=5.85
  [β=0.01 W=24] it559: r_task=-0.046 r_h=-2.781 KL=1.887 H=4.975 pg=-0.017 vL=0.885 loss=+0.266 |g|=12.29
  [β=0.01 W=24] it560: r_task=-0.040 r_h=-4.047 KL=1.607 H=5.075 pg=-0.013 vL=0.679 loss=+0.206 |g|=12.95
  [β=0.01 W=24] it561: r_task=-0.053 r_h=-2.351 KL=1.728 H=5.063 pg=-0.020 vL=0.945 loss=+0.280 |g|=11.22
  [β=0.01 W=24] it562: r_task=-0.041 r_h=-3.066 KL=1.627 H=5.062 pg=-0.016 vL=0.760 loss=+0.228 |g|=16.19
  [β=0.01 W=24] it563: r_task=-0.031 r_h=-3.358 KL=1.718 H=4.974 pg=-0.016 vL=0.702 loss=+0.211 |g|=17.99
  [β=0.01 W=24] it564: r_task=-0.024 r_h=-2.645 KL=1.398 H=5.112 pg=-0.018 vL=0.447 loss=+0.130 |g|=6.46
  [β=0.01 W=24] it565: r_task=-0.054 r_h=-3.481 KL=1.601 H=5.067 pg=-0.021 vL=0.989 loss=+0.291 |g|=9.92
  [β=0.01 W=24] it566: r_task=-0.048 r_h=-3.572 KL=1.705 H=5.049 pg=-0.017 vL=0.817 loss=+0.245 |g|=17.14
  [β=0.01 W=24] it567: r_task=-0.046 r_h=-2.700 KL=1.790 H=5.065 pg=-0.023 vL=0.911 loss=+0.267 |g|=12.18
  [β=0.01 W=24] it568: r_task=-0.019 r_h=-2.744 KL=1.443 H=5.118 pg=-0.017 vL=0.384 loss=+0.113 |g|=8.95
  [β=0.01 W=24] it569: r_task=-0.034 r_h=-4.217 KL=1.627 H=4.997 pg=-0.013 vL=0.608 loss=+0.185 |g|=6.01
  [β=0.01 W=24] it570: r_task=-0.055 r_h=-2.606 KL=1.781 H=5.032 pg=-0.019 vL=0.989 loss=+0.295 |g|=7.13
  [β=0.01 W=24] it571: r_task=-0.041 r_h=-2.935 KL=1.536 H=5.037 pg=-0.015 vL=0.699 loss=+0.210 |g|=9.59
  [β=0.01 W=24] it572: r_task=-0.028 r_h=-2.825 KL=1.518 H=4.931 pg=-0.014 vL=0.565 loss=+0.170 |g|=11.49
  [β=0.01 W=24] it573: r_task=-0.033 r_h=-2.959 KL=1.602 H=4.881 pg=-0.021 vL=0.549 loss=+0.160 |g|=5.66
  [β=0.01 W=24] it574: r_task=-0.050 r_h=-3.048 KL=1.663 H=4.878 pg=-0.021 vL=0.801 loss=+0.237 |g|=15.94
  [β=0.01 W=24] it575: r_task=-0.033 r_h=-2.470 KL=1.517 H=4.889 pg=-0.019 vL=0.558 loss=+0.163 |g|=4.89
  [β=0.01 W=24] it576: r_task=-0.044 r_h=-2.786 KL=1.767 H=4.876 pg=-0.023 vL=0.781 loss=+0.228 |g|=2.93
  [β=0.01 W=24] it577: r_task=-0.042 r_h=-1.827 KL=1.666 H=4.953 pg=-0.019 vL=0.657 loss=+0.195 |g|=17.20
  [β=0.01 W=24] it578: r_task=-0.023 r_h=-3.119 KL=1.425 H=4.923 pg=-0.020 vL=0.483 loss=+0.139 |g|=19.76
  [β=0.01 W=24] it579: r_task=-0.024 r_h=-2.420 KL=1.520 H=4.924 pg=-0.019 vL=0.408 loss=+0.118 |g|=4.72
  [β=0.01 W=24] it580: r_task=-0.032 r_h=-2.463 KL=1.555 H=4.843 pg=-0.020 vL=0.641 loss=+0.187 |g|=22.03
  [β=0.01 W=24] it581: r_task=-0.034 r_h=-2.897 KL=1.514 H=4.870 pg=-0.019 vL=0.585 loss=+0.171 |g|=1.70
  [β=0.01 W=24] it582: r_task=-0.018 r_h=-2.564 KL=1.430 H=4.953 pg=-0.011 vL=0.325 loss=+0.101 |g|=15.65
  [β=0.01 W=24] it583: r_task=-0.058 r_h=-2.928 KL=2.087 H=4.832 pg=-0.011 vL=1.040 loss=+0.321 |g|=4.30
  [β=0.01 W=24] it584: r_task=-0.019 r_h=-2.588 KL=1.579 H=4.864 pg=-0.016 vL=0.310 loss=+0.092 |g|=1.45
  [β=0.01 W=24] it585: r_task=-0.037 r_h=-2.908 KL=1.629 H=4.909 pg=-0.017 vL=0.693 loss=+0.207 |g|=11.99
  [β=0.01 W=24] it586: r_task=-0.055 r_h=-1.912 KL=1.702 H=4.895 pg=-0.016 vL=0.932 loss=+0.280 |g|=9.02
  [β=0.01 W=24] it587: r_task=-0.047 r_h=-2.935 KL=1.721 H=4.910 pg=-0.015 vL=0.771 loss=+0.232 |g|=34.31
  [β=0.01 W=24] it588: r_task=-0.034 r_h=-3.451 KL=1.590 H=4.930 pg=-0.015 vL=0.564 loss=+0.170 |g|=6.45
  [β=0.01 W=24] it589: r_task=-0.024 r_h=-2.810 KL=1.344 H=5.045 pg=-0.018 vL=0.477 loss=+0.138 |g|=1.12
  [β=0.01 W=24] it590: r_task=-0.062 r_h=-3.337 KL=1.859 H=4.880 pg=-0.020 vL=1.044 loss=+0.311 |g|=11.77
  [β=0.01 W=24] it591: r_task=-0.038 r_h=-2.872 KL=1.530 H=4.937 pg=-0.017 vL=0.719 loss=+0.213 |g|=2.09
  [β=0.01 W=24] it592: r_task=-0.036 r_h=-2.575 KL=1.547 H=4.938 pg=-0.018 vL=0.688 loss=+0.204 |g|=1.81
  [β=0.01 W=24] it593: r_task=-0.031 r_h=-2.629 KL=1.527 H=4.946 pg=-0.010 vL=0.548 loss=+0.170 |g|=16.27
  [β=0.01 W=24] it594: r_task=-0.032 r_h=-3.075 KL=1.405 H=5.050 pg=-0.015 vL=0.560 loss=+0.167 |g|=14.06
  [β=0.01 W=24] it595: r_task=-0.033 r_h=-2.571 KL=1.478 H=5.037 pg=-0.021 vL=0.533 loss=+0.153 |g|=39.61
  [β=0.01 W=24] it596: r_task=-0.024 r_h=-2.832 KL=1.434 H=4.938 pg=-0.018 vL=0.392 loss=+0.113 |g|=5.92
  [β=0.01 W=24] it597: r_task=-0.018 r_h=-3.234 KL=1.234 H=5.075 pg=-0.015 vL=0.327 loss=+0.095 |g|=24.94
  [β=0.01 W=24] it598: r_task=-0.055 r_h=-2.637 KL=1.579 H=5.064 pg=-0.016 vL=0.901 loss=+0.270 |g|=3.74
  [β=0.01 W=24] it599: r_task=-0.029 r_h=-2.740 KL=1.415 H=4.993 pg=-0.017 vL=0.493 loss=+0.144 |g|=18.79
  [β=0.01 W=24] it600: r_task=-0.035 r_h=-2.910 KL=1.416 H=5.028 pg=-0.019 vL=0.683 loss=+0.200 |g|=18.14
  [β=0.01 W=24] it601: r_task=-0.051 r_h=-3.667 KL=1.500 H=5.121 pg=-0.020 vL=0.808 loss=+0.237 |g|=13.69
  [β=0.01 W=24] it602: r_task=-0.016 r_h=-2.817 KL=1.323 H=5.035 pg=-0.017 vL=0.324 loss=+0.093 |g|=5.60
  [β=0.01 W=24] it603: r_task=-0.024 r_h=-3.222 KL=1.429 H=5.071 pg=-0.021 vL=0.416 loss=+0.118 |g|=1.71
  [β=0.01 W=24] it604: r_task=-0.049 r_h=-3.310 KL=1.592 H=5.047 pg=-0.020 vL=0.800 loss=+0.235 |g|=8.26
  [β=0.01 W=24] it605: r_task=-0.014 r_h=-2.643 KL=1.246 H=5.150 pg=-0.016 vL=0.253 loss=+0.072 |g|=20.90
  [β=0.01 W=24] it606: r_task=-0.073 r_h=-2.826 KL=1.752 H=5.004 pg=-0.022 vL=1.317 loss=+0.390 |g|=12.41
  [β=0.01 W=24] it607: r_task=-0.035 r_h=-2.367 KL=1.510 H=5.064 pg=-0.024 vL=0.697 loss=+0.200 |g|=1.71
  [β=0.01 W=24] it608: r_task=-0.014 r_h=-2.893 KL=1.388 H=5.058 pg=-0.014 vL=0.276 loss=+0.082 |g|=11.08
  [β=0.01 W=24] it609: r_task=-0.024 r_h=-2.582 KL=1.455 H=5.019 pg=-0.016 vL=0.397 loss=+0.118 |g|=12.91
  [β=0.01 W=24] it610: r_task=-0.041 r_h=-3.058 KL=1.673 H=4.894 pg=-0.017 vL=0.679 loss=+0.203 |g|=10.85
  [β=0.01 W=24] it611: r_task=-0.041 r_h=-3.222 KL=1.574 H=4.940 pg=-0.024 vL=0.684 loss=+0.196 |g|=24.23
  [β=0.01 W=24] it612: r_task=-0.020 r_h=-3.244 KL=1.351 H=5.028 pg=-0.022 vL=0.371 loss=+0.103 |g|=1.89
  [β=0.01 W=24] it613: r_task=-0.039 r_h=-2.799 KL=1.618 H=4.923 pg=-0.020 vL=0.640 loss=+0.188 |g|=5.69
  [β=0.01 W=24] it614: r_task=-0.045 r_h=-2.784 KL=1.535 H=4.927 pg=-0.016 vL=0.672 loss=+0.201 |g|=8.79
  [β=0.01 W=24] it615: r_task=-0.058 r_h=-2.295 KL=1.843 H=4.797 pg=-0.017 vL=1.030 loss=+0.311 |g|=6.24
  [β=0.01 W=24] it616: r_task=-0.046 r_h=-3.271 KL=1.559 H=4.890 pg=-0.018 vL=0.756 loss=+0.223 |g|=16.88
  [β=0.01 W=24] it617: r_task=-0.049 r_h=-2.841 KL=1.793 H=4.864 pg=-0.015 vL=0.800 loss=+0.242 |g|=12.30
  [β=0.01 W=24] it618: r_task=-0.046 r_h=-2.268 KL=1.582 H=4.929 pg=-0.016 vL=0.743 loss=+0.222 |g|=9.41
  [β=0.01 W=24] it619: r_task=-0.043 r_h=-3.095 KL=1.483 H=4.965 pg=-0.016 vL=0.824 loss=+0.245 |g|=6.42
  [β=0.01 W=24] it620: r_task=-0.030 r_h=-2.551 KL=1.402 H=5.011 pg=-0.016 vL=0.512 loss=+0.151 |g|=13.26
  [β=0.01 W=24] it621: r_task=-0.030 r_h=-2.263 KL=1.416 H=4.976 pg=-0.020 vL=0.555 loss=+0.160 |g|=1.76
  [β=0.01 W=24] it622: r_task=-0.037 r_h=-2.700 KL=1.448 H=4.925 pg=-0.015 vL=0.636 loss=+0.190 |g|=7.91
  [β=0.01 W=24] it623: r_task=-0.041 r_h=-3.074 KL=1.539 H=4.952 pg=-0.018 vL=0.797 loss=+0.236 |g|=20.58
  [β=0.01 W=24] it624: r_task=-0.034 r_h=-2.458 KL=1.420 H=4.988 pg=-0.014 vL=0.537 loss=+0.161 |g|=8.94
  [β=0.01 W=24] it625: r_task=-0.020 r_h=-2.518 KL=1.382 H=4.969 pg=-0.010 vL=0.309 loss=+0.096 |g|=5.33
  [β=0.01 W=24] it626: r_task=-0.055 r_h=-3.499 KL=1.562 H=4.926 pg=-0.016 vL=0.939 loss=+0.281 |g|=12.30
  [β=0.01 W=24] it627: r_task=-0.021 r_h=-2.674 KL=1.317 H=4.959 pg=-0.018 vL=0.365 loss=+0.104 |g|=16.86
  [β=0.01 W=24] it628: r_task=-0.047 r_h=-3.331 KL=1.608 H=4.895 pg=-0.021 vL=0.851 loss=+0.250 |g|=3.41
  [β=0.01 W=24] it629: r_task=-0.013 r_h=-2.634 KL=1.230 H=5.059 pg=-0.026 vL=0.205 loss=+0.047 |g|=11.78
  [β=0.01 W=24] it630: r_task=-0.015 r_h=-3.165 KL=1.393 H=5.081 pg=-0.020 vL=0.240 loss=+0.065 |g|=9.21
  [β=0.01 W=24] it631: r_task=-0.038 r_h=-2.768 KL=1.558 H=5.031 pg=-0.021 vL=0.606 loss=+0.176 |g|=18.81
  [β=0.01 W=24] it632: r_task=-0.017 r_h=-3.016 KL=1.495 H=5.129 pg=-0.022 vL=0.220 loss=+0.058 |g|=11.60
  [β=0.01 W=24] it633: r_task=-0.050 r_h=-2.746 KL=1.855 H=4.934 pg=-0.019 vL=0.859 loss=+0.258 |g|=2.23
  [β=0.01 W=24] it634: r_task=-0.037 r_h=-3.034 KL=1.514 H=5.001 pg=-0.020 vL=0.683 loss=+0.200 |g|=3.61
  [β=0.01 W=24] it635: r_task=-0.016 r_h=-3.752 KL=1.277 H=5.056 pg=-0.016 vL=0.328 loss=+0.095 |g|=8.86
  [β=0.01 W=24] it636: r_task=-0.012 r_h=-2.934 KL=1.262 H=5.061 pg=-0.016 vL=0.208 loss=+0.059 |g|=15.96
  [β=0.01 W=24] it637: r_task=-0.032 r_h=-2.564 KL=1.639 H=4.982 pg=-0.018 vL=0.523 loss=+0.156 |g|=15.47
  [β=0.01 W=24] it638: r_task=-0.024 r_h=-2.973 KL=1.444 H=4.955 pg=-0.021 vL=0.450 loss=+0.128 |g|=4.73
  [β=0.01 W=24] it639: r_task=-0.028 r_h=-2.513 KL=1.382 H=5.054 pg=-0.017 vL=0.424 loss=+0.123 |g|=8.62
  [β=0.01 W=24] it640: r_task=-0.034 r_h=-2.855 KL=1.637 H=4.783 pg=-0.021 vL=0.640 loss=+0.187 |g|=13.22
  [β=0.01 W=24] it641: r_task=-0.022 r_h=-2.631 KL=1.385 H=5.027 pg=-0.019 vL=0.455 loss=+0.130 |g|=8.41
  [β=0.01 W=24] it642: r_task=-0.039 r_h=-3.126 KL=1.489 H=4.988 pg=-0.019 vL=0.719 loss=+0.211 |g|=4.93
  [β=0.01 W=24] it643: r_task=-0.028 r_h=-3.521 KL=1.623 H=4.921 pg=-0.008 vL=0.463 loss=+0.147 |g|=11.19
  [β=0.01 W=24] it644: r_task=-0.042 r_h=-3.553 KL=1.545 H=4.936 pg=-0.021 vL=0.756 loss=+0.221 |g|=7.60
  [β=0.01 W=24] it645: r_task=-0.080 r_h=-2.935 KL=1.916 H=4.916 pg=-0.018 vL=1.321 loss=+0.397 |g|=17.47
  [β=0.01 W=24] it646: r_task=-0.022 r_h=-2.767 KL=1.274 H=5.126 pg=-0.026 vL=0.379 loss=+0.100 |g|=13.17
  [β=0.01 W=24] it647: r_task=-0.027 r_h=-2.765 KL=1.503 H=5.069 pg=-0.021 vL=0.392 loss=+0.111 |g|=6.25
  [β=0.01 W=24] it648: r_task=-0.054 r_h=-3.762 KL=1.677 H=5.003 pg=-0.017 vL=0.820 loss=+0.245 |g|=7.81
  [β=0.01 W=24] it649: r_task=-0.024 r_h=-2.348 KL=1.351 H=5.013 pg=-0.014 vL=0.458 loss=+0.136 |g|=10.85
  [β=0.01 W=24] it650: r_task=-0.027 r_h=-2.618 KL=1.331 H=5.140 pg=-0.024 vL=0.506 loss=+0.140 |g|=1.43
  [β=0.01 W=24] it651: r_task=-0.056 r_h=-2.812 KL=1.530 H=5.049 pg=-0.021 vL=0.889 loss=+0.261 |g|=23.50
  [β=0.01 W=24] it652: r_task=-0.043 r_h=-3.474 KL=1.559 H=5.027 pg=-0.021 vL=0.754 loss=+0.220 |g|=17.13
  [β=0.01 W=24] it653: r_task=-0.020 r_h=-3.066 KL=1.319 H=5.107 pg=-0.016 vL=0.360 loss=+0.105 |g|=2.16
  [β=0.01 W=24] it654: r_task=-0.051 r_h=-2.622 KL=1.498 H=5.062 pg=-0.024 vL=0.828 loss=+0.240 |g|=12.81
  [β=0.01 W=24] it655: r_task=-0.025 r_h=-3.154 KL=1.438 H=5.041 pg=-0.024 vL=0.412 loss=+0.114 |g|=15.37
  [β=0.01 W=24] it656: r_task=-0.029 r_h=-2.119 KL=1.481 H=5.027 pg=-0.021 vL=0.525 loss=+0.150 |g|=3.19
  [β=0.01 W=24] it657: r_task=-0.058 r_h=-2.651 KL=1.611 H=5.005 pg=-0.022 vL=0.946 loss=+0.277 |g|=5.00
  [β=0.01 W=24] it658: r_task=-0.029 r_h=-2.693 KL=1.390 H=5.017 pg=-0.017 vL=0.536 loss=+0.157 |g|=4.22
  [β=0.01 W=24] it659: r_task=-0.019 r_h=-2.856 KL=1.238 H=5.114 pg=-0.024 vL=0.382 loss=+0.103 |g|=6.61
  [β=0.01 W=24] it660: r_task=-0.031 r_h=-2.826 KL=1.466 H=4.963 pg=-0.021 vL=0.506 loss=+0.145 |g|=5.96
  [β=0.01 W=24] it661: r_task=-0.031 r_h=-3.440 KL=1.485 H=4.995 pg=-0.018 vL=0.542 loss=+0.159 |g|=16.12
  [β=0.01 W=24] it662: r_task=-0.020 r_h=-3.528 KL=1.391 H=5.016 pg=-0.019 vL=0.297 loss=+0.083 |g|=7.82
  [β=0.01 W=24] it663: r_task=-0.047 r_h=-3.214 KL=1.580 H=5.014 pg=-0.021 vL=0.864 loss=+0.253 |g|=10.37
  [β=0.01 W=24] it664: r_task=-0.036 r_h=-3.485 KL=1.384 H=5.055 pg=-0.017 vL=0.605 loss=+0.178 |g|=10.37
  [β=0.01 W=24] it665: r_task=-0.032 r_h=-2.831 KL=1.370 H=5.061 pg=-0.021 vL=0.556 loss=+0.159 |g|=19.55
  [β=0.01 W=24] it666: r_task=-0.034 r_h=-2.841 KL=1.434 H=5.123 pg=-0.014 vL=0.720 loss=+0.216 |g|=3.07
  [β=0.01 W=24] it667: r_task=-0.050 r_h=-3.221 KL=1.521 H=5.082 pg=-0.024 vL=0.876 loss=+0.254 |g|=17.76
  [β=0.01 W=24] it668: r_task=-0.018 r_h=-2.539 KL=1.435 H=5.058 pg=-0.027 vL=0.280 loss=+0.071 |g|=7.16
  [β=0.01 W=24] it669: r_task=-0.041 r_h=-2.969 KL=1.655 H=4.989 pg=-0.011 vL=0.687 loss=+0.211 |g|=13.21
  [β=0.01 W=24] it670: r_task=-0.039 r_h=-3.352 KL=1.596 H=5.046 pg=-0.014 vL=0.732 loss=+0.221 |g|=10.43
  [β=0.01 W=24] it671: r_task=-0.033 r_h=-2.845 KL=1.416 H=5.138 pg=-0.024 vL=0.651 loss=+0.186 |g|=14.14
  [β=0.01 W=24] it672: r_task=-0.046 r_h=-2.668 KL=1.686 H=4.973 pg=-0.017 vL=0.692 loss=+0.207 |g|=5.06
  [β=0.01 W=24] it673: r_task=-0.019 r_h=-2.848 KL=1.440 H=5.088 pg=-0.023 vL=0.324 loss=+0.089 |g|=12.62
  [β=0.01 W=24] it674: r_task=-0.036 r_h=-2.758 KL=1.487 H=5.134 pg=-0.017 vL=0.544 loss=+0.160 |g|=2.96
  [β=0.01 W=24] it675: r_task=-0.039 r_h=-3.915 KL=1.436 H=5.033 pg=-0.017 vL=0.674 loss=+0.199 |g|=11.61
  [β=0.01 W=24] it676: r_task=-0.023 r_h=-2.159 KL=1.330 H=5.045 pg=-0.013 vL=0.454 loss=+0.135 |g|=10.90
  [β=0.01 W=24] it677: r_task=-0.022 r_h=-3.228 KL=1.439 H=5.085 pg=-0.017 vL=0.377 loss=+0.110 |g|=11.34
  [β=0.01 W=24] it678: r_task=-0.052 r_h=-3.315 KL=1.767 H=4.979 pg=-0.007 vL=0.837 loss=+0.261 |g|=19.94
  [β=0.01 W=24] it679: r_task=-0.020 r_h=-2.231 KL=1.429 H=5.004 pg=-0.010 vL=0.363 loss=+0.113 |g|=13.50
  [β=0.01 W=24] it680: r_task=-0.033 r_h=-2.726 KL=1.544 H=4.954 pg=-0.013 vL=0.620 loss=+0.188 |g|=10.70
  [β=0.01 W=24] it681: r_task=-0.016 r_h=-3.181 KL=1.313 H=5.047 pg=-0.014 vL=0.329 loss=+0.097 |g|=14.56
  [β=0.01 W=24] it682: r_task=-0.033 r_h=-3.402 KL=1.430 H=5.049 pg=-0.019 vL=0.568 loss=+0.165 |g|=6.25
  [β=0.01 W=24] it683: r_task=-0.032 r_h=-3.207 KL=1.415 H=5.047 pg=-0.017 vL=0.554 loss=+0.162 |g|=14.15
  [β=0.01 W=24] it684: r_task=-0.048 r_h=-3.569 KL=1.444 H=5.087 pg=-0.017 vL=0.740 loss=+0.219 |g|=21.23
  [β=0.01 W=24] it685: r_task=-0.030 r_h=-2.733 KL=1.333 H=5.102 pg=-0.022 vL=0.547 loss=+0.155 |g|=3.87
  [β=0.01 W=24] it686: r_task=-0.023 r_h=-2.031 KL=1.339 H=5.046 pg=-0.022 vL=0.439 loss=+0.122 |g|=18.76
  [β=0.01 W=24] it687: r_task=-0.029 r_h=-2.622 KL=1.379 H=4.993 pg=-0.019 vL=0.569 loss=+0.165 |g|=12.14
  [β=0.01 W=24] it688: r_task=-0.012 r_h=-2.635 KL=1.168 H=5.154 pg=-0.022 vL=0.230 loss=+0.059 |g|=6.04
  [β=0.01 W=24] it689: r_task=-0.040 r_h=-3.398 KL=1.523 H=5.056 pg=-0.019 vL=0.648 loss=+0.191 |g|=9.39
  [β=0.01 W=24] it690: r_task=-0.038 r_h=-2.395 KL=1.425 H=5.063 pg=-0.022 vL=0.589 loss=+0.169 |g|=20.47
  [β=0.01 W=24] it691: r_task=-0.052 r_h=-3.665 KL=1.540 H=5.113 pg=-0.019 vL=0.847 loss=+0.250 |g|=26.15
  [β=0.01 W=24] it692: r_task=-0.049 r_h=-2.538 KL=1.514 H=5.114 pg=-0.023 vL=0.829 loss=+0.240 |g|=11.54
  [β=0.01 W=24] it693: r_task=-0.016 r_h=-2.671 KL=1.404 H=5.078 pg=-0.017 vL=0.312 loss=+0.089 |g|=17.05
  [β=0.01 W=24] it694: r_task=-0.051 r_h=-3.178 KL=1.519 H=5.054 pg=-0.019 vL=0.870 loss=+0.257 |g|=8.57
  [β=0.01 W=24] it695: r_task=-0.040 r_h=-3.101 KL=1.604 H=5.067 pg=-0.022 vL=0.762 loss=+0.223 |g|=17.75
  [β=0.01 W=24] it696: r_task=-0.016 r_h=-2.386 KL=1.256 H=5.155 pg=-0.016 vL=0.336 loss=+0.097 |g|=16.85
  [β=0.01 W=24] it697: r_task=-0.025 r_h=-3.275 KL=1.257 H=5.261 pg=-0.017 vL=0.444 loss=+0.128 |g|=13.71
  [β=0.01 W=24] it698: r_task=-0.057 r_h=-2.988 KL=1.701 H=5.084 pg=-0.022 vL=0.995 loss=+0.293 |g|=5.82
  [β=0.01 W=24] it699: r_task=-0.038 r_h=-2.851 KL=1.503 H=5.126 pg=-0.018 vL=0.673 loss=+0.198 |g|=2.72
  [β=0.01 W=24] it700: r_task=-0.046 r_h=-2.483 KL=1.330 H=5.169 pg=-0.014 vL=0.809 loss=+0.242 |g|=46.26
  [β=0.01 W=24] it701: r_task=-0.061 r_h=-2.189 KL=1.699 H=5.035 pg=-0.020 vL=1.089 loss=+0.323 |g|=15.90
  [β=0.01 W=24] it702: r_task=-0.036 r_h=-2.828 KL=1.344 H=5.123 pg=-0.012 vL=0.665 loss=+0.200 |g|=5.56
  [β=0.01 W=24] it703: r_task=-0.034 r_h=-2.746 KL=1.434 H=5.077 pg=-0.019 vL=0.643 loss=+0.188 |g|=12.42
  [β=0.01 W=24] it704: r_task=-0.030 r_h=-2.431 KL=1.357 H=5.206 pg=-0.017 vL=0.477 loss=+0.139 |g|=11.08
  [β=0.01 W=24] it705: r_task=-0.065 r_h=-2.258 KL=1.606 H=5.115 pg=-0.019 vL=1.094 loss=+0.325 |g|=6.58
  [β=0.01 W=24] it706: r_task=-0.050 r_h=-2.964 KL=1.393 H=5.141 pg=-0.023 vL=0.831 loss=+0.239 |g|=8.20
  [β=0.01 W=24] it707: r_task=-0.055 r_h=-2.874 KL=1.640 H=4.996 pg=-0.016 vL=0.920 loss=+0.276 |g|=6.75
  [β=0.01 W=24] it708: r_task=-0.036 r_h=-3.144 KL=1.358 H=5.055 pg=-0.021 vL=0.621 loss=+0.179 |g|=2.64
  [β=0.01 W=24] it709: r_task=-0.028 r_h=-3.010 KL=1.245 H=5.119 pg=-0.020 vL=0.427 loss=+0.121 |g|=17.18
  [β=0.01 W=24] it710: r_task=-0.053 r_h=-2.719 KL=1.601 H=5.028 pg=-0.015 vL=0.863 loss=+0.260 |g|=16.99
  [β=0.01 W=24] it711: r_task=-0.051 r_h=-3.023 KL=1.635 H=4.996 pg=-0.022 vL=0.998 loss=+0.293 |g|=99.96
  [β=0.01 W=24] it712: r_task=-0.034 r_h=-3.212 KL=1.368 H=5.160 pg=-0.008 vL=0.463 loss=+0.144 |g|=9.08
  [β=0.01 W=24] it713: r_task=-0.018 r_h=-2.677 KL=1.177 H=5.142 pg=-0.020 vL=0.385 loss=+0.107 |g|=17.49
  [β=0.01 W=24] it714: r_task=-0.072 r_h=-2.918 KL=1.677 H=5.190 pg=-0.023 vL=1.287 loss=+0.380 |g|=39.64
  [β=0.01 W=24] it715: r_task=-0.032 r_h=-2.668 KL=1.354 H=5.114 pg=-0.024 vL=0.618 loss=+0.175 |g|=4.62
  [β=0.01 W=24] it716: r_task=-0.055 r_h=-2.493 KL=1.519 H=5.071 pg=-0.018 vL=0.896 loss=+0.265 |g|=12.53
  [β=0.01 W=24] it717: r_task=-0.061 r_h=-2.330 KL=1.361 H=5.154 pg=-0.016 vL=0.948 loss=+0.282 |g|=4.26
  [β=0.01 W=24] it718: r_task=-0.042 r_h=-3.473 KL=1.605 H=5.043 pg=-0.015 vL=0.735 loss=+0.221 |g|=16.35
  [β=0.01 W=24] it719: r_task=-0.039 r_h=-4.216 KL=1.361 H=5.189 pg=-0.021 vL=0.704 loss=+0.203 |g|=18.22
  [β=0.01 W=24] it720: r_task=-0.030 r_h=-2.520 KL=1.500 H=5.076 pg=-0.019 vL=0.527 loss=+0.154 |g|=11.33
  [β=0.01 W=24] it721: r_task=-0.057 r_h=-2.896 KL=1.723 H=5.096 pg=-0.017 vL=0.890 loss=+0.266 |g|=8.48
  [β=0.01 W=24] it722: r_task=-0.042 r_h=-3.599 KL=1.572 H=5.035 pg=-0.015 vL=0.721 loss=+0.216 |g|=3.02
  [β=0.01 W=24] it723: r_task=-0.031 r_h=-3.802 KL=1.362 H=5.077 pg=-0.022 vL=0.569 loss=+0.162 |g|=14.29
  [β=0.01 W=24] it724: r_task=-0.025 r_h=-2.880 KL=1.290 H=5.157 pg=-0.017 vL=0.399 loss=+0.115 |g|=3.76
  [β=0.01 W=24] it725: r_task=-0.028 r_h=-2.498 KL=1.340 H=5.176 pg=-0.017 vL=0.531 loss=+0.155 |g|=8.49
  [β=0.01 W=24] it726: r_task=-0.052 r_h=-2.206 KL=1.470 H=5.058 pg=-0.021 vL=0.892 loss=+0.261 |g|=11.45
  [β=0.01 W=24] it727: r_task=-0.042 r_h=-3.087 KL=1.560 H=5.035 pg=-0.013 vL=0.648 loss=+0.197 |g|=11.59
  [β=0.01 W=24] it728: r_task=-0.036 r_h=-3.169 KL=1.358 H=5.086 pg=-0.016 vL=0.705 loss=+0.208 |g|=7.27
  [β=0.01 W=24] it729: r_task=-0.024 r_h=-2.944 KL=1.279 H=5.127 pg=-0.024 vL=0.464 loss=+0.128 |g|=6.21
  [β=0.01 W=24] it730: r_task=-0.047 r_h=-3.096 KL=1.464 H=5.079 pg=-0.018 vL=0.720 loss=+0.213 |g|=24.23
  [β=0.01 W=24] it731: r_task=-0.027 r_h=-2.646 KL=1.544 H=5.031 pg=-0.021 vL=0.465 loss=+0.134 |g|=15.85
  [β=0.01 W=24] it732: r_task=-0.021 r_h=-2.933 KL=1.248 H=5.068 pg=-0.016 vL=0.435 loss=+0.127 |g|=1.91
  [β=0.01 W=24] it733: r_task=-0.040 r_h=-3.578 KL=1.312 H=5.121 pg=-0.020 vL=0.694 loss=+0.201 |g|=3.84
  [β=0.01 W=24] it734: r_task=-0.022 r_h=-3.045 KL=1.352 H=5.125 pg=-0.017 vL=0.402 loss=+0.117 |g|=6.99
  [β=0.01 W=24] it735: r_task=-0.037 r_h=-2.711 KL=1.454 H=5.058 pg=-0.021 vL=0.507 loss=+0.146 |g|=10.22
  [β=0.01 W=24] it736: r_task=-0.031 r_h=-3.479 KL=1.369 H=5.055 pg=-0.018 vL=0.545 loss=+0.158 |g|=5.44
  [β=0.01 W=24] it737: r_task=-0.019 r_h=-2.902 KL=1.342 H=5.060 pg=-0.015 vL=0.307 loss=+0.091 |g|=11.39
  [β=0.01 W=24] it738: r_task=-0.045 r_h=-3.074 KL=1.528 H=5.048 pg=-0.015 vL=0.793 loss=+0.238 |g|=2.53
  [β=0.01 W=24] it739: r_task=-0.031 r_h=-2.584 KL=1.337 H=5.103 pg=-0.019 vL=0.467 loss=+0.134 |g|=20.19
  [β=0.01 W=24] it740: r_task=-0.043 r_h=-3.340 KL=1.437 H=5.037 pg=-0.017 vL=0.722 loss=+0.213 |g|=8.84
  [β=0.01 W=24] it741: r_task=-0.020 r_h=-2.501 KL=1.247 H=5.159 pg=-0.009 vL=0.330 loss=+0.102 |g|=8.13
  [β=0.01 W=24] it742: r_task=-0.024 r_h=-2.803 KL=1.447 H=5.111 pg=-0.015 vL=0.438 loss=+0.130 |g|=11.62
  [β=0.01 W=24] it743: r_task=-0.031 r_h=-2.838 KL=1.321 H=5.092 pg=-0.016 vL=0.520 loss=+0.153 |g|=6.51
  [β=0.01 W=24] it744: r_task=-0.026 r_h=-2.960 KL=1.289 H=5.129 pg=-0.016 vL=0.487 loss=+0.142 |g|=6.95
  [β=0.01 W=24] it745: r_task=-0.050 r_h=-3.323 KL=1.542 H=5.107 pg=-0.011 vL=0.941 loss=+0.286 |g|=22.39
  [β=0.01 W=24] it746: r_task=-0.028 r_h=-3.305 KL=1.322 H=5.118 pg=-0.017 vL=0.541 loss=+0.158 |g|=2.79
  [β=0.01 W=24] it747: r_task=-0.031 r_h=-2.655 KL=1.448 H=5.088 pg=-0.017 vL=0.549 loss=+0.161 |g|=18.78
  [β=0.01 W=24] it748: r_task=-0.026 r_h=-3.385 KL=1.341 H=5.144 pg=-0.013 vL=0.458 loss=+0.137 |g|=7.63
  [β=0.01 W=24] it749: r_task=-0.028 r_h=-2.032 KL=1.367 H=5.056 pg=-0.019 vL=0.500 loss=+0.144 |g|=9.05
  [ckpt] saved /spacer/checkpoints/bsweep_b0.01/ckpt_b0.01_W24_it000750.pt
  [β=0.01 W=24] it750: r_task=-0.014 r_h=-2.928 KL=1.249 H=5.114 pg=-0.016 vL=0.256 loss=+0.072 |g|=2.85
  [β=0.01 W=24] it751: r_task=-0.026 r_h=-2.980 KL=1.385 H=5.118 pg=-0.014 vL=0.515 loss=+0.153 |g|=18.39
  [β=0.01 W=24] it752: r_task=-0.039 r_h=-2.396 KL=1.373 H=5.060 pg=-0.011 vL=0.584 loss=+0.178 |g|=5.30
  [β=0.01 W=24] it753: r_task=-0.056 r_h=-2.491 KL=1.476 H=5.068 pg=-0.022 vL=0.962 loss=+0.281 |g|=8.68
  [β=0.01 W=24] it754: r_task=-0.017 r_h=-3.095 KL=1.208 H=5.043 pg=-0.012 vL=0.289 loss=+0.086 |g|=2.44
  [β=0.01 W=24] it755: r_task=-0.041 r_h=-2.156 KL=1.510 H=4.937 pg=-0.019 vL=0.606 loss=+0.177 |g|=5.12
  [β=0.01 W=24] it756: r_task=-0.031 r_h=-2.317 KL=1.266 H=5.106 pg=-0.018 vL=0.589 loss=+0.171 |g|=42.24
  [β=0.01 W=24] it757: r_task=-0.020 r_h=-3.341 KL=1.389 H=5.051 pg=-0.009 vL=0.317 loss=+0.100 |g|=22.16
  [β=0.01 W=24] it758: r_task=-0.042 r_h=-2.890 KL=1.518 H=5.124 pg=-0.022 vL=0.639 loss=+0.185 |g|=8.91
  [β=0.01 W=24] it759: r_task=-0.035 r_h=-2.993 KL=1.350 H=5.082 pg=-0.012 vL=0.585 loss=+0.178 |g|=35.55
  [β=0.01 W=24] it760: r_task=-0.035 r_h=-2.219 KL=1.504 H=5.103 pg=-0.012 vL=0.583 loss=+0.178 |g|=21.83
  [β=0.01 W=24] it761: r_task=-0.048 r_h=-3.369 KL=1.556 H=5.078 pg=-0.021 vL=0.880 loss=+0.258 |g|=3.02
  [β=0.01 W=24] it762: r_task=-0.031 r_h=-3.147 KL=1.378 H=5.170 pg=-0.018 vL=0.644 loss=+0.189 |g|=15.60
  [β=0.01 W=24] it763: r_task=-0.033 r_h=-3.136 KL=1.410 H=5.201 pg=-0.020 vL=0.560 loss=+0.162 |g|=10.75
  [β=0.01 W=24] it764: r_task=-0.029 r_h=-2.807 KL=1.418 H=5.155 pg=-0.023 vL=0.505 loss=+0.142 |g|=4.81
  [β=0.01 W=24] it765: r_task=-0.054 r_h=-3.649 KL=1.543 H=5.028 pg=-0.014 vL=0.881 loss=+0.266 |g|=21.87
  [β=0.01 W=24] it766: r_task=-0.053 r_h=-2.972 KL=1.518 H=5.071 pg=-0.020 vL=0.878 loss=+0.258 |g|=3.77
  [β=0.01 W=24] it767: r_task=-0.039 r_h=-3.568 KL=1.404 H=5.113 pg=-0.008 vL=0.738 loss=+0.226 |g|=17.27
  [β=0.01 W=24] it768: r_task=-0.031 r_h=-2.409 KL=1.398 H=5.097 pg=-0.023 vL=0.559 loss=+0.159 |g|=14.35
  [β=0.01 W=24] it769: r_task=-0.045 r_h=-2.017 KL=1.421 H=5.136 pg=-0.019 vL=0.756 loss=+0.221 |g|=23.98
  [β=0.01 W=24] it770: r_task=-0.049 r_h=-2.784 KL=1.524 H=5.091 pg=-0.023 vL=0.774 loss=+0.224 |g|=16.07
  [β=0.01 W=24] it771: r_task=-0.016 r_h=-2.591 KL=1.239 H=5.202 pg=-0.015 vL=0.297 loss=+0.086 |g|=4.33
  [β=0.01 W=24] it772: r_task=-0.042 r_h=-3.178 KL=1.482 H=5.143 pg=-0.021 vL=0.827 loss=+0.242 |g|=18.40
  [β=0.01 W=24] it773: r_task=-0.044 r_h=-3.406 KL=1.543 H=5.080 pg=-0.016 vL=0.777 loss=+0.232 |g|=4.53
  [β=0.01 W=24] it774: r_task=-0.047 r_h=-3.471 KL=1.536 H=5.069 pg=-0.016 vL=0.775 loss=+0.231 |g|=25.36
  [β=0.01 W=24] it775: r_task=-0.045 r_h=-2.979 KL=1.471 H=5.082 pg=-0.013 vL=0.763 loss=+0.230 |g|=18.77
  [β=0.01 W=24] it776: r_task=-0.028 r_h=-2.956 KL=1.473 H=5.201 pg=-0.012 vL=0.513 loss=+0.156 |g|=33.36
  [β=0.01 W=24] it777: r_task=-0.059 r_h=-3.077 KL=1.519 H=5.196 pg=-0.016 vL=1.060 loss=+0.316 |g|=10.55
  [β=0.01 W=24] it778: r_task=-0.016 r_h=-2.877 KL=1.210 H=5.175 pg=-0.019 vL=0.362 loss=+0.101 |g|=20.45
  [β=0.01 W=24] it779: r_task=-0.044 r_h=-2.916 KL=1.500 H=5.138 pg=-0.018 vL=0.688 loss=+0.203 |g|=28.86
  [β=0.01 W=24] it780: r_task=-0.067 r_h=-3.076 KL=1.739 H=4.994 pg=-0.012 vL=1.015 loss=+0.310 |g|=56.76
  [β=0.01 W=24] it781: r_task=-0.021 r_h=-2.772 KL=1.336 H=5.084 pg=-0.015 vL=0.487 loss=+0.144 |g|=23.10
  [β=0.01 W=24] it782: r_task=-0.044 r_h=-3.252 KL=1.434 H=5.123 pg=-0.015 vL=0.919 loss=+0.274 |g|=30.71
  [β=0.01 W=24] it783: r_task=-0.029 r_h=-2.598 KL=1.398 H=5.098 pg=-0.013 vL=0.484 loss=+0.145 |g|=64.63
  [β=0.01 W=24] it784: r_task=-0.037 r_h=-3.005 KL=1.406 H=5.211 pg=-0.018 vL=0.629 loss=+0.185 |g|=13.41
  [β=0.01 W=24] it785: r_task=-0.044 r_h=-2.552 KL=1.336 H=5.156 pg=-0.015 vL=0.677 loss=+0.201 |g|=5.38
  [β=0.01 W=24] it786: r_task=-0.049 r_h=-3.803 KL=1.581 H=5.020 pg=-0.018 vL=0.884 loss=+0.262 |g|=13.54
  [β=0.01 W=24] it787: r_task=-0.035 r_h=-2.690 KL=1.399 H=5.176 pg=-0.014 vL=0.601 loss=+0.180 |g|=41.78
  [β=0.01 W=24] it788: r_task=-0.030 r_h=-2.510 KL=1.520 H=5.062 pg=-0.020 vL=0.561 loss=+0.163 |g|=12.43
  [β=0.01 W=24] it789: r_task=-0.013 r_h=-3.281 KL=1.108 H=5.215 pg=-0.013 vL=0.188 loss=+0.055 |g|=6.47
  [β=0.01 W=24] it790: r_task=-0.068 r_h=-2.182 KL=1.657 H=5.017 pg=-0.013 vL=1.116 loss=+0.338 |g|=13.03
  [β=0.01 W=24] it791: r_task=-0.011 r_h=-3.616 KL=1.271 H=5.106 pg=-0.010 vL=0.235 loss=+0.074 |g|=14.88
  [β=0.01 W=24] it792: r_task=-0.086 r_h=-3.043 KL=2.740 H=5.142 pg=-0.016 vL=1.454 loss=+0.447 |g|=10.87
  [β=0.01 W=24] it793: r_task=-0.062 r_h=-2.962 KL=2.028 H=5.255 pg=-0.016 vL=1.195 loss=+0.361 |g|=8.29
  [β=0.01 W=24] it794: r_task=-0.082 r_h=-2.740 KL=1.962 H=5.243 pg=-0.022 vL=1.318 loss=+0.392 |g|=15.65
  [β=0.01 W=24] it795: r_task=-0.043 r_h=-2.822 KL=1.693 H=5.195 pg=-0.019 vL=0.879 loss=+0.261 |g|=32.82
  [β=0.01 W=24] it796: r_task=-0.058 r_h=-2.822 KL=1.729 H=5.241 pg=-0.026 vL=1.009 loss=+0.293 |g|=60.38
  [β=0.01 W=24] it797: r_task=-0.062 r_h=-3.104 KL=1.641 H=5.168 pg=-0.016 vL=0.969 loss=+0.291 |g|=40.98
  [β=0.01 W=24] it798: r_task=-0.042 r_h=-2.890 KL=1.409 H=5.168 pg=-0.014 vL=0.826 loss=+0.248 |g|=6.91
  [β=0.01 W=24] it799: r_task=-0.066 r_h=-2.827 KL=1.662 H=5.245 pg=-0.017 vL=0.995 loss=+0.297 |g|=19.57
  [β=0.01 W=24] it800: r_task=-0.026 r_h=-3.129 KL=1.380 H=5.238 pg=-0.019 vL=0.466 loss=+0.134 |g|=4.67
  [β=0.01 W=24] it801: r_task=-0.063 r_h=-2.258 KL=1.601 H=5.249 pg=-0.018 vL=1.085 loss=+0.323 |g|=19.43
  [β=0.01 W=24] it802: r_task=-0.046 r_h=-2.195 KL=1.525 H=5.088 pg=-0.017 vL=0.733 loss=+0.218 |g|=24.25
  [β=0.01 W=24] it803: r_task=-0.018 r_h=-3.140 KL=1.239 H=5.191 pg=-0.017 vL=0.344 loss=+0.099 |g|=14.93
  [β=0.01 W=24] it804: r_task=-0.046 r_h=-3.481 KL=1.509 H=5.135 pg=-0.013 vL=0.857 loss=+0.259 |g|=21.45
  [β=0.01 W=24] it805: r_task=-0.029 r_h=-2.472 KL=1.375 H=5.134 pg=-0.018 vL=0.527 loss=+0.154 |g|=15.94
  [β=0.01 W=24] it806: r_task=-0.038 r_h=-3.572 KL=1.352 H=5.178 pg=-0.014 vL=0.572 loss=+0.170 |g|=9.88
  [β=0.01 W=24] it807: r_task=-0.037 r_h=-2.071 KL=1.512 H=5.156 pg=-0.016 vL=0.843 loss=+0.251 |g|=43.85
  [β=0.01 W=24] it808: r_task=-0.044 r_h=-3.268 KL=1.550 H=5.172 pg=-0.016 vL=0.754 loss=+0.225 |g|=10.56
  [β=0.01 W=24] it809: r_task=-0.039 r_h=-1.992 KL=1.557 H=5.214 pg=-0.020 vL=0.696 loss=+0.205 |g|=6.42
  [β=0.01 W=24] it810: r_task=-0.029 r_h=-3.259 KL=1.441 H=5.203 pg=-0.009 vL=0.448 loss=+0.140 |g|=7.44
  [β=0.01 W=24] it811: r_task=-0.027 r_h=-2.790 KL=1.617 H=5.224 pg=-0.013 vL=0.530 loss=+0.162 |g|=14.88
  [β=0.01 W=24] it812: r_task=-0.057 r_h=-2.636 KL=1.790 H=5.206 pg=-0.018 vL=0.927 loss=+0.278 |g|=26.11
  [β=0.01 W=24] it813: r_task=-0.044 r_h=-2.237 KL=1.568 H=5.136 pg=-0.018 vL=0.837 loss=+0.248 |g|=25.75
  [β=0.01 W=24] it814: r_task=-0.025 r_h=-3.110 KL=1.365 H=5.180 pg=-0.014 vL=0.498 loss=+0.148 |g|=39.54
  [β=0.01 W=24] it815: r_task=-0.062 r_h=-3.099 KL=1.742 H=5.091 pg=-0.015 vL=1.032 loss=+0.312 |g|=6.89
  [β=0.01 W=24] it816: r_task=-0.020 r_h=-3.184 KL=1.453 H=5.207 pg=-0.014 vL=0.397 loss=+0.120 |g|=12.79
  [β=0.01 W=24] it817: r_task=-0.047 r_h=-2.967 KL=1.527 H=5.178 pg=-0.010 vL=0.708 loss=+0.218 |g|=21.08
  [β=0.01 W=24] it818: r_task=-0.078 r_h=-3.150 KL=1.829 H=5.147 pg=-0.018 vL=1.285 loss=+0.385 |g|=66.69
  [β=0.01 W=24] it819: r_task=-0.028 r_h=-2.528 KL=1.458 H=5.170 pg=-0.015 vL=0.530 loss=+0.158 |g|=5.44
  [β=0.01 W=24] it820: r_task=-0.024 r_h=-2.486 KL=1.219 H=5.256 pg=-0.020 vL=0.435 loss=+0.122 |g|=7.85
  [β=0.01 W=24] it821: r_task=-0.036 r_h=-3.788 KL=1.478 H=5.174 pg=-0.006 vL=0.623 loss=+0.195 |g|=13.65
  [β=0.01 W=24] it822: r_task=-0.019 r_h=-2.747 KL=1.362 H=5.249 pg=-0.013 vL=0.378 loss=+0.114 |g|=7.81
  [β=0.01 W=24] it823: r_task=-0.048 r_h=-3.053 KL=1.351 H=5.239 pg=-0.014 vL=0.800 loss=+0.240 |g|=9.11
  [β=0.01 W=24] it824: r_task=-0.041 r_h=-3.824 KL=1.330 H=5.221 pg=-0.018 vL=0.680 loss=+0.199 |g|=3.64
  [β=0.01 W=24] it825: r_task=-0.033 r_h=-2.573 KL=1.490 H=5.213 pg=-0.018 vL=0.613 loss=+0.180 |g|=7.84
  [β=0.01 W=24] it826: r_task=-0.047 r_h=-3.411 KL=1.445 H=5.138 pg=-0.024 vL=0.793 loss=+0.228 |g|=3.07
  [β=0.01 W=24] it827: r_task=-0.029 r_h=-2.686 KL=1.356 H=5.183 pg=-0.016 vL=0.497 loss=+0.147 |g|=13.17
  [β=0.01 W=24] it828: r_task=-0.037 r_h=-2.723 KL=1.363 H=5.246 pg=-0.017 vL=0.614 loss=+0.180 |g|=142.81
  [β=0.01 W=24] it829: r_task=-0.029 r_h=-3.165 KL=1.251 H=5.225 pg=-0.021 vL=0.536 loss=+0.152 |g|=2.89
  [β=0.01 W=24] it830: r_task=-0.029 r_h=-2.605 KL=1.211 H=5.273 pg=-0.018 vL=0.514 loss=+0.148 |g|=9.06
  [β=0.01 W=24] it831: r_task=-0.047 r_h=-2.642 KL=1.442 H=5.207 pg=-0.020 vL=0.863 loss=+0.253 |g|=8.39
  [β=0.01 W=24] it832: r_task=-0.027 r_h=-2.484 KL=1.274 H=5.260 pg=-0.019 vL=0.477 loss=+0.137 |g|=9.59
  [β=0.01 W=24] it833: r_task=-0.037 r_h=-2.594 KL=1.331 H=5.154 pg=-0.015 vL=0.614 loss=+0.182 |g|=11.31
