/usr/local/lib/python3.11/dist-packages/torch/cuda/__init__.py:61: FutureWarning: The pynvml package is deprecated. Please install nvidia-ml-py instead. If you did not install pynvml directly, please report this to the maintainers of the package that installed pynvml for you.
  import pynvml  # type: ignore[import]
Gym has been unmaintained since 2022 and does not support NumPy 2.0 amongst other critical functionality.
Please upgrade to Gymnasium, the maintained drop-in replacement of Gym, or contact the authors of your software and request that they upgrade.
See the migration guide at https://gymnasium.farama.org/introduction/migration_guide/ for additional information.
2026-05-20 08:24:49.151223: I tensorflow/core/util/port.cc:153] oneDNN custom operations are on. You may see slightly different numerical results due to floating-point round-off errors from different computation orders. To turn them off, set the environment variable `TF_ENABLE_ONEDNN_OPTS=0`.
2026-05-20 08:24:49.158646: E external/local_xla/xla/stream_executor/cuda/cuda_fft.cc:467] Unable to register cuFFT factory: Attempting to register factory for plugin cuFFT when one has already been registered
WARNING: All log messages before absl::InitializeLog() is called are written to STDERR
E0000 00:00:1779265489.167068    1028 cuda_dnn.cc:8579] Unable to register cuDNN factory: Attempting to register factory for plugin cuDNN when one has already been registered
E0000 00:00:1779265489.169600    1028 cuda_blas.cc:1407] Unable to register cuBLAS factory: Attempting to register factory for plugin cuBLAS when one has already been registered
W0000 00:00:1779265489.177090    1028 computation_placer.cc:177] computation placer already registered. Please check linkage and avoid linking the same target more than once.
W0000 00:00:1779265489.177100    1028 computation_placer.cc:177] computation placer already registered. Please check linkage and avoid linking the same target more than once.
W0000 00:00:1779265489.177101    1028 computation_placer.cc:177] computation placer already registered. Please check linkage and avoid linking the same target more than once.
W0000 00:00:1779265489.177102    1028 computation_placer.cc:177] computation placer already registered. Please check linkage and avoid linking the same target more than once.
2026-05-20 08:24:49.179323: I tensorflow/core/platform/cpu_feature_guard.cc:210] This TensorFlow binary is optimized to use available CPU instructions in performance-critical operations.
To enable the following instructions: AVX2 AVX512F AVX512_VNNI AVX512_BF16 FMA, in other operations, rebuild TensorFlow with the appropriate compiler flags.
M5b faithful run: iters=200 scenes=3 α=0.0 β=0.1 (exact per-agent KL, differentiable)
Initialization finished
  [β=0.1] it00: r_task=-0.119 r_h=-1.114 KL=6.135 loss=-0.294 |g|=0.06
  [β=0.1] it01: r_task=-0.127 r_h=-1.123 KL=6.076 loss=-0.361 |g|=0.07
  [β=0.1] it02: r_task=-0.111 r_h=-1.112 KL=6.148 loss=-0.232 |g|=0.08
  [β=0.1] it03: r_task=-0.111 r_h=-1.111 KL=6.152 loss=-0.232 |g|=0.10
  [β=0.1] it04: r_task=-0.135 r_h=-1.128 KL=5.993 loss=-0.430 |g|=0.14
  [β=0.1] it05: r_task=-0.135 r_h=-1.134 KL=5.929 loss=-0.435 |g|=0.14
  [β=0.1] it06: r_task=-0.127 r_h=-1.123 KL=5.977 loss=-0.368 |g|=0.14
  [β=0.1] it07: r_task=+0.000 r_h=-0.987 KL=6.523 loss=+0.652 |g|=0.13
  [β=0.1] it08: r_task=-0.127 r_h=-1.122 KL=5.929 loss=-0.376 |g|=0.18
  [β=0.1] it09: r_task=-0.127 r_h=-1.122 KL=5.909 loss=-0.376 |g|=0.17
  [β=0.1] it10: r_task=-0.119 r_h=-1.114 KL=5.904 loss=-0.318 |g|=0.19
  [β=0.1] it11: r_task=-0.111 r_h=-1.112 KL=5.919 loss=-0.252 |g|=0.17
  [β=0.1] it12: r_task=-0.032 r_h=-1.075 KL=6.272 loss=+0.386 |g|=0.13
  [β=0.1] it13: r_task=+0.000 r_h=-0.987 KL=6.304 loss=+0.630 |g|=0.12
  [β=0.1] it14: r_task=-0.111 r_h=-1.107 KL=5.810 loss=-0.256 |g|=0.17
  [β=0.1] it15: r_task=-0.111 r_h=-1.111 KL=5.818 loss=-0.258 |g|=0.18
  [β=0.1] it16: r_task=-0.135 r_h=-1.128 KL=5.605 loss=-0.450 |g|=0.21
  [β=0.1] it17: r_task=+0.000 r_h=-0.987 KL=6.122 loss=+0.612 |g|=0.10
  [β=0.1] it18: r_task=-0.103 r_h=-1.103 KL=5.676 loss=-0.205 |g|=0.18
  [β=0.1] it19: r_task=-0.127 r_h=-1.123 KL=5.526 loss=-0.387 |g|=0.21
  [β=0.1] it20: r_task=+0.000 r_h=-0.987 KL=5.995 loss=+0.600 |g|=0.11
  [β=0.1] it21: r_task=-0.119 r_h=-1.117 KL=5.469 loss=-0.338 |g|=0.23
  [β=0.1] it22: r_task=+0.000 r_h=-0.987 KL=5.885 loss=+0.588 |g|=0.11
  [β=0.1] it23: r_task=-0.024 r_h=-1.062 KL=5.798 loss=+0.403 |g|=0.13
  [β=0.1] it24: r_task=-0.206 r_h=-1.220 KL=5.046 loss=-1.015 |g|=0.40
  [β=0.1] it25: r_task=-0.127 r_h=-1.123 KL=5.229 loss=-0.391 |g|=0.29
  [β=0.1] it26: r_task=-0.111 r_h=-1.114 KL=5.279 loss=-0.288 |g|=0.27
  [β=0.1] it27: r_task=+0.000 r_h=-0.987 KL=5.661 loss=+0.566 |g|=0.16
  [β=0.1] it28: r_task=-0.175 r_h=-1.203 KL=4.931 loss=-0.746 |g|=0.41
  [β=0.1] it29: r_task=-0.032 r_h=-1.071 KL=5.482 loss=+0.321 |g|=0.21
  [β=0.1] it30: r_task=-0.135 r_h=-1.134 KL=4.976 loss=-0.452 |g|=0.36
  [β=0.1] it31: r_task=-0.127 r_h=-1.128 KL=4.888 loss=-0.378 |g|=0.42
  [β=0.1] it32: r_task=-0.111 r_h=-1.108 KL=4.908 loss=-0.260 |g|=0.43
  [β=0.1] it33: r_task=-0.135 r_h=-1.133 KL=4.733 loss=-0.452 |g|=0.46
  [β=0.1] it34: r_task=-0.151 r_h=-1.195 KL=4.628 loss=-0.542 |g|=0.57
  [β=0.1] it35: r_task=-0.214 r_h=-1.248 KL=4.364 loss=-1.021 |g|=0.66
  [β=0.1] it36: r_task=-0.040 r_h=-1.078 KL=4.918 loss=+0.222 |g|=0.53
  [β=0.1] it37: r_task=-0.048 r_h=-1.089 KL=4.670 loss=+0.157 |g|=0.66
  [β=0.1] it38: r_task=+0.000 r_h=-0.987 KL=4.710 loss=+0.471 |g|=0.79
  [β=0.1] it39: r_task=-0.103 r_h=-1.103 KL=4.294 loss=-0.232 |g|=0.84
  [β=0.1] it40: r_task=-0.222 r_h=-1.242 KL=3.826 loss=-1.009 |g|=0.94
  [β=0.1] it41: r_task=-0.230 r_h=-1.178 KL=3.603 loss=-1.033 |g|=0.93
  [β=0.1] it42: r_task=-0.119 r_h=-1.110 KL=3.675 loss=-0.298 |g|=1.31
  [β=0.1] it43: r_task=-0.119 r_h=-1.108 KL=3.454 loss=-0.297 |g|=1.86
  [β=0.1] it44: r_task=-0.087 r_h=-1.072 KL=3.652 loss=-0.081 |g|=1.86
  [β=0.1] it45: r_task=-0.063 r_h=-1.086 KL=3.167 loss=+0.025 |g|=2.41
  [β=0.1] it46: r_task=-0.119 r_h=-1.110 KL=2.883 loss=-0.277 |g|=2.25
  [β=0.1] it47: r_task=+0.000 r_h=-0.987 KL=2.867 loss=+0.287 |g|=3.59
  [β=0.1] it48: r_task=-0.071 r_h=-1.082 KL=2.524 loss=-0.023 |g|=3.25
  [β=0.1] it49: r_task=-0.127 r_h=-1.123 KL=2.230 loss=-0.259 |g|=3.36
  [β=0.1] it50: r_task=+0.000 r_h=-0.987 KL=2.015 loss=+0.202 |g|=4.99
  [β=0.1] it51: r_task=+0.000 r_h=-0.987 KL=1.911 loss=+0.191 |g|=5.11
  [β=0.1] it52: r_task=-0.119 r_h=-1.111 KL=1.841 loss=-0.231 |g|=3.61
  [β=0.1] it53: r_task=-0.179 r_h=-1.183 KL=1.389 loss=-0.305 |g|=3.90
  [β=0.1] it54: r_task=-0.167 r_h=-1.134 KL=1.280 loss=-0.231 |g|=3.14
  [β=0.1] it55: r_task=-0.135 r_h=-1.128 KL=1.024 loss=-0.149 |g|=2.23
  [β=0.1] it56: r_task=+0.000 r_h=-0.987 KL=0.278 loss=+0.028 |g|=2.85
  [β=0.1] it57: r_task=+0.000 r_h=-0.987 KL=0.162 loss=+0.016 |g|=1.83
  [β=0.1] it58: r_task=-0.119 r_h=-1.082 KL=0.525 loss=-0.060 |g|=0.25
  [β=0.1] it59: r_task=-0.143 r_h=-1.074 KL=1.030 loss=+0.006 |g|=1.00
  [β=0.1] it60: r_task=-0.143 r_h=-1.074 KL=1.061 loss=+0.034 |g|=0.77
  [β=0.1] it61: r_task=-0.151 r_h=-1.195 KL=0.733 loss=-0.013 |g|=0.20
  [β=0.1] it62: r_task=-0.095 r_h=-1.102 KL=0.515 loss=-0.000 |g|=0.25
  [β=0.1] it63: r_task=-0.278 r_h=-1.202 KL=2.169 loss=+0.105 |g|=0.90
  [β=0.1] it64: r_task=+0.000 r_h=-0.987 KL=0.020 loss=+0.002 |g|=0.14
  [β=0.1] it65: r_task=-0.135 r_h=-1.133 KL=0.970 loss=+0.049 |g|=0.32
  [β=0.1] it66: r_task=-0.143 r_h=-1.071 KL=1.155 loss=+0.081 |g|=0.49
  [β=0.1] it67: r_task=+0.000 r_h=-0.987 KL=0.024 loss=+0.002 |g|=0.15
  [β=0.1] it68: r_task=+0.000 r_h=-0.987 KL=0.024 loss=+0.002 |g|=0.15
  [β=0.1] it69: r_task=-0.135 r_h=-1.123 KL=1.024 loss=+0.054 |g|=0.24
  [β=0.1] it70: r_task=+0.000 r_h=-0.987 KL=0.024 loss=+0.002 |g|=0.15
  [β=0.1] it71: r_task=+0.000 r_h=-0.987 KL=0.025 loss=+0.002 |g|=0.15
  [β=0.1] it72: r_task=+0.000 r_h=-0.987 KL=0.022 loss=+0.002 |g|=0.14
  [β=0.1] it73: r_task=-0.135 r_h=-1.128 KL=0.964 loss=+0.054 |g|=0.40
  [β=0.1] it74: r_task=-0.056 r_h=-1.078 KL=0.216 loss=+0.004 |g|=0.21
  [β=0.1] it75: r_task=-0.135 r_h=-1.128 KL=0.950 loss=+0.043 |g|=0.40
  [β=0.1] it76: r_task=+0.000 r_h=-0.987 KL=0.017 loss=+0.002 |g|=0.11
  [β=0.1] it77: r_task=-0.040 r_h=-1.079 KL=0.077 loss=-0.016 |g|=0.07
  [β=0.1] it78: r_task=-0.135 r_h=-1.086 KL=0.697 loss=-0.015 |g|=0.44
  [β=0.1] it79: r_task=+0.000 r_h=-0.987 KL=0.014 loss=+0.001 |g|=0.04
  [β=0.1] it80: r_task=-0.143 r_h=-1.074 KL=1.087 loss=+0.027 |g|=0.81
  [β=0.1] it81: r_task=+0.000 r_h=-0.987 KL=0.015 loss=+0.002 |g|=0.11
  [β=0.1] it82: r_task=-0.262 r_h=-1.210 KL=1.516 loss=-0.075 |g|=1.10
  [β=0.1] it83: r_task=+0.000 r_h=-0.987 KL=0.027 loss=+0.003 |g|=0.40
  [β=0.1] it84: r_task=+0.000 r_h=-0.987 KL=0.037 loss=+0.004 |g|=0.58
  [β=0.1] it85: r_task=-0.286 r_h=-1.145 KL=2.053 loss=-0.085 |g|=1.89
  [β=0.1] it86: r_task=-0.143 r_h=-1.070 KL=1.039 loss=-0.006 |g|=0.74
  [β=0.1] it87: r_task=-0.095 r_h=-1.102 KL=0.506 loss=-0.036 |g|=0.64
  [β=0.1] it88: r_task=+0.000 r_h=-0.987 KL=0.116 loss=+0.012 |g|=1.58
  [β=0.1] it89: r_task=+0.000 r_h=-0.987 KL=0.115 loss=+0.011 |g|=1.58
  [β=0.1] it90: r_task=+0.000 r_h=-0.987 KL=0.107 loss=+0.011 |g|=1.46
  [β=0.1] it91: r_task=-0.032 r_h=-1.075 KL=0.096 loss=-0.022 |g|=1.31
  [β=0.1] it92: r_task=-0.143 r_h=-1.071 KL=0.953 loss=-0.065 |g|=0.43
  [β=0.1] it93: r_task=-0.008 r_h=-0.987 KL=0.036 loss=-0.001 |g|=0.52
  [β=0.1] it94: r_task=-0.127 r_h=-1.123 KL=0.687 loss=-0.008 |g|=0.67
  [β=0.1] it95: r_task=-0.143 r_h=-1.070 KL=1.029 loss=-0.001 |g|=0.90
  [β=0.1] it96: r_task=-0.111 r_h=-1.108 KL=0.558 loss=-0.007 |g|=0.48
  [β=0.1] it97: r_task=-0.262 r_h=-1.221 KL=1.433 loss=-0.114 |g|=1.21
  [β=0.1] it98: r_task=-0.071 r_h=-1.082 KL=0.316 loss=-0.018 |g|=0.23
  [β=0.1] it99: r_task=-0.143 r_h=-1.074 KL=0.938 loss=-0.071 |g|=0.34
  [β=0.1] it100: r_task=-0.143 r_h=-1.074 KL=0.980 loss=-0.002 |g|=0.94
  [β=0.1] it101: r_task=-0.135 r_h=-1.086 KL=0.672 loss=-0.061 |g|=0.37
  [β=0.1] it102: r_task=-0.143 r_h=-1.074 KL=0.887 loss=-0.014 |g|=1.22
  [β=0.1] it103: r_task=+0.000 r_h=-0.987 KL=0.098 loss=+0.010 |g|=1.00
  [β=0.1] it104: r_task=-0.119 r_h=-1.115 KL=0.558 loss=-0.035 |g|=0.30
  [β=0.1] it105: r_task=-0.135 r_h=-1.134 KL=0.765 loss=-0.087 |g|=0.31
  [β=0.1] it106: r_task=-0.143 r_h=-1.074 KL=0.775 loss=-0.128 |g|=0.36
  [β=0.1] it107: r_task=-0.183 r_h=-1.176 KL=0.808 loss=-0.232 |g|=1.00
  [β=0.1] it108: r_task=-0.143 r_h=-1.038 KL=0.791 loss=-0.140 |g|=0.71
  [β=0.1] it109: r_task=-0.167 r_h=-1.148 KL=0.747 loss=-0.160 |g|=0.49
  [β=0.1] it110: r_task=-0.135 r_h=-1.128 KL=0.666 loss=-0.082 |g|=0.43
  [β=0.1] it111: r_task=+0.000 r_h=-0.987 KL=0.097 loss=+0.010 |g|=1.08
  [β=0.1] it112: r_task=-0.119 r_h=-1.114 KL=0.514 loss=-0.043 |g|=0.35
  [β=0.1] it113: r_task=-0.143 r_h=-1.074 KL=0.659 loss=-0.131 |g|=0.44
  [β=0.1] it114: r_task=-0.087 r_h=-1.093 KL=0.350 loss=-0.037 |g|=0.27
  [β=0.1] it115: r_task=-0.135 r_h=-1.123 KL=0.634 loss=-0.194 |g|=0.55
  [β=0.1] it116: r_task=-0.222 r_h=-1.225 KL=0.942 loss=-0.264 |g|=0.74
  [β=0.1] it117: r_task=+0.000 r_h=-0.987 KL=0.050 loss=+0.005 |g|=0.52
  [β=0.1] it118: r_task=+0.000 r_h=-0.987 KL=0.040 loss=+0.004 |g|=0.40
  [β=0.1] it119: r_task=+0.000 r_h=-0.987 KL=0.034 loss=+0.003 |g|=0.31
  [β=0.1] it120: r_task=+0.000 r_h=-0.987 KL=0.029 loss=+0.003 |g|=0.23
  [β=0.1] it121: r_task=-0.143 r_h=-1.074 KL=0.640 loss=-0.192 |g|=0.40
  [β=0.1] it122: r_task=-0.143 r_h=-1.067 KL=0.686 loss=-0.057 |g|=0.99
  [β=0.1] it123: r_task=-0.143 r_h=-1.074 KL=0.725 loss=-0.105 |g|=0.59
  [β=0.1] it124: r_task=+0.000 r_h=-0.987 KL=0.023 loss=+0.002 |g|=0.09
  [β=0.1] it125: r_task=+0.000 r_h=-0.987 KL=0.024 loss=+0.002 |g|=0.09
  [β=0.1] it126: r_task=+0.000 r_h=-0.987 KL=0.024 loss=+0.002 |g|=0.09
  [β=0.1] it127: r_task=+0.000 r_h=-0.987 KL=0.024 loss=+0.002 |g|=0.08
  [β=0.1] it128: r_task=-0.143 r_h=-1.074 KL=0.616 loss=-0.150 |g|=0.55
  [β=0.1] it129: r_task=+0.000 r_h=-0.987 KL=0.047 loss=+0.005 |g|=0.22
  [β=0.1] it130: r_task=+0.000 r_h=-0.987 KL=0.025 loss=+0.002 |g|=0.09
  [β=0.1] it131: r_task=+0.000 r_h=-0.987 KL=0.025 loss=+0.003 |g|=0.09
  [β=0.1] it132: r_task=-0.143 r_h=-1.066 KL=0.628 loss=-0.176 |g|=0.34
  [β=0.1] it133: r_task=-0.143 r_h=-1.074 KL=0.582 loss=-0.187 |g|=0.31
  [β=0.1] it134: r_task=-0.135 r_h=-1.086 KL=0.931 loss=-0.168 |g|=0.33
  [β=0.1] it135: r_task=-0.286 r_h=-1.145 KL=1.239 loss=-0.658 |g|=0.88
  [β=0.1] it136: r_task=+0.000 r_h=-0.987 KL=0.025 loss=+0.003 |g|=0.10
  [β=0.1] it137: r_task=-0.008 r_h=-0.987 KL=0.027 loss=-0.001 |g|=0.12
  [β=0.1] it138: r_task=-0.143 r_h=-1.074 KL=0.598 loss=-0.200 |g|=0.39
  [β=0.1] it139: r_task=-0.079 r_h=-1.094 KL=0.282 loss=-0.044 |g|=0.28
  [β=0.1] it140: r_task=+0.000 r_h=-0.987 KL=0.029 loss=+0.003 |g|=0.13
  [β=0.1] it141: r_task=+0.000 r_h=-0.987 KL=0.035 loss=+0.003 |g|=0.21
  [β=0.1] it142: r_task=-0.135 r_h=-1.129 KL=0.557 loss=-0.176 |g|=0.41
  [β=0.1] it143: r_task=+0.000 r_h=-0.987 KL=0.029 loss=+0.003 |g|=0.14
  [β=0.1] it144: r_task=+0.000 r_h=-0.987 KL=0.029 loss=+0.003 |g|=0.13
  [β=0.1] it145: r_task=+0.000 r_h=-0.987 KL=0.032 loss=+0.003 |g|=0.16
  [β=0.1] it146: r_task=-0.040 r_h=-1.078 KL=0.073 loss=-0.011 |g|=0.10
  [β=0.1] it147: r_task=-0.143 r_h=-1.067 KL=0.568 loss=-0.146 |g|=0.58
  [β=0.1] it148: r_task=+0.000 r_h=-0.987 KL=0.028 loss=+0.003 |g|=0.10
  [β=0.1] it149: r_task=+0.000 r_h=-0.987 KL=0.027 loss=+0.003 |g|=0.11
  [β=0.1] it150: r_task=+0.000 r_h=-0.987 KL=0.027 loss=+0.003 |g|=0.10
  [β=0.1] it151: r_task=+0.000 r_h=-0.987 KL=0.027 loss=+0.003 |g|=0.09
  [β=0.1] it152: r_task=-0.040 r_h=-1.078 KL=0.070 loss=-0.014 |g|=0.12
  [β=0.1] it153: r_task=+0.000 r_h=-0.987 KL=0.026 loss=+0.003 |g|=0.08
  [β=0.1] it154: r_task=+0.000 r_h=-0.987 KL=0.025 loss=+0.002 |g|=0.07
  [β=0.1] it155: r_task=+0.000 r_h=-0.987 KL=0.024 loss=+0.002 |g|=0.07
  [β=0.1] it156: r_task=-0.119 r_h=-1.085 KL=0.614 loss=-0.055 |g|=0.35
  [β=0.1] it157: r_task=-0.135 r_h=-1.086 KL=0.829 loss=-0.129 |g|=0.27
  [β=0.1] it158: r_task=+0.000 r_h=-0.987 KL=0.023 loss=+0.002 |g|=0.06
  [β=0.1] it159: r_task=-0.135 r_h=-1.086 KL=0.788 loss=-0.154 |g|=0.36
  [β=0.1] it160: r_task=+0.000 r_h=-0.987 KL=0.022 loss=+0.002 |g|=0.05
  [β=0.1] it161: r_task=+0.000 r_h=-0.987 KL=0.021 loss=+0.002 |g|=0.05
  [β=0.1] it162: r_task=-0.127 r_h=-1.123 KL=0.446 loss=-0.086 |g|=0.61
  [β=0.1] it163: r_task=-0.214 r_h=-1.113 KL=1.012 loss=-0.155 |g|=1.87
  [β=0.1] it164: r_task=-0.143 r_h=-1.074 KL=0.528 loss=-0.092 |g|=0.76
  [β=0.1] it165: r_task=-0.143 r_h=-1.067 KL=0.558 loss=-0.085 |g|=1.11
  [β=0.1] it166: r_task=+0.000 r_h=-0.987 KL=0.040 loss=+0.004 |g|=0.46
  [β=0.1] it167: r_task=+0.000 r_h=-0.987 KL=0.051 loss=+0.005 |g|=0.63
  [β=0.1] it168: r_task=-0.119 r_h=-1.085 KL=0.592 loss=-0.135 |g|=0.60
  [β=0.1] it169: r_task=-0.143 r_h=-1.074 KL=0.518 loss=-0.134 |g|=0.56
  [β=0.1] it170: r_task=+0.000 r_h=-0.987 KL=0.071 loss=+0.007 |g|=0.86
  [β=0.1] it171: r_task=+0.000 r_h=-0.987 KL=0.069 loss=+0.007 |g|=0.81
  [β=0.1] it172: r_task=+0.000 r_h=-0.987 KL=0.052 loss=+0.005 |g|=0.60
  [β=0.1] it173: r_task=+0.000 r_h=-0.987 KL=0.076 loss=+0.008 |g|=0.63
  [β=0.1] it174: r_task=-0.143 r_h=-1.074 KL=0.431 loss=-0.158 |g|=0.65
  [β=0.1] it175: r_task=-0.143 r_h=-1.066 KL=0.469 loss=-0.146 |g|=0.53
  [β=0.1] it176: r_task=+0.000 r_h=-0.987 KL=0.034 loss=+0.003 |g|=0.21
  [β=0.1] it177: r_task=+0.000 r_h=-0.987 KL=0.032 loss=+0.003 |g|=0.17
  [β=0.1] it178: r_task=-0.135 r_h=-1.086 KL=0.641 loss=-0.130 |g|=0.37
  [β=0.1] it179: r_task=-0.143 r_h=-1.070 KL=0.473 loss=-0.132 |g|=0.62
  [β=0.1] it180: r_task=-0.143 r_h=-1.066 KL=0.451 loss=-0.101 |g|=0.86
  [β=0.1] it181: r_task=+0.000 r_h=-0.987 KL=0.034 loss=+0.003 |g|=0.15
  [β=0.1] it182: r_task=+0.000 r_h=-0.987 KL=0.036 loss=+0.004 |g|=0.18
  [β=0.1] it183: r_task=+0.000 r_h=-0.987 KL=0.038 loss=+0.004 |g|=0.20
  [β=0.1] it184: r_task=-0.079 r_h=-1.090 KL=0.229 loss=-0.069 |g|=0.30
  [β=0.1] it185: r_task=-0.167 r_h=-1.215 KL=0.394 loss=-0.190 |g|=0.56
  [β=0.1] it186: r_task=-0.111 r_h=-1.108 KL=0.288 loss=-0.061 |g|=0.39
  [β=0.1] it187: r_task=-0.135 r_h=-1.086 KL=0.724 loss=-0.130 |g|=0.31
  [β=0.1] it188: r_task=-0.127 r_h=-1.086 KL=0.627 loss=-0.110 |g|=0.25
  [β=0.1] it189: r_task=+0.000 r_h=-0.987 KL=0.041 loss=+0.004 |g|=0.19
  [β=0.1] it190: r_task=+0.000 r_h=-0.987 KL=0.039 loss=+0.004 |g|=0.18
  [β=0.1] it191: r_task=-0.111 r_h=-1.108 KL=0.274 loss=-0.077 |g|=0.23
  [β=0.1] it192: r_task=-0.143 r_h=-1.070 KL=0.376 loss=-0.110 |g|=0.76
  [β=0.1] it193: r_task=+0.000 r_h=-0.987 KL=0.040 loss=+0.004 |g|=0.18
  [β=0.1] it194: r_task=+0.000 r_h=-0.987 KL=0.038 loss=+0.004 |g|=0.17
  [β=0.1] it195: r_task=-0.175 r_h=-1.208 KL=0.590 loss=-0.137 |g|=0.87
  [β=0.1] it196: r_task=+0.000 r_h=-0.987 KL=0.039 loss=+0.004 |g|=0.19
  [β=0.1] it197: r_task=-0.127 r_h=-1.115 KL=0.575 loss=-0.130 |g|=0.26
  [β=0.1] it198: r_task=-0.143 r_h=-1.074 KL=0.250 loss=-0.138 |g|=0.60
  [β=0.1] it199: r_task=-0.198 r_h=-1.192 KL=0.709 loss=-0.189 |g|=0.54
params changed (mean|Δw|)=5.92e-03 | finite=True | 258.7s (0.77 it/s)
VERDICT: M5b OK — faithful loop (exact per-agent Eq.5, differentiable), stable, π_θ updates
