/usr/local/lib/python3.11/dist-packages/torch/cuda/__init__.py:61: FutureWarning: The pynvml package is deprecated. Please install nvidia-ml-py instead. If you did not install pynvml directly, please report this to the maintainers of the package that installed pynvml for you.
  import pynvml  # type: ignore[import]
Gym has been unmaintained since 2022 and does not support NumPy 2.0 amongst other critical functionality.
Please upgrade to Gymnasium, the maintained drop-in replacement of Gym, or contact the authors of your software and request that they upgrade.
See the migration guide at https://gymnasium.farama.org/introduction/migration_guide/ for additional information.
2026-05-20 15:18:16.516050: I tensorflow/core/util/port.cc:153] oneDNN custom operations are on. You may see slightly different numerical results due to floating-point round-off errors from different computation orders. To turn them off, set the environment variable `TF_ENABLE_ONEDNN_OPTS=0`.
2026-05-20 15:18:16.523608: E external/local_xla/xla/stream_executor/cuda/cuda_fft.cc:467] Unable to register cuFFT factory: Attempting to register factory for plugin cuFFT when one has already been registered
WARNING: All log messages before absl::InitializeLog() is called are written to STDERR
E0000 00:00:1779290296.532179    1160 cuda_dnn.cc:8579] Unable to register cuDNN factory: Attempting to register factory for plugin cuDNN when one has already been registered
E0000 00:00:1779290296.534740    1160 cuda_blas.cc:1407] Unable to register cuBLAS factory: Attempting to register factory for plugin cuBLAS when one has already been registered
W0000 00:00:1779290296.542342    1160 computation_placer.cc:177] computation placer already registered. Please check linkage and avoid linking the same target more than once.
W0000 00:00:1779290296.542349    1160 computation_placer.cc:177] computation placer already registered. Please check linkage and avoid linking the same target more than once.
W0000 00:00:1779290296.542350    1160 computation_placer.cc:177] computation placer already registered. Please check linkage and avoid linking the same target more than once.
W0000 00:00:1779290296.542351    1160 computation_placer.cc:177] computation placer already registered. Please check linkage and avoid linking the same target more than once.
2026-05-20 15:18:16.544539: I tensorflow/core/platform/cpu_feature_guard.cc:210] This TensorFlow binary is optimized to use available CPU instructions in performance-critical operations.
To enable the following instructions: AVX2 AVX512F AVX512_VNNI AVX512_BF16 FMA, in other operations, rebuild TensorFlow with the appropriate compiler flags.
M5b faithful run: iters=200 scenes=3 worlds=1 α=0.0 β=0.01 (exact per-agent KL, differentiable)
Initialization finished
  [β=0.01 W=1] it00: r_task=-0.095 r_h=-1.097 KL=6.265 loss=-0.664 |g|=0.05
  [β=0.01 W=1] it01: r_task=-0.008 r_h=-0.987 KL=6.668 loss=+0.006 |g|=0.00
  [β=0.01 W=1] it02: r_task=-0.175 r_h=-1.213 KL=5.903 loss=-1.272 |g|=0.09
  [β=0.01 W=1] it03: r_task=-0.135 r_h=-1.128 KL=6.055 loss=-0.968 |g|=0.07
  [β=0.01 W=1] it04: r_task=+0.000 r_h=-0.987 KL=6.660 loss=+0.067 |g|=0.00
  [β=0.01 W=1] it05: r_task=-0.040 r_h=-1.078 KL=6.516 loss=-0.237 |g|=0.02
  [β=0.01 W=1] it06: r_task=-0.056 r_h=-1.091 KL=6.421 loss=-0.359 |g|=0.03
  [β=0.01 W=1] it07: r_task=-0.111 r_h=-1.112 KL=6.163 loss=-0.786 |g|=0.07
  [β=0.01 W=1] it08: r_task=-0.143 r_h=-1.186 KL=6.075 loss=-1.028 |g|=0.09
  [β=0.01 W=1] it09: r_task=-0.127 r_h=-1.128 KL=6.040 loss=-0.908 |g|=0.08
  [β=0.01 W=1] it10: r_task=+0.000 r_h=-0.987 KL=6.642 loss=+0.066 |g|=0.00
  [β=0.01 W=1] it11: r_task=-0.206 r_h=-1.223 KL=5.777 loss=-1.515 |g|=0.14
  [β=0.01 W=1] it12: r_task=-0.135 r_h=-1.128 KL=6.002 loss=-0.968 |g|=0.10
  [β=0.01 W=1] it13: r_task=-0.127 r_h=-1.112 KL=6.069 loss=-0.906 |g|=0.09
  [β=0.01 W=1] it14: r_task=-0.127 r_h=-1.122 KL=6.059 loss=-0.906 |g|=0.09
  [β=0.01 W=1] it15: r_task=-0.103 r_h=-1.103 KL=6.191 loss=-0.724 |g|=0.08
  [β=0.01 W=1] it16: r_task=-0.127 r_h=-1.122 KL=6.060 loss=-0.908 |g|=0.09
  [β=0.01 W=1] it17: r_task=-0.103 r_h=-1.119 KL=6.179 loss=-0.725 |g|=0.08
  [β=0.01 W=1] it18: r_task=-0.135 r_h=-1.128 KL=6.023 loss=-0.967 |g|=0.11
  [β=0.01 W=1] it19: r_task=-0.167 r_h=-1.199 KL=5.941 loss=-1.209 |g|=0.13
  [β=0.01 W=1] it20: r_task=-0.087 r_h=-1.096 KL=6.259 loss=-0.601 |g|=0.07
  [β=0.01 W=1] it21: r_task=-0.254 r_h=-1.250 KL=5.442 loss=-1.881 |g|=0.20
  [β=0.01 W=1] it22: r_task=-0.103 r_h=-1.109 KL=6.175 loss=-0.722 |g|=0.09
  [β=0.01 W=1] it23: r_task=-0.127 r_h=-1.122 KL=6.050 loss=-0.907 |g|=0.12
  [β=0.01 W=1] it24: r_task=-0.040 r_h=-1.103 KL=6.478 loss=-0.236 |g|=0.04
  [β=0.01 W=1] it25: r_task=+0.000 r_h=-0.987 KL=6.618 loss=+0.066 |g|=0.00
  [β=0.01 W=1] it26: r_task=+0.000 r_h=-0.987 KL=6.618 loss=+0.066 |g|=0.00
  [β=0.01 W=1] it27: r_task=-0.087 r_h=-1.093 KL=6.250 loss=-0.594 |g|=0.09
  [β=0.01 W=1] it28: r_task=-0.119 r_h=-1.114 KL=6.089 loss=-0.847 |g|=0.12
  [β=0.01 W=1] it29: r_task=+0.000 r_h=-0.987 KL=6.615 loss=+0.066 |g|=0.01
  [β=0.01 W=1] it30: r_task=-0.079 r_h=-1.093 KL=6.290 loss=-0.540 |g|=0.08
  [β=0.01 W=1] it31: r_task=-0.111 r_h=-1.107 KL=6.136 loss=-0.784 |g|=0.11
  [β=0.01 W=1] it32: r_task=+0.000 r_h=-0.987 KL=6.613 loss=+0.066 |g|=0.01
  [β=0.01 W=1] it33: r_task=-0.198 r_h=-1.212 KL=5.793 loss=-1.434 |g|=0.21
  [β=0.01 W=1] it34: r_task=-0.190 r_h=-1.224 KL=5.770 loss=-1.388 |g|=0.20
  [β=0.01 W=1] it35: r_task=+0.000 r_h=-0.987 KL=6.613 loss=+0.066 |g|=0.01
  [β=0.01 W=1] it36: r_task=-0.246 r_h=-1.243 KL=5.528 loss=-1.800 |g|=0.26
  [β=0.01 W=1] it37: r_task=-0.135 r_h=-1.134 KL=5.970 loss=-0.969 |g|=0.16
  [β=0.01 W=1] it38: r_task=+0.000 r_h=-0.987 KL=6.615 loss=+0.066 |g|=0.01
  [β=0.01 W=1] it39: r_task=-0.103 r_h=-1.109 KL=6.193 loss=-0.725 |g|=0.12
  [β=0.01 W=1] it40: r_task=-0.119 r_h=-1.115 KL=6.105 loss=-0.838 |g|=0.13
  [β=0.01 W=1] it41: r_task=-0.127 r_h=-1.128 KL=6.023 loss=-0.906 |g|=0.16
  [β=0.01 W=1] it42: r_task=+0.000 r_h=-0.987 KL=6.628 loss=+0.066 |g|=0.01
  [β=0.01 W=1] it43: r_task=+0.000 r_h=-0.987 KL=6.633 loss=+0.066 |g|=0.01
  [β=0.01 W=1] it44: r_task=-0.127 r_h=-1.162 KL=6.152 loss=-0.882 |g|=0.16
  [β=0.01 W=1] it45: r_task=-0.135 r_h=-1.134 KL=6.000 loss=-0.944 |g|=0.18
  [β=0.01 W=1] it46: r_task=-0.143 r_h=-1.074 KL=5.968 loss=-1.017 |g|=0.19
  [β=0.01 W=1] it47: r_task=-0.143 r_h=-1.074 KL=5.962 loss=-1.002 |g|=0.18
  [β=0.01 W=1] it48: r_task=-0.159 r_h=-1.127 KL=5.983 loss=-1.108 |g|=0.22
  [β=0.01 W=1] it49: r_task=-0.135 r_h=-1.134 KL=6.021 loss=-0.930 |g|=0.19
  [β=0.01 W=1] it50: r_task=-0.119 r_h=-1.121 KL=6.123 loss=-0.828 |g|=0.17
  [β=0.01 W=1] it51: r_task=-0.214 r_h=-1.223 KL=5.719 loss=-1.531 |g|=0.26
  [β=0.01 W=1] it52: r_task=+0.000 r_h=-0.987 KL=6.677 loss=+0.067 |g|=0.01
  [β=0.01 W=1] it53: r_task=-0.135 r_h=-1.123 KL=6.064 loss=-0.941 |g|=0.18
  [β=0.01 W=1] it54: r_task=-0.103 r_h=-1.109 KL=6.236 loss=-0.687 |g|=0.16
  [β=0.01 W=1] it55: r_task=-0.087 r_h=-1.107 KL=6.313 loss=-0.581 |g|=0.12
  [β=0.01 W=1] it56: r_task=-0.135 r_h=-1.134 KL=6.028 loss=-0.943 |g|=0.19
  [β=0.01 W=1] it57: r_task=-0.135 r_h=-1.134 KL=6.026 loss=-0.930 |g|=0.19
  [β=0.01 W=1] it58: r_task=-0.262 r_h=-1.257 KL=5.511 loss=-1.883 |g|=0.32
  [β=0.01 W=1] it59: r_task=-0.095 r_h=-1.097 KL=6.263 loss=-0.641 |g|=0.13
  [β=0.01 W=1] it60: r_task=-0.135 r_h=-1.167 KL=6.148 loss=-0.918 |g|=0.19
  [β=0.01 W=1] it61: r_task=-0.127 r_h=-1.122 KL=6.101 loss=-0.868 |g|=0.18
  [β=0.01 W=1] it62: r_task=-0.111 r_h=-1.111 KL=6.202 loss=-0.744 |g|=0.15
  [β=0.01 W=1] it63: r_task=+0.000 r_h=-0.987 KL=6.667 loss=+0.067 |g|=0.02
  [β=0.01 W=1] it64: r_task=+0.000 r_h=-0.987 KL=6.658 loss=+0.067 |g|=0.01
  [β=0.01 W=1] it65: r_task=+0.000 r_h=-0.987 KL=6.656 loss=+0.067 |g|=0.01
  [β=0.01 W=1] it66: r_task=+0.000 r_h=-0.987 KL=6.649 loss=+0.066 |g|=0.01
  [β=0.01 W=1] it67: r_task=+0.000 r_h=-0.987 KL=6.631 loss=+0.066 |g|=0.01
  [β=0.01 W=1] it68: r_task=-0.103 r_h=-1.103 KL=6.179 loss=-0.692 |g|=0.13
  [β=0.01 W=1] it69: r_task=-0.103 r_h=-1.104 KL=6.173 loss=-0.708 |g|=0.13
  [β=0.01 W=1] it70: r_task=-0.071 r_h=-1.092 KL=6.316 loss=-0.456 |g|=0.09
  [β=0.01 W=1] it71: r_task=+0.000 r_h=-0.987 KL=6.597 loss=+0.066 |g|=0.01
  [β=0.01 W=1] it72: r_task=-0.024 r_h=-1.058 KL=6.552 loss=-0.109 |g|=0.03
  [β=0.01 W=1] it73: r_task=-0.135 r_h=-1.128 KL=5.954 loss=-0.930 |g|=0.16
  [β=0.01 W=1] it74: r_task=-0.151 r_h=-1.174 KL=5.981 loss=-1.059 |g|=0.17
  [β=0.01 W=1] it75: r_task=+0.000 r_h=-0.987 KL=6.563 loss=+0.066 |g|=0.01
  [β=0.01 W=1] it76: r_task=-0.222 r_h=-1.235 KL=5.574 loss=-1.590 |g|=0.23
  [β=0.01 W=1] it77: r_task=+0.000 r_h=-0.987 KL=6.553 loss=+0.066 |g|=0.01
  [β=0.01 W=1] it78: r_task=-0.008 r_h=-0.987 KL=6.544 loss=+0.007 |g|=0.01
  [β=0.01 W=1] it79: r_task=+0.000 r_h=-0.987 KL=6.538 loss=+0.065 |g|=0.01
  [β=0.01 W=1] it80: r_task=-0.127 r_h=-1.112 KL=5.980 loss=-0.877 |g|=0.13
  [β=0.01 W=1] it81: r_task=+0.000 r_h=-0.987 KL=6.531 loss=+0.065 |g|=0.01
  [β=0.01 W=1] it82: r_task=+0.000 r_h=-0.987 KL=6.528 loss=+0.065 |g|=0.01
  [β=0.01 W=1] it83: r_task=-0.063 r_h=-1.092 KL=6.290 loss=-0.412 |g|=0.06
  [β=0.01 W=1] it84: r_task=+0.000 r_h=-0.987 KL=6.531 loss=+0.065 |g|=0.01
  [β=0.01 W=1] it85: r_task=-0.063 r_h=-1.090 KL=6.269 loss=-0.414 |g|=0.05
  [β=0.01 W=1] it86: r_task=-0.071 r_h=-1.095 KL=6.240 loss=-0.474 |g|=0.06
  [β=0.01 W=1] it87: r_task=-0.135 r_h=-1.128 KL=5.935 loss=-0.954 |g|=0.10
  [β=0.01 W=1] it88: r_task=-0.056 r_h=-1.091 KL=6.298 loss=-0.355 |g|=0.04
  [β=0.01 W=1] it89: r_task=-0.103 r_h=-1.103 KL=6.089 loss=-0.709 |g|=0.10
  [β=0.01 W=1] it90: r_task=-0.127 r_h=-1.128 KL=5.939 loss=-0.902 |g|=0.09
  [β=0.01 W=1] it91: r_task=-0.119 r_h=-1.173 KL=6.078 loss=-0.839 |g|=0.09
  [β=0.01 W=1] it92: r_task=+0.000 r_h=-0.987 KL=6.535 loss=+0.065 |g|=0.01
  [β=0.01 W=1] it93: r_task=+0.000 r_h=-0.987 KL=6.537 loss=+0.065 |g|=0.01
  [β=0.01 W=1] it94: r_task=-0.103 r_h=-1.109 KL=6.104 loss=-0.721 |g|=0.07
  [β=0.01 W=1] it95: r_task=+0.000 r_h=-0.987 KL=6.538 loss=+0.065 |g|=0.01
  [β=0.01 W=1] it96: r_task=-0.254 r_h=-1.250 KL=5.399 loss=-1.881 |g|=0.16
  [β=0.01 W=1] it97: r_task=-0.127 r_h=-1.122 KL=5.990 loss=-0.904 |g|=0.08
  [β=0.01 W=1] it98: r_task=-0.202 r_h=-1.203 KL=5.610 loss=-1.481 |g|=0.12
  [β=0.01 W=1] it99: r_task=-0.087 r_h=-1.093 KL=6.183 loss=-0.600 |g|=0.06
  [β=0.01 W=1] it100: r_task=+0.000 r_h=-0.987 KL=6.536 loss=+0.065 |g|=0.01
  [β=0.01 W=1] it101: r_task=-0.254 r_h=-1.250 KL=5.400 loss=-1.875 |g|=0.16
  [β=0.01 W=1] it102: r_task=-0.127 r_h=-1.122 KL=5.983 loss=-0.903 |g|=0.08
  [β=0.01 W=1] it103: r_task=-0.143 r_h=-1.074 KL=5.876 loss=-1.027 |g|=0.09
  [β=0.01 W=1] it104: r_task=+0.000 r_h=-0.987 KL=6.539 loss=+0.065 |g|=0.01
  [β=0.01 W=1] it105: r_task=-0.079 r_h=-1.087 KL=6.222 loss=-0.543 |g|=0.06
  [β=0.01 W=1] it106: r_task=-0.143 r_h=-1.074 KL=5.870 loss=-1.020 |g|=0.10
  [β=0.01 W=1] it107: r_task=-0.190 r_h=-1.194 KL=5.668 loss=-1.384 |g|=0.13
  [β=0.01 W=1] it108: r_task=+0.000 r_h=-0.987 KL=6.540 loss=+0.065 |g|=0.01
  [β=0.01 W=1] it109: r_task=-0.127 r_h=-1.123 KL=5.996 loss=-0.905 |g|=0.08
  [β=0.01 W=1] it110: r_task=-0.206 r_h=-1.227 KL=5.710 loss=-1.510 |g|=0.14
  [β=0.01 W=1] it111: r_task=-0.198 r_h=-1.212 KL=5.749 loss=-1.449 |g|=0.12
  [β=0.01 W=1] it112: r_task=-0.190 r_h=-1.194 KL=5.689 loss=-1.394 |g|=0.12
  [β=0.01 W=1] it113: r_task=-0.143 r_h=-1.074 KL=5.913 loss=-1.025 |g|=0.09
  [β=0.01 W=1] it114: r_task=-0.127 r_h=-1.122 KL=6.007 loss=-0.906 |g|=0.08
  [β=0.01 W=1] it115: r_task=-0.202 r_h=-1.203 KL=5.643 loss=-1.486 |g|=0.12
  [β=0.01 W=1] it116: r_task=+0.000 r_h=-0.987 KL=6.577 loss=+0.066 |g|=0.01
  [β=0.01 W=1] it117: r_task=-0.183 r_h=-1.211 KL=5.840 loss=-1.331 |g|=0.12
  [β=0.01 W=1] it118: r_task=-0.214 r_h=-1.231 KL=5.700 loss=-1.579 |g|=0.16
  [β=0.01 W=1] it119: r_task=-0.135 r_h=-1.123 KL=5.995 loss=-0.969 |g|=0.10
  [β=0.01 W=1] it120: r_task=+0.000 r_h=-0.987 KL=6.571 loss=+0.066 |g|=0.01
  [β=0.01 W=1] it121: r_task=-0.127 r_h=-1.120 KL=6.046 loss=-0.904 |g|=0.08
  [β=0.01 W=1] it122: r_task=-0.135 r_h=-1.128 KL=5.943 loss=-0.965 |g|=0.09
  [β=0.01 W=1] it123: r_task=+0.000 r_h=-0.987 KL=6.560 loss=+0.066 |g|=0.01
  [β=0.01 W=1] it124: r_task=-0.127 r_h=-1.122 KL=5.999 loss=-0.903 |g|=0.09
  [β=0.01 W=1] it125: r_task=-0.095 r_h=-1.095 KL=6.172 loss=-0.660 |g|=0.07
  [β=0.01 W=1] it126: r_task=+0.000 r_h=-0.987 KL=6.553 loss=+0.066 |g|=0.01
  [β=0.01 W=1] it127: r_task=-0.111 r_h=-1.112 KL=6.074 loss=-0.783 |g|=0.08
  [β=0.01 W=1] it128: r_task=+0.000 r_h=-0.987 KL=6.550 loss=+0.065 |g|=0.01
  [β=0.01 W=1] it129: r_task=-0.127 r_h=-1.123 KL=5.989 loss=-0.907 |g|=0.09
  [β=0.01 W=1] it130: r_task=+0.000 r_h=-0.987 KL=6.551 loss=+0.066 |g|=0.01
  [β=0.01 W=1] it131: r_task=-0.095 r_h=-1.097 KL=6.156 loss=-0.663 |g|=0.07
  [β=0.01 W=1] it132: r_task=-0.127 r_h=-1.120 KL=6.017 loss=-0.905 |g|=0.09
  [β=0.01 W=1] it133: r_task=-0.111 r_h=-1.107 KL=6.078 loss=-0.782 |g|=0.08
  [β=0.01 W=1] it134: r_task=-0.111 r_h=-1.108 KL=6.075 loss=-0.785 |g|=0.08
  [β=0.01 W=1] it135: r_task=-0.135 r_h=-1.133 KL=5.944 loss=-0.966 |g|=0.10
  [β=0.01 W=1] it136: r_task=-0.127 r_h=-1.123 KL=5.980 loss=-0.909 |g|=0.09
  [β=0.01 W=1] it137: r_task=-0.206 r_h=-1.225 KL=5.697 loss=-1.515 |g|=0.14
  [β=0.01 W=1] it138: r_task=-0.079 r_h=-1.093 KL=6.221 loss=-0.542 |g|=0.06
  [β=0.01 W=1] it139: r_task=+0.000 r_h=-0.987 KL=6.542 loss=+0.065 |g|=0.01
  [β=0.01 W=1] it140: r_task=+0.000 r_h=-0.987 KL=6.535 loss=+0.065 |g|=0.01
  [β=0.01 W=1] it141: r_task=-0.119 r_h=-1.108 KL=6.023 loss=-0.845 |g|=0.09
  [β=0.01 W=1] it142: r_task=-0.127 r_h=-1.122 KL=5.966 loss=-0.903 |g|=0.10
  [β=0.01 W=1] it143: r_task=-0.151 r_h=-1.195 KL=5.957 loss=-1.091 |g|=0.12
  [β=0.01 W=1] it144: r_task=-0.143 r_h=-1.074 KL=5.846 loss=-1.027 |g|=0.12
  [β=0.01 W=1] it145: r_task=-0.127 r_h=-1.122 KL=5.945 loss=-0.903 |g|=0.11
  [β=0.01 W=1] it146: r_task=+0.000 r_h=-0.987 KL=6.495 loss=+0.065 |g|=0.01
  [β=0.01 W=1] it147: r_task=-0.206 r_h=-1.208 KL=5.629 loss=-1.508 |g|=0.18
  [β=0.01 W=1] it148: r_task=-0.119 r_h=-1.117 KL=5.965 loss=-0.840 |g|=0.11
  [β=0.01 W=1] it149: r_task=-0.143 r_h=-1.074 KL=5.809 loss=-1.029 |g|=0.12
  [β=0.01 W=1] it150: r_task=-0.135 r_h=-1.128 KL=5.885 loss=-0.959 |g|=0.11
  [β=0.01 W=1] it151: r_task=-0.135 r_h=-1.123 KL=5.915 loss=-0.964 |g|=0.12
  [β=0.01 W=1] it152: r_task=+0.000 r_h=-0.987 KL=6.454 loss=+0.065 |g|=0.01
  [β=0.01 W=1] it153: r_task=-0.056 r_h=-1.078 KL=6.207 loss=-0.357 |g|=0.05
  [β=0.01 W=1] it154: r_task=-0.111 r_h=-1.107 KL=5.992 loss=-0.782 |g|=0.10
  [β=0.01 W=1] it155: r_task=-0.135 r_h=-1.123 KL=5.854 loss=-0.964 |g|=0.13
  [β=0.01 W=1] it156: r_task=+0.000 r_h=-0.987 KL=6.420 loss=+0.064 |g|=0.01
  [β=0.01 W=1] it157: r_task=-0.222 r_h=-1.245 KL=5.495 loss=-1.627 |g|=0.21
  [β=0.01 W=1] it158: r_task=+0.000 r_h=-0.987 KL=6.406 loss=+0.064 |g|=0.01
  [β=0.01 W=1] it159: r_task=-0.127 r_h=-1.123 KL=5.861 loss=-0.902 |g|=0.13
  [β=0.01 W=1] it160: r_task=-0.103 r_h=-1.104 KL=5.963 loss=-0.714 |g|=0.10
  [β=0.01 W=1] it161: r_task=-0.127 r_h=-1.123 KL=5.832 loss=-0.898 |g|=0.13
  [β=0.01 W=1] it162: r_task=-0.111 r_h=-1.112 KL=5.912 loss=-0.768 |g|=0.12
  [β=0.01 W=1] it163: r_task=-0.103 r_h=-1.104 KL=5.940 loss=-0.715 |g|=0.11
  [β=0.01 W=1] it164: r_task=+0.000 r_h=-0.987 KL=6.357 loss=+0.064 |g|=0.01
  [β=0.01 W=1] it165: r_task=+0.000 r_h=-0.987 KL=6.347 loss=+0.063 |g|=0.01
  [β=0.01 W=1] it166: r_task=+0.000 r_h=-0.987 KL=6.339 loss=+0.063 |g|=0.01
  [β=0.01 W=1] it167: r_task=-0.127 r_h=-1.122 KL=5.786 loss=-0.892 |g|=0.14
  [β=0.01 W=1] it168: r_task=-0.230 r_h=-1.234 KL=5.432 loss=-1.638 |g|=0.27
  [β=0.01 W=1] it169: r_task=-0.103 r_h=-1.109 KL=5.884 loss=-0.716 |g|=0.12
  [β=0.01 W=1] it170: r_task=-0.254 r_h=-1.248 KL=5.243 loss=-1.854 |g|=0.28
  [β=0.01 W=1] it171: r_task=-0.222 r_h=-1.230 KL=5.414 loss=-1.605 |g|=0.25
  [β=0.01 W=1] it172: r_task=-0.127 r_h=-1.123 KL=5.789 loss=-0.897 |g|=0.15
  [β=0.01 W=1] it173: r_task=-0.238 r_h=-1.246 KL=5.276 loss=-1.729 |g|=0.27
  [β=0.01 W=1] it174: r_task=-0.119 r_h=-1.121 KL=5.760 loss=-0.826 |g|=0.14
  [β=0.01 W=1] it175: r_task=-0.095 r_h=-1.102 KL=5.920 loss=-0.645 |g|=0.11
  [β=0.01 W=1] it176: r_task=-0.135 r_h=-1.128 KL=5.683 loss=-0.925 |g|=0.18
  [β=0.01 W=1] it177: r_task=-0.119 r_h=-1.108 KL=5.773 loss=-0.825 |g|=0.15
  [β=0.01 W=1] it178: r_task=-0.103 r_h=-1.109 KL=5.835 loss=-0.717 |g|=0.14
  [β=0.01 W=1] it179: r_task=-0.063 r_h=-1.090 KL=5.982 loss=-0.417 |g|=0.10
  [β=0.01 W=1] it180: r_task=-0.135 r_h=-1.128 KL=5.661 loss=-0.945 |g|=0.18
  [β=0.01 W=1] it181: r_task=+0.000 r_h=-0.987 KL=6.191 loss=+0.062 |g|=0.02
  [β=0.01 W=1] it182: r_task=-0.135 r_h=-1.134 KL=5.572 loss=-0.947 |g|=0.20
  [β=0.01 W=1] it183: r_task=-0.135 r_h=-1.134 KL=5.540 loss=-0.937 |g|=0.20
  [β=0.01 W=1] it184: r_task=-0.175 r_h=-1.199 KL=5.457 loss=-1.235 |g|=0.25
  [β=0.01 W=1] it185: r_task=-0.111 r_h=-1.107 KL=5.606 loss=-0.736 |g|=0.17
  [β=0.01 W=1] it186: r_task=-0.127 r_h=-1.122 KL=5.485 loss=-0.856 |g|=0.21
  [β=0.01 W=1] it187: r_task=-0.135 r_h=-1.133 KL=5.388 loss=-0.902 |g|=0.21
  [β=0.01 W=1] it188: r_task=-0.135 r_h=-1.128 KL=5.413 loss=-0.906 |g|=0.21
  [β=0.01 W=1] it189: r_task=-0.202 r_h=-1.203 KL=4.960 loss=-1.378 |g|=0.35
  [β=0.01 W=1] it190: r_task=-0.095 r_h=-1.097 KL=5.198 loss=-0.594 |g|=0.20
  [β=0.01 W=1] it191: r_task=-0.238 r_h=-1.246 KL=4.569 loss=-1.524 |g|=0.44
  [β=0.01 W=1] it192: r_task=-0.214 r_h=-1.211 KL=4.524 loss=-1.299 |g|=0.53
  [β=0.01 W=1] it193: r_task=-0.270 r_h=-1.267 KL=4.182 loss=-1.628 |g|=0.53
  [β=0.01 W=1] it194: r_task=-0.190 r_h=-1.194 KL=3.879 loss=-1.043 |g|=0.54
  [β=0.01 W=1] it195: r_task=-0.175 r_h=-1.208 KL=3.327 loss=-0.786 |g|=0.40
  [β=0.01 W=1] it196: r_task=-0.230 r_h=-1.241 KL=3.213 loss=-0.999 |g|=0.61
  [β=0.01 W=1] it197: r_task=-0.238 r_h=-1.237 KL=2.481 loss=-0.828 |g|=0.69
  [β=0.01 W=1] it198: r_task=-0.127 r_h=-1.086 KL=1.701 loss=-0.309 |g|=0.36
  [β=0.01 W=1] it199: r_task=-0.087 r_h=-1.097 KL=0.918 loss=-0.126 |g|=0.16
params changed (mean|Δw|)=7.17e-03 | finite=True | 258.9s (0.77 it/s)
VERDICT: M5b OK — faithful loop (exact per-agent Eq.5, differentiable), stable, π_θ updates
