/usr/local/lib/python3.11/dist-packages/torch/cuda/__init__.py:61: FutureWarning: The pynvml package is deprecated. Please install nvidia-ml-py instead. If you did not install pynvml directly, please report this to the maintainers of the package that installed pynvml for you.
  import pynvml  # type: ignore[import]
Gym has been unmaintained since 2022 and does not support NumPy 2.0 amongst other critical functionality.
Please upgrade to Gymnasium, the maintained drop-in replacement of Gym, or contact the authors of your software and request that they upgrade.
See the migration guide at https://gymnasium.farama.org/introduction/migration_guide/ for additional information.
2026-05-20 15:44:30.359183: I tensorflow/core/util/port.cc:153] oneDNN custom operations are on. You may see slightly different numerical results due to floating-point round-off errors from different computation orders. To turn them off, set the environment variable `TF_ENABLE_ONEDNN_OPTS=0`.
2026-05-20 15:44:30.366609: E external/local_xla/xla/stream_executor/cuda/cuda_fft.cc:467] Unable to register cuFFT factory: Attempting to register factory for plugin cuFFT when one has already been registered
WARNING: All log messages before absl::InitializeLog() is called are written to STDERR
E0000 00:00:1779291870.375049    2045 cuda_dnn.cc:8579] Unable to register cuDNN factory: Attempting to register factory for plugin cuDNN when one has already been registered
E0000 00:00:1779291870.377710    2045 cuda_blas.cc:1407] Unable to register cuBLAS factory: Attempting to register factory for plugin cuBLAS when one has already been registered
W0000 00:00:1779291870.385110    2045 computation_placer.cc:177] computation placer already registered. Please check linkage and avoid linking the same target more than once.
W0000 00:00:1779291870.385119    2045 computation_placer.cc:177] computation placer already registered. Please check linkage and avoid linking the same target more than once.
W0000 00:00:1779291870.385121    2045 computation_placer.cc:177] computation placer already registered. Please check linkage and avoid linking the same target more than once.
W0000 00:00:1779291870.385122    2045 computation_placer.cc:177] computation placer already registered. Please check linkage and avoid linking the same target more than once.
2026-05-20 15:44:30.387335: I tensorflow/core/platform/cpu_feature_guard.cc:210] This TensorFlow binary is optimized to use available CPU instructions in performance-critical operations.
To enable the following instructions: AVX2 AVX512F AVX512_VNNI AVX512_BF16 FMA, in other operations, rebuild TensorFlow with the appropriate compiler flags.
M5b faithful run: iters=200 scenes=64 worlds=32 α=0.0 β=0.1 (exact per-agent KL, differentiable)
Initialization finished
  [β=0.1 W=32] it00: r_task=-0.054 r_h=-0.664 KL=5.659 loss=+0.151 |g|=0.01
  [β=0.1 W=32] it01: r_task=-0.076 r_h=-0.662 KL=5.632 loss=-0.018 |g|=0.03
  [β=0.1 W=32] it02: r_task=-0.069 r_h=-0.668 KL=5.560 loss=+0.027 |g|=0.05
  [β=0.1 W=32] it03: r_task=-0.084 r_h=-0.662 KL=5.569 loss=-0.080 |g|=0.07
  [β=0.1 W=32] it04: r_task=-0.081 r_h=-0.674 KL=5.575 loss=-0.058 |g|=0.10
  [β=0.1 W=32] it05: r_task=-0.079 r_h=-0.663 KL=5.576 loss=-0.048 |g|=0.12
  [β=0.1 W=32] it06: r_task=-0.054 r_h=-0.663 KL=5.537 loss=+0.144 |g|=0.14
  [β=0.1 W=32] it07: r_task=-0.040 r_h=-0.675 KL=5.518 loss=+0.245 |g|=0.15
  [β=0.1 W=32] it08: r_task=-0.068 r_h=-0.662 KL=5.490 loss=+0.032 |g|=0.17
  [β=0.1 W=32] it09: r_task=-0.081 r_h=-0.657 KL=5.459 loss=-0.068 |g|=0.17
  [β=0.1 W=32] it10: r_task=-0.070 r_h=-0.660 KL=5.414 loss=+0.011 |g|=0.18
  [β=0.1 W=32] it11: r_task=-0.079 r_h=-0.670 KL=5.381 loss=-0.060 |g|=0.17
  [β=0.1 W=32] it12: r_task=-0.073 r_h=-0.661 KL=5.366 loss=-0.019 |g|=0.17
  [β=0.1 W=32] it13: r_task=-0.108 r_h=-0.682 KL=5.252 loss=-0.296 |g|=0.17
  [β=0.1 W=32] it14: r_task=-0.044 r_h=-0.664 KL=5.262 loss=+0.193 |g|=0.16
  [β=0.1 W=32] it15: r_task=-0.057 r_h=-0.674 KL=5.182 loss=+0.085 |g|=0.16
  [β=0.1 W=32] it16: r_task=-0.073 r_h=-0.669 KL=5.213 loss=-0.030 |g|=0.15
  [β=0.1 W=32] it17: r_task=-0.084 r_h=-0.670 KL=5.122 loss=-0.119 |g|=0.15
  [β=0.1 W=32] it18: r_task=-0.068 r_h=-0.667 KL=5.083 loss=-0.005 |g|=0.15
  [β=0.1 W=32] it19: r_task=-0.056 r_h=-0.672 KL=5.035 loss=+0.088 |g|=0.14
  [β=0.1 W=32] it20: r_task=-0.078 r_h=-0.666 KL=4.980 loss=-0.087 |g|=0.14
  [β=0.1 W=32] it21: r_task=-0.059 r_h=-0.660 KL=4.912 loss=+0.052 |g|=0.13
  [β=0.1 W=32] it22: r_task=-0.065 r_h=-0.670 KL=4.836 loss=+0.006 |g|=0.13
  [β=0.1 W=32] it23: r_task=-0.078 r_h=-0.674 KL=4.775 loss=-0.090 |g|=0.13
  [β=0.1 W=32] it24: r_task=-0.047 r_h=-0.670 KL=4.758 loss=+0.135 |g|=0.12
  [β=0.1 W=32] it25: r_task=-0.096 r_h=-0.669 KL=4.721 loss=-0.218 |g|=0.13
  [β=0.1 W=32] it26: r_task=-0.067 r_h=-0.654 KL=4.625 loss=-0.020 |g|=0.14
  [β=0.1 W=32] it27: r_task=-0.055 r_h=-0.685 KL=4.575 loss=+0.067 |g|=0.14
  [β=0.1 W=32] it28: r_task=-0.041 r_h=-0.663 KL=4.541 loss=+0.167 |g|=0.14
  [β=0.1 W=32] it29: r_task=-0.072 r_h=-0.659 KL=4.447 loss=-0.057 |g|=0.16
  [β=0.1 W=32] it30: r_task=-0.077 r_h=-0.653 KL=4.402 loss=-0.088 |g|=0.17
  [β=0.1 W=32] it31: r_task=-0.080 r_h=-0.672 KL=4.284 loss=-0.112 |g|=0.19
  [β=0.1 W=32] it32: r_task=-0.070 r_h=-0.666 KL=4.213 loss=-0.043 |g|=0.20
  [β=0.1 W=32] it33: r_task=-0.044 r_h=-0.666 KL=4.190 loss=+0.134 |g|=0.22
  [β=0.1 W=32] it34: r_task=-0.033 r_h=-0.649 KL=4.054 loss=+0.198 |g|=0.24
  [β=0.1 W=32] it35: r_task=-0.065 r_h=-0.663 KL=3.998 loss=-0.001 |g|=0.26
  [β=0.1 W=32] it36: r_task=-0.090 r_h=-0.660 KL=3.967 loss=-0.150 |g|=0.30
  [β=0.1 W=32] it37: r_task=-0.070 r_h=-0.670 KL=3.816 loss=-0.032 |g|=0.34
  [β=0.1 W=32] it38: r_task=-0.089 r_h=-0.662 KL=3.746 loss=-0.141 |g|=0.38
  [β=0.1 W=32] it39: r_task=-0.072 r_h=-0.653 KL=3.651 loss=-0.034 |g|=0.43
  [β=0.1 W=32] it40: r_task=-0.062 r_h=-0.653 KL=3.525 loss=+0.022 |g|=0.47
  [β=0.1 W=32] it41: r_task=-0.085 r_h=-0.659 KL=3.459 loss=-0.091 |g|=0.55
  [β=0.1 W=32] it42: r_task=-0.101 r_h=-0.652 KL=3.435 loss=-0.159 |g|=0.61
  [β=0.1 W=32] it43: r_task=-0.071 r_h=-0.654 KL=3.290 loss=-0.009 |g|=0.67
  [β=0.1 W=32] it44: r_task=-0.081 r_h=-0.665 KL=3.167 loss=-0.050 |g|=0.74
  [β=0.1 W=32] it45: r_task=-0.066 r_h=-0.683 KL=3.056 loss=+0.017 |g|=0.79
  [β=0.1 W=32] it46: r_task=-0.077 r_h=-0.668 KL=2.939 loss=-0.027 |g|=0.91
  [β=0.1 W=32] it47: r_task=-0.086 r_h=-0.671 KL=2.811 loss=-0.060 |g|=0.98
  [β=0.1 W=32] it48: r_task=-0.087 r_h=-0.662 KL=2.745 loss=-0.058 |g|=1.10
  [β=0.1 W=32] it49: r_task=-0.093 r_h=-0.657 KL=2.622 loss=-0.075 |g|=1.21
  [β=0.1 W=32] it50: r_task=-0.081 r_h=-0.666 KL=2.490 loss=-0.022 |g|=1.27
  [β=0.1 W=32] it51: r_task=-0.089 r_h=-0.670 KL=2.390 loss=-0.043 |g|=1.29
  [β=0.1 W=32] it52: r_task=-0.085 r_h=-0.665 KL=2.296 loss=-0.015 |g|=1.26
  [β=0.1 W=32] it53: r_task=-0.080 r_h=-0.677 KL=2.191 loss=+0.007 |g|=1.18
  [β=0.1 W=32] it54: r_task=-0.103 r_h=-0.671 KL=2.094 loss=-0.046 |g|=1.05
  [β=0.1 W=32] it55: r_task=-0.064 r_h=-0.668 KL=2.048 loss=+0.062 |g|=0.84
  [β=0.1 W=32] it56: r_task=-0.104 r_h=-0.664 KL=1.945 loss=-0.016 |g|=0.76
  [β=0.1 W=32] it57: r_task=-0.109 r_h=-0.676 KL=1.973 loss=-0.003 |g|=0.86
  [β=0.1 W=32] it58: r_task=-0.065 r_h=-0.684 KL=2.009 loss=+0.095 |g|=0.93
  [β=0.1 W=32] it59: r_task=-0.086 r_h=-0.675 KL=1.953 loss=+0.064 |g|=0.99
  [β=0.1 W=32] it60: r_task=-0.112 r_h=-0.665 KL=1.839 loss=+0.022 |g|=1.02
  [β=0.1 W=32] it61: r_task=-0.078 r_h=-0.662 KL=1.907 loss=+0.083 |g|=1.05
  [β=0.1 W=32] it62: r_task=-0.111 r_h=-0.674 KL=1.848 loss=+0.041 |g|=1.09
  [β=0.1 W=32] it63: r_task=-0.112 r_h=-0.670 KL=1.817 loss=+0.033 |g|=0.97
  [β=0.1 W=32] it64: r_task=-0.073 r_h=-0.679 KL=1.799 loss=+0.086 |g|=1.02
  [β=0.1 W=32] it65: r_task=-0.091 r_h=-0.675 KL=1.773 loss=+0.056 |g|=0.96
  [β=0.1 W=32] it66: r_task=-0.101 r_h=-0.659 KL=1.570 loss=+0.023 |g|=0.95
  [β=0.1 W=32] it67: r_task=-0.096 r_h=-0.682 KL=1.562 loss=+0.028 |g|=0.85
  [β=0.1 W=32] it68: r_task=-0.093 r_h=-0.663 KL=1.411 loss=+0.014 |g|=0.76
  [β=0.1 W=32] it69: r_task=-0.072 r_h=-0.665 KL=1.514 loss=+0.056 |g|=0.65
  [β=0.1 W=32] it70: r_task=-0.073 r_h=-0.658 KL=1.494 loss=+0.047 |g|=0.59
  [β=0.1 W=32] it71: r_task=-0.061 r_h=-0.654 KL=1.342 loss=+0.047 |g|=0.56
  [β=0.1 W=32] it72: r_task=-0.077 r_h=-0.661 KL=1.385 loss=+0.028 |g|=0.54
  [β=0.1 W=32] it73: r_task=-0.080 r_h=-0.670 KL=1.117 loss=+0.000 |g|=0.41
  [β=0.1 W=32] it74: r_task=-0.087 r_h=-0.665 KL=1.242 loss=-0.008 |g|=0.44
  [β=0.1 W=32] it75: r_task=-0.054 r_h=-0.663 KL=1.210 loss=+0.039 |g|=0.39
  [β=0.1 W=32] it76: r_task=-0.070 r_h=-0.667 KL=1.211 loss=+0.014 |g|=0.46
  [β=0.1 W=32] it77: r_task=-0.084 r_h=-0.679 KL=1.103 loss=-0.029 |g|=0.31
  [β=0.1 W=32] it78: r_task=-0.055 r_h=-0.650 KL=1.082 loss=+0.009 |g|=0.30
  [β=0.1 W=32] it79: r_task=-0.068 r_h=-0.674 KL=1.152 loss=-0.006 |g|=0.30
  [β=0.1 W=32] it80: r_task=-0.055 r_h=-0.662 KL=1.029 loss=+0.005 |g|=0.29
  [β=0.1 W=32] it81: r_task=-0.078 r_h=-0.672 KL=1.164 loss=-0.026 |g|=0.25
  [β=0.1 W=32] it82: r_task=-0.083 r_h=-0.676 KL=1.177 loss=-0.038 |g|=0.26
  [β=0.1 W=32] it83: r_task=-0.060 r_h=-0.669 KL=1.113 loss=-0.003 |g|=0.19
  [β=0.1 W=32] it84: r_task=-0.088 r_h=-0.661 KL=0.929 loss=-0.072 |g|=0.30
  [β=0.1 W=32] it85: r_task=-0.089 r_h=-0.661 KL=1.080 loss=-0.058 |g|=0.24
  [β=0.1 W=32] it86: r_task=-0.073 r_h=-0.666 KL=1.129 loss=-0.029 |g|=0.21
  [β=0.1 W=32] it87: r_task=-0.073 r_h=-0.675 KL=1.081 loss=-0.032 |g|=0.17
  [β=0.1 W=32] it88: r_task=-0.042 r_h=-0.661 KL=1.092 loss=+0.032 |g|=0.22
  [β=0.1 W=32] it89: r_task=-0.065 r_h=-0.670 KL=1.034 loss=-0.014 |g|=0.21
  [β=0.1 W=32] it90: r_task=-0.084 r_h=-0.678 KL=1.039 loss=-0.052 |g|=0.22
  [β=0.1 W=32] it91: r_task=-0.079 r_h=-0.678 KL=1.051 loss=-0.045 |g|=0.26
  [β=0.1 W=32] it92: r_task=-0.055 r_h=-0.665 KL=0.930 loss=+0.001 |g|=0.22
  [β=0.1 W=32] it93: r_task=-0.080 r_h=-0.666 KL=0.992 loss=-0.042 |g|=0.14
  [β=0.1 W=32] it94: r_task=-0.086 r_h=-0.677 KL=0.868 loss=-0.067 |g|=0.22
  [β=0.1 W=32] it95: r_task=-0.095 r_h=-0.666 KL=0.916 loss=-0.069 |g|=0.24
  [β=0.1 W=32] it96: r_task=-0.069 r_h=-0.666 KL=0.925 loss=-0.024 |g|=0.20
  [β=0.1 W=32] it97: r_task=-0.088 r_h=-0.674 KL=1.013 loss=-0.040 |g|=0.20
  [β=0.1 W=32] it98: r_task=-0.082 r_h=-0.674 KL=0.912 loss=-0.043 |g|=0.17
  [β=0.1 W=32] it99: r_task=-0.071 r_h=-0.670 KL=0.891 loss=-0.026 |g|=0.17
  [β=0.1 W=32] it100: r_task=-0.085 r_h=-0.662 KL=1.055 loss=-0.045 |g|=0.24
  [β=0.1 W=32] it101: r_task=-0.069 r_h=-0.677 KL=0.991 loss=-0.022 |g|=0.20
  [β=0.1 W=32] it102: r_task=-0.064 r_h=-0.665 KL=0.928 loss=-0.023 |g|=0.14
  [β=0.1 W=32] it103: r_task=-0.055 r_h=-0.674 KL=0.940 loss=+0.001 |g|=0.14
  [β=0.1 W=32] it104: r_task=-0.068 r_h=-0.668 KL=0.989 loss=-0.019 |g|=0.14
  [β=0.1 W=32] it105: r_task=-0.063 r_h=-0.675 KL=0.990 loss=-0.015 |g|=0.17
  [β=0.1 W=32] it106: r_task=-0.098 r_h=-0.662 KL=0.947 loss=-0.067 |g|=0.18
  [β=0.1 W=32] it107: r_task=-0.076 r_h=-0.672 KL=1.002 loss=-0.028 |g|=0.18
  [β=0.1 W=32] it108: r_task=-0.079 r_h=-0.654 KL=0.923 loss=-0.039 |g|=0.21
  [β=0.1 W=32] it109: r_task=-0.053 r_h=-0.654 KL=1.026 loss=+0.014 |g|=0.16
  [β=0.1 W=32] it110: r_task=-0.107 r_h=-0.672 KL=0.923 loss=-0.086 |g|=0.17
  [β=0.1 W=32] it111: r_task=-0.068 r_h=-0.671 KL=0.961 loss=-0.015 |g|=0.12
  [β=0.1 W=32] it112: r_task=-0.039 r_h=-0.641 KL=0.976 loss=+0.039 |g|=0.13
  [β=0.1 W=32] it113: r_task=-0.074 r_h=-0.675 KL=0.923 loss=-0.034 |g|=0.23
  [β=0.1 W=32] it114: r_task=-0.063 r_h=-0.652 KL=0.811 loss=-0.027 |g|=0.24
  [β=0.1 W=32] it115: r_task=-0.059 r_h=-0.660 KL=0.960 loss=-0.004 |g|=0.12
  [β=0.1 W=32] it116: r_task=-0.046 r_h=-0.677 KL=0.882 loss=+0.017 |g|=0.16
  [β=0.1 W=32] it117: r_task=-0.055 r_h=-0.662 KL=0.904 loss=-0.000 |g|=0.25
  [β=0.1 W=32] it118: r_task=-0.056 r_h=-0.670 KL=1.022 loss=+0.014 |g|=0.12
  [β=0.1 W=32] it119: r_task=-0.068 r_h=-0.671 KL=0.876 loss=-0.013 |g|=0.13
  [β=0.1 W=32] it120: r_task=-0.032 r_h=-0.665 KL=0.979 loss=+0.048 |g|=0.27
  [β=0.1 W=32] it121: r_task=-0.078 r_h=-0.664 KL=0.897 loss=-0.020 |g|=0.11
  [β=0.1 W=32] it122: r_task=-0.069 r_h=-0.650 KL=0.747 loss=-0.021 |g|=0.12
  [β=0.1 W=32] it123: r_task=-0.064 r_h=-0.667 KL=0.959 loss=+0.004 |g|=0.13
  [β=0.1 W=32] it124: r_task=-0.058 r_h=-0.657 KL=0.862 loss=+0.000 |g|=0.23
  [β=0.1 W=32] it125: r_task=-0.055 r_h=-0.666 KL=0.822 loss=+0.001 |g|=0.20
  [β=0.1 W=32] it126: r_task=-0.082 r_h=-0.663 KL=1.032 loss=-0.013 |g|=0.24
  [β=0.1 W=32] it127: r_task=-0.056 r_h=-0.655 KL=0.844 loss=+0.004 |g|=0.19
  [β=0.1 W=32] it128: r_task=-0.079 r_h=-0.670 KL=1.019 loss=-0.002 |g|=0.14
  [β=0.1 W=32] it129: r_task=-0.066 r_h=-0.680 KL=1.120 loss=+0.017 |g|=0.27
  [β=0.1 W=32] it130: r_task=-0.053 r_h=-0.665 KL=0.744 loss=-0.007 |g|=0.19
  [β=0.1 W=32] it131: r_task=-0.052 r_h=-0.667 KL=0.944 loss=+0.021 |g|=0.12
  [β=0.1 W=32] it132: r_task=-0.055 r_h=-0.677 KL=0.944 loss=+0.016 |g|=0.17
  [β=0.1 W=32] it133: r_task=-0.057 r_h=-0.651 KL=0.884 loss=+0.005 |g|=0.27
  [β=0.1 W=32] it134: r_task=-0.065 r_h=-0.674 KL=0.753 loss=-0.016 |g|=0.19
  [β=0.1 W=32] it135: r_task=-0.062 r_h=-0.663 KL=0.812 loss=-0.010 |g|=0.09
  [β=0.1 W=32] it136: r_task=-0.049 r_h=-0.653 KL=0.732 loss=+0.005 |g|=0.24
  [β=0.1 W=32] it137: r_task=-0.053 r_h=-0.664 KL=0.760 loss=+0.003 |g|=0.12
  [β=0.1 W=32] it138: r_task=-0.054 r_h=-0.666 KL=0.946 loss=+0.022 |g|=0.12
  [β=0.1 W=32] it139: r_task=-0.023 r_h=-0.666 KL=0.781 loss=+0.045 |g|=0.09
  [β=0.1 W=32] it140: r_task=-0.059 r_h=-0.647 KL=0.830 loss=+0.004 |g|=0.11
  [β=0.1 W=32] it141: r_task=-0.062 r_h=-0.669 KL=0.769 loss=-0.013 |g|=0.22
  [β=0.1 W=32] it142: r_task=-0.051 r_h=-0.661 KL=0.788 loss=+0.010 |g|=0.13
  [β=0.1 W=32] it143: r_task=-0.060 r_h=-0.663 KL=0.778 loss=-0.002 |g|=0.19
  [β=0.1 W=32] it144: r_task=-0.089 r_h=-0.659 KL=0.777 loss=-0.038 |g|=0.15
  [β=0.1 W=32] it145: r_task=-0.087 r_h=-0.667 KL=0.774 loss=-0.040 |g|=0.13
  [β=0.1 W=32] it146: r_task=-0.070 r_h=-0.672 KL=0.714 loss=-0.025 |g|=0.11
  [β=0.1 W=32] it147: r_task=-0.075 r_h=-0.647 KL=0.704 loss=-0.031 |g|=0.10
  [β=0.1 W=32] it148: r_task=-0.067 r_h=-0.666 KL=0.890 loss=-0.004 |g|=0.20
  [β=0.1 W=32] it149: r_task=-0.056 r_h=-0.669 KL=0.877 loss=+0.017 |g|=0.09
  [β=0.1 W=32] it150: r_task=-0.052 r_h=-0.671 KL=0.981 loss=+0.025 |g|=0.13
  [β=0.1 W=32] it151: r_task=-0.046 r_h=-0.662 KL=0.946 loss=+0.035 |g|=0.16
  [β=0.1 W=32] it152: r_task=-0.043 r_h=-0.666 KL=0.757 loss=+0.014 |g|=0.13
  [β=0.1 W=32] it153: r_task=-0.046 r_h=-0.657 KL=0.922 loss=+0.029 |g|=0.07
  [β=0.1 W=32] it154: r_task=-0.051 r_h=-0.663 KL=0.884 loss=+0.020 |g|=0.21
  [β=0.1 W=32] it155: r_task=-0.062 r_h=-0.657 KL=0.948 loss=+0.012 |g|=0.09
  [β=0.1 W=32] it156: r_task=-0.054 r_h=-0.652 KL=0.717 loss=+0.002 |g|=0.13
  [β=0.1 W=32] it157: r_task=-0.025 r_h=-0.660 KL=0.999 loss=+0.064 |g|=0.25
  [β=0.1 W=32] it158: r_task=-0.085 r_h=-0.666 KL=0.897 loss=-0.019 |g|=0.26
  [β=0.1 W=32] it159: r_task=-0.052 r_h=-0.658 KL=0.928 loss=+0.023 |g|=0.08
  [β=0.1 W=32] it160: r_task=-0.037 r_h=-0.660 KL=0.928 loss=+0.040 |g|=0.06
  [β=0.1 W=32] it161: r_task=-0.059 r_h=-0.672 KL=0.947 loss=+0.015 |g|=0.09
  [β=0.1 W=32] it162: r_task=-0.040 r_h=-0.661 KL=0.828 loss=+0.028 |g|=0.14
  [β=0.1 W=32] it163: r_task=-0.067 r_h=-0.681 KL=1.023 loss=+0.006 |g|=0.18
  [β=0.1 W=32] it164: r_task=-0.056 r_h=-0.669 KL=0.905 loss=+0.004 |g|=0.10
  [β=0.1 W=32] it165: r_task=-0.048 r_h=-0.652 KL=0.914 loss=+0.024 |g|=0.13
  [β=0.1 W=32] it166: r_task=-0.056 r_h=-0.649 KL=1.039 loss=+0.021 |g|=0.20
  [β=0.1 W=32] it167: r_task=-0.064 r_h=-0.680 KL=0.818 loss=-0.012 |g|=0.09
  [β=0.1 W=32] it168: r_task=-0.055 r_h=-0.667 KL=0.925 loss=+0.014 |g|=0.23
  [β=0.1 W=32] it169: r_task=-0.055 r_h=-0.671 KL=1.020 loss=+0.026 |g|=0.07
  [β=0.1 W=32] it170: r_task=-0.060 r_h=-0.672 KL=0.897 loss=+0.004 |g|=0.15
  [β=0.1 W=32] it171: r_task=-0.067 r_h=-0.655 KL=0.923 loss=-0.004 |g|=0.15
  [β=0.1 W=32] it172: r_task=-0.091 r_h=-0.645 KL=0.796 loss=-0.044 |g|=0.26
  [β=0.1 W=32] it173: r_task=-0.113 r_h=-0.676 KL=0.930 loss=-0.080 |g|=0.23
  [β=0.1 W=32] it174: r_task=-0.031 r_h=-0.653 KL=0.745 loss=+0.028 |g|=0.17
  [β=0.1 W=32] it175: r_task=-0.050 r_h=-0.662 KL=0.853 loss=+0.015 |g|=0.22
  [β=0.1 W=32] it176: r_task=-0.051 r_h=-0.668 KL=0.922 loss=+0.020 |g|=0.16
  [β=0.1 W=32] it177: r_task=-0.054 r_h=-0.663 KL=1.196 loss=+0.046 |g|=0.11
  [β=0.1 W=32] it178: r_task=-0.078 r_h=-0.669 KL=0.893 loss=-0.018 |g|=0.09
  [β=0.1 W=32] it179: r_task=-0.059 r_h=-0.667 KL=1.027 loss=+0.024 |g|=0.12
  [β=0.1 W=32] it180: r_task=-0.073 r_h=-0.663 KL=1.080 loss=+0.006 |g|=0.18
  [β=0.1 W=32] it181: r_task=-0.099 r_h=-0.676 KL=0.874 loss=-0.046 |g|=0.09
  [β=0.1 W=32] it182: r_task=-0.036 r_h=-0.666 KL=0.760 loss=+0.026 |g|=0.16
  [β=0.1 W=32] it183: r_task=-0.051 r_h=-0.656 KL=1.011 loss=+0.031 |g|=0.23
  [β=0.1 W=32] it184: r_task=-0.036 r_h=-0.667 KL=0.875 loss=+0.035 |g|=0.17
  [β=0.1 W=32] it185: r_task=-0.073 r_h=-0.672 KL=0.845 loss=-0.023 |g|=0.09
  [β=0.1 W=32] it186: r_task=-0.047 r_h=-0.673 KL=1.010 loss=+0.037 |g|=0.20
  [β=0.1 W=32] it187: r_task=-0.067 r_h=-0.677 KL=0.934 loss=+0.006 |g|=0.15
  [β=0.1 W=32] it188: r_task=-0.067 r_h=-0.674 KL=0.825 loss=-0.010 |g|=0.11
  [β=0.1 W=32] it189: r_task=-0.028 r_h=-0.665 KL=1.072 loss=+0.064 |g|=0.20
  [β=0.1 W=32] it190: r_task=-0.065 r_h=-0.661 KL=0.965 loss=+0.004 |g|=0.20
  [β=0.1 W=32] it191: r_task=-0.053 r_h=-0.675 KL=1.054 loss=+0.032 |g|=0.18
  [β=0.1 W=32] it192: r_task=-0.064 r_h=-0.658 KL=0.787 loss=-0.009 |g|=0.20
  [β=0.1 W=32] it193: r_task=-0.082 r_h=-0.669 KL=0.910 loss=-0.021 |g|=0.14
  [β=0.1 W=32] it194: r_task=-0.065 r_h=-0.661 KL=0.974 loss=+0.004 |g|=0.16
  [β=0.1 W=32] it195: r_task=-0.052 r_h=-0.660 KL=0.945 loss=+0.019 |g|=0.10
  [β=0.1 W=32] it196: r_task=-0.052 r_h=-0.672 KL=1.012 loss=+0.027 |g|=0.22
  [β=0.1 W=32] it197: r_task=-0.065 r_h=-0.666 KL=0.795 loss=-0.009 |g|=0.17
  [β=0.1 W=32] it198: r_task=-0.066 r_h=-0.668 KL=0.766 loss=-0.015 |g|=0.13
  [β=0.1 W=32] it199: r_task=-0.076 r_h=-0.669 KL=1.082 loss=+0.002 |g|=0.14
params changed (mean|Δw|)=7.31e-03 | finite=True | 1394.3s (0.14 it/s)
VERDICT: M5b OK — faithful loop (exact per-agent Eq.5, differentiable), stable, π_θ updates
